2019/12/18 11:30:13 [error] [exception.CHttpException.404] CHttpException: Unable to find the code you requested. in /var/www/akbiz.loc/yii-1.1.21/gii/CCodeGenerator.php:90
Stack trace:
#0 /var/www/akbiz.loc/yii-1.1.21/web/actions/CInlineAction.php(49): CCodeGenerator->actionCode()
#1 /var/www/akbiz.loc/yii-1.1.21/web/CController.php(308): CInlineAction->runWithParams(Array)
#2 /var/www/akbiz.loc/yii-1.1.21/web/CController.php(286): CController->runAction(Object(CInlineAction))
#3 /var/www/akbiz.loc/yii-1.1.21/web/CController.php(265): CController->runActionWithFilters(Object(CInlineAction), Array)
#4 /var/www/akbiz.loc/yii-1.1.21/web/CWebApplication.php(282): CController->run('code')
#5 /var/www/akbiz.loc/yii-1.1.21/web/CWebApplication.php(141): CWebApplication->runController('gii/model/code')
#6 /var/www/akbiz.loc/yii-1.1.21/base/CApplication.php(185): CWebApplication->processRequest()
#7 /var/www/test.loc/index.php(13): CApplication->run()
#8 {main}
REQUEST_URI=/index.php?r=gii/model/code&id=0
HTTP_REFERER=http://test.loc/index.php?r=gii/model/index
---
2019/12/18 11:50:21 [error] [exception.CHttpException.404] CHttpException: Unable to resolve the request "post". in /var/www/test.loc/yii-1.1.21/web/CWebApplication.php:286
Stack trace:
#0 /var/www/test.loc/yii-1.1.21/web/CWebApplication.php(141): CWebApplication->runController('post')
#1 /var/www/test.loc/yii-1.1.21/base/CApplication.php(185): CWebApplication->processRequest()
#2 /var/www/test.loc/index.php(13): CApplication->run()
#3 {main}
REQUEST_URI=/index.php?r=post
---
2019/12/18 17:25:37 [error] [exception.ParseError] ParseError: syntax error, unexpected '$private' (T_VARIABLE), expecting function (T_FUNCTION) or const (T_CONST) in /var/www/test.loc/protected/components/UserIdentity.php:10
Stack trace:
#0 [internal function]: YiiBase::autoload('UserIdentity')
#1 /var/www/test.loc/protected/models/LoginForm.php(53): spl_autoload_call('UserIdentity')
#2 /var/www/test.loc/yii-1.1.21/validators/CInlineValidator.php(42): LoginForm->authenticate('password', Array)
#3 /var/www/test.loc/yii-1.1.21/validators/CValidator.php(201): CInlineValidator->validateAttribute(Object(LoginForm), 'password')
#4 /var/www/test.loc/yii-1.1.21/base/CModel.php(159): CValidator->validate(Object(LoginForm), Array)
#5 /var/www/test.loc/protected/controllers/SiteController.php(97): CModel->validate()
#6 /var/www/test.loc/yii-1.1.21/web/actions/CInlineAction.php(49): SiteController->actionLogin()
#7 /var/www/test.loc/yii-1.1.21/web/CController.php(308): CInlineAction->runWithParams(Array)
#8 /var/www/test.loc/yii-1.1.21/web/CController.php(286): CController->runAction(Object(CInlineAction))
#9 /var/www/test.loc/yii-1.1.21/web/CController.php(265): CController->runActionWithFilters(Object(CInlineAction), Array)
#10 /var/www/test.loc/yii-1.1.21/web/CWebApplication.php(282): CController->run('login')
#11 /var/www/test.loc/yii-1.1.21/web/CWebApplication.php(141): CWebApplication->runController('site/login')
#12 /var/www/test.loc/yii-1.1.21/base/CApplication.php(185): CWebApplication->processRequest()
#13 /var/www/test.loc/index.php(13): CApplication->run()
#14 {main}
REQUEST_URI=/index.php?r=site/login
HTTP_REFERER=http://test.loc/index.php?r=site/login
---
2019/12/18 17:25:58 [error] [exception.ParseError] ParseError: syntax error, unexpected '$this' (T_VARIABLE) in /var/www/test.loc/protected/components/UserIdentity.php:18
Stack trace:
#0 [internal function]: YiiBase::autoload('UserIdentity')
#1 /var/www/test.loc/protected/models/LoginForm.php(53): spl_autoload_call('UserIdentity')
#2 /var/www/test.loc/yii-1.1.21/validators/CInlineValidator.php(42): LoginForm->authenticate('password', Array)
#3 /var/www/test.loc/yii-1.1.21/validators/CValidator.php(201): CInlineValidator->validateAttribute(Object(LoginForm), 'password')
#4 /var/www/test.loc/yii-1.1.21/base/CModel.php(159): CValidator->validate(Object(LoginForm), Array)
#5 /var/www/test.loc/protected/controllers/SiteController.php(97): CModel->validate()
#6 /var/www/test.loc/yii-1.1.21/web/actions/CInlineAction.php(49): SiteController->actionLogin()
#7 /var/www/test.loc/yii-1.1.21/web/CController.php(308): CInlineAction->runWithParams(Array)
#8 /var/www/test.loc/yii-1.1.21/web/CController.php(286): CController->runAction(Object(CInlineAction))
#9 /var/www/test.loc/yii-1.1.21/web/CController.php(265): CController->runActionWithFilters(Object(CInlineAction), Array)
#10 /var/www/test.loc/yii-1.1.21/web/CWebApplication.php(282): CController->run('login')
#11 /var/www/test.loc/yii-1.1.21/web/CWebApplication.php(141): CWebApplication->runController('site/login')
#12 /var/www/test.loc/yii-1.1.21/base/CApplication.php(185): CWebApplication->processRequest()
#13 /var/www/test.loc/index.php(13): CApplication->run()
#14 {main}
REQUEST_URI=/index.php?r=site/login
HTTP_REFERER=http://test.loc/index.php?r=site/login
---
2019/12/19 12:55:55 [error] [exception.ParseError] ParseError: syntax error, unexpected '$identity' (T_VARIABLE), expecting function (T_FUNCTION) or const (T_CONST) in /var/www/test.loc/protected/models/LoginForm.php:16
Stack trace:
#0 [internal function]: YiiBase::autoload('LoginForm')
#1 /var/www/test.loc/protected/controllers/SiteController.php(83): spl_autoload_call('LoginForm')
#2 /var/www/test.loc/yii-1.1.21/web/actions/CInlineAction.php(49): SiteController->actionLogin()
#3 /var/www/test.loc/yii-1.1.21/web/CController.php(308): CInlineAction->runWithParams(Array)
#4 /var/www/test.loc/yii-1.1.21/web/CController.php(286): CController->runAction(Object(CInlineAction))
#5 /var/www/test.loc/yii-1.1.21/web/CController.php(265): CController->runActionWithFilters(Object(CInlineAction), Array)
#6 /var/www/test.loc/yii-1.1.21/web/CWebApplication.php(282): CController->run('login')
#7 /var/www/test.loc/yii-1.1.21/web/CWebApplication.php(141): CWebApplication->runController('site/login')
#8 /var/www/test.loc/yii-1.1.21/base/CApplication.php(185): CWebApplication->processRequest()
#9 /var/www/test.loc/index.php(13): CApplication->run()
#10 {main}
REQUEST_URI=/index.php?r=site/login
HTTP_REFERER=http://test.loc/index.php?r=site/login
---
2019/12/19 13:05:37 [error] [exception.ParseError] ParseError: syntax error, unexpected '$identity' (T_VARIABLE), expecting function (T_FUNCTION) or const (T_CONST) in /var/www/test.loc/protected/models/LoginForm.php:16
Stack trace:
#0 [internal function]: YiiBase::autoload('LoginForm')
#1 /var/www/test.loc/protected/controllers/SiteController.php(83): spl_autoload_call('LoginForm')
#2 /var/www/test.loc/yii-1.1.21/web/actions/CInlineAction.php(49): SiteController->actionLogin()
#3 /var/www/test.loc/yii-1.1.21/web/CController.php(308): CInlineAction->runWithParams(Array)
#4 /var/www/test.loc/yii-1.1.21/web/CController.php(286): CController->runAction(Object(CInlineAction))
#5 /var/www/test.loc/yii-1.1.21/web/CController.php(265): CController->runActionWithFilters(Object(CInlineAction), Array)
#6 /var/www/test.loc/yii-1.1.21/web/CWebApplication.php(282): CController->run('login')
#7 /var/www/test.loc/yii-1.1.21/web/CWebApplication.php(141): CWebApplication->runController('site/login')
#8 /var/www/test.loc/yii-1.1.21/base/CApplication.php(185): CWebApplication->processRequest()
#9 /var/www/test.loc/index.php(13): CApplication->run()
#10 {main}
REQUEST_URI=/index.php?r=site/login
HTTP_REFERER=http://test.loc/index.php?r=site/login
---
2019/12/19 13:12:25 [error] [exception.ParseError] ParseError: syntax error, unexpected ':', expecting ',' or ';' in /var/www/test.loc/protected/controllers/SiteController.php:31
Stack trace:
#0 /var/www/test.loc/yii-1.1.21/web/CWebApplication.php(276): CWebApplication->createController('index/')
#1 /var/www/test.loc/yii-1.1.21/web/CWebApplication.php(141): CWebApplication->runController('site/index')
#2 /var/www/test.loc/yii-1.1.21/base/CApplication.php(185): CWebApplication->processRequest()
#3 /var/www/test.loc/index.php(13): CApplication->run()
#4 {main}
REQUEST_URI=/index.php?r=site/index
HTTP_REFERER=http://test.loc/index.php?r=site/login
---
2019/12/19 13:14:49 [error] [exception.ParseError] ParseError: syntax error, unexpected '=' in /var/www/test.loc/protected/models/Comment.php:122
Stack trace:
#0 [internal function]: YiiBase::autoload('Comment')
#1 /var/www/test.loc/protected/models/Posts.php(60): spl_autoload_call('Comment')
#2 /var/www/test.loc/yii-1.1.21/db/ar/CActiveRecord.php(2416): Posts->relations()
#3 /var/www/test.loc/yii-1.1.21/db/ar/CActiveRecord.php(413): CActiveRecordMetaData->__construct(Object(Posts))
#4 /var/www/test.loc/yii-1.1.21/db/ar/CActiveRecord.php(663): CActiveRecord->getMetaData()
#5 /var/www/test.loc/yii-1.1.21/db/ar/CActiveRecord.php(1358): CActiveRecord->getTableSchema()
#6 /var/www/test.loc/yii-1.1.21/db/ar/CActiveRecord.php(1478): CActiveRecord->query(Object(CDbCriteria), true)
#7 /var/www/test.loc/protected/controllers/SiteController.php(31): CActiveRecord->findAll()
#8 /var/www/test.loc/yii-1.1.21/web/actions/CInlineAction.php(49): SiteController->actionIndex()
#9 /var/www/test.loc/yii-1.1.21/web/CController.php(308): CInlineAction->runWithParams(Array)
#10 /var/www/test.loc/yii-1.1.21/web/CController.php(286): CController->runAction(Object(CInlineAction))
#11 /var/www/test.loc/yii-1.1.21/web/CController.php(265): CController->runActionWithFilters(Object(CInlineAction), Array)
#12 /var/www/test.loc/yii-1.1.21/web/CWebApplication.php(282): CController->run('index')
#13 /var/www/test.loc/yii-1.1.21/web/CWebApplication.php(141): CWebApplication->runController('site/index')
#14 /var/www/test.loc/yii-1.1.21/base/CApplication.php(185): CWebApplication->processRequest()
#15 /var/www/test.loc/index.php(13): CApplication->run()
#16 {main}
REQUEST_URI=/index.php?r=site/index
HTTP_REFERER=http://test.loc/index.php?r=site/login
---
2019/12/19 13:15:34 [error] [exception.ParseError] ParseError: syntax error, unexpected '=' in /var/www/test.loc/protected/models/Comment.php:122
Stack trace:
#0 [internal function]: YiiBase::autoload('Comment')
#1 /var/www/test.loc/protected/models/Posts.php(60): spl_autoload_call('Comment')
#2 /var/www/test.loc/yii-1.1.21/db/ar/CActiveRecord.php(2416): Posts->relations()
#3 /var/www/test.loc/yii-1.1.21/db/ar/CActiveRecord.php(413): CActiveRecordMetaData->__construct(Object(Posts))
#4 /var/www/test.loc/yii-1.1.21/db/ar/CActiveRecord.php(663): CActiveRecord->getMetaData()
#5 /var/www/test.loc/yii-1.1.21/db/ar/CActiveRecord.php(1358): CActiveRecord->getTableSchema()
#6 /var/www/test.loc/yii-1.1.21/db/ar/CActiveRecord.php(1478): CActiveRecord->query(Object(CDbCriteria), true)
#7 /var/www/test.loc/protected/controllers/SiteController.php(31): CActiveRecord->findAll()
#8 /var/www/test.loc/yii-1.1.21/web/actions/CInlineAction.php(49): SiteController->actionIndex()
#9 /var/www/test.loc/yii-1.1.21/web/CController.php(308): CInlineAction->runWithParams(Array)
#10 /var/www/test.loc/yii-1.1.21/web/CController.php(286): CController->runAction(Object(CInlineAction))
#11 /var/www/test.loc/yii-1.1.21/web/CController.php(265): CController->runActionWithFilters(Object(CInlineAction), Array)
#12 /var/www/test.loc/yii-1.1.21/web/CWebApplication.php(282): CController->run('index')
#13 /var/www/test.loc/yii-1.1.21/web/CWebApplication.php(141): CWebApplication->runController('site/index')
#14 /var/www/test.loc/yii-1.1.21/base/CApplication.php(185): CWebApplication->processRequest()
#15 /var/www/test.loc/index.php(13): CApplication->run()
#16 {main}
REQUEST_URI=/index.php?r=site/index
HTTP_REFERER=http://test.loc/index.php?r=site/login
---
2019/12/19 13:26:21 [warning] [application] Failed to set unsafe attribute "username" of "LoginForm".
in /var/www/test.loc/protected/controllers/SiteController.php (95)
in /var/www/test.loc/index.php (13)
2019/12/19 13:26:25 [warning] [application] Failed to set unsafe attribute "username" of "LoginForm".
in /var/www/test.loc/protected/controllers/SiteController.php (95)
in /var/www/test.loc/index.php (13)
2019/12/19 13:26:31 [warning] [application] Failed to set unsafe attribute "username" of "LoginForm".
in /var/www/test.loc/protected/controllers/SiteController.php (95)
in /var/www/test.loc/index.php (13)
2019/12/19 14:06:04 [error] [exception.CException] CException: User and its behaviors do not have a method or closure named "validatePassword". in /var/www/test.loc/yii-1.1.21/base/CComponent.php:266
Stack trace:
#0 /var/www/test.loc/yii-1.1.21/db/ar/CActiveRecord.php(229): CComponent->__call('validatePasswor...', Array)
#1 /var/www/test.loc/protected/components/UserIdentity.php(18): CActiveRecord->__call('validatePasswor...', Array)
#2 /var/www/test.loc/protected/models/LoginForm.php(54): UserIdentity->authenticate()
#3 /var/www/test.loc/yii-1.1.21/validators/CInlineValidator.php(42): LoginForm->authenticate('password', Array)
#4 /var/www/test.loc/yii-1.1.21/validators/CValidator.php(201): CInlineValidator->validateAttribute(Object(LoginForm), 'password')
#5 /var/www/test.loc/yii-1.1.21/base/CModel.php(159): CValidator->validate(Object(LoginForm), Array)
#6 /var/www/test.loc/protected/controllers/SiteController.php(97): CModel->validate()
#7 /var/www/test.loc/yii-1.1.21/web/actions/CInlineAction.php(49): SiteController->actionLogin()
#8 /var/www/test.loc/yii-1.1.21/web/CController.php(308): CInlineAction->runWithParams(Array)
#9 /var/www/test.loc/yii-1.1.21/web/CController.php(286): CController->runAction(Object(CInlineAction))
#10 /var/www/test.loc/yii-1.1.21/web/CController.php(265): CController->runActionWithFilters(Object(CInlineAction), Array)
#11 /var/www/test.loc/yii-1.1.21/web/CWebApplication.php(282): CController->run('login')
#12 /var/www/test.loc/yii-1.1.21/web/CWebApplication.php(141): CWebApplication->runController('site/login')
#13 /var/www/test.loc/yii-1.1.21/base/CApplication.php(185): CWebApplication->processRequest()
#14 /var/www/test.loc/index.php(13): CApplication->run()
#15 {main}
REQUEST_URI=/index.php?r=site/login
HTTP_REFERER=http://test.loc/index.php?r=site/login
---
2019/12/19 14:10:39 [error] [system.db.CDbCommand] CDbCommand::fetch() failed: SQLSTATE[42000]: Syntax error or access violation: 1064 You have an error in your SQL syntax; check the manual that corresponds to your MySQL server version for the right syntax to use near 'LIMIT 1' at line 1. The SQL statement executed was: SELECT * FROM `tbl_user` `t` WHERE LOWER(username)= LIMIT 1. Bound with 0='admin'.
in /var/www/test.loc/protected/components/UserIdentity.php (15)
in /var/www/test.loc/protected/models/LoginForm.php (54)
in /var/www/test.loc/protected/controllers/SiteController.php (97)
2019/12/19 14:10:39 [error] [exception.CDbException] CDbException: CDbCommand failed to execute the SQL statement: SQLSTATE[42000]: Syntax error or access violation: 1064 You have an error in your SQL syntax; check the manual that corresponds to your MySQL server version for the right syntax to use near 'LIMIT 1' at line 1. The SQL statement executed was: SELECT * FROM `tbl_user` `t` WHERE LOWER(username)= LIMIT 1. Bound with 0='admin' in /var/www/test.loc/yii-1.1.21/db/CDbCommand.php:543
Stack trace:
#0 /var/www/test.loc/yii-1.1.21/db/CDbCommand.php(415): CDbCommand->queryInternal('fetch', Array, Array)
#1 /var/www/test.loc/yii-1.1.21/db/ar/CActiveRecord.php(1359): CDbCommand->queryRow()
#2 /var/www/test.loc/yii-1.1.21/db/ar/CActiveRecord.php(1464): CActiveRecord->query(Object(CDbCriteria))
#3 /var/www/test.loc/protected/components/UserIdentity.php(15): CActiveRecord->find('LOWER(username)...', Array)
#4 /var/www/test.loc/protected/models/LoginForm.php(54): UserIdentity->authenticate()
#5 /var/www/test.loc/yii-1.1.21/validators/CInlineValidator.php(42): LoginForm->authenticate('password', Array)
#6 /var/www/test.loc/yii-1.1.21/validators/CValidator.php(201): CInlineValidator->validateAttribute(Object(LoginForm), 'password')
#7 /var/www/test.loc/yii-1.1.21/base/CModel.php(159): CValidator->validate(Object(LoginForm), Array)
#8 /var/www/test.loc/protected/controllers/SiteController.php(97): CModel->validate()
#9 /var/www/test.loc/yii-1.1.21/web/actions/CInlineAction.php(49): SiteController->actionLogin()
#10 /var/www/test.loc/yii-1.1.21/web/CController.php(308): CInlineAction->runWithParams(Array)
#11 /var/www/test.loc/yii-1.1.21/web/CController.php(286): CController->runAction(Object(CInlineAction))
#12 /var/www/test.loc/yii-1.1.21/web/CController.php(265): CController->runActionWithFilters(Object(CInlineAction), Array)
#13 /var/www/test.loc/yii-1.1.21/web/CWebApplication.php(282): CController->run('login')
#14 /var/www/test.loc/yii-1.1.21/web/CWebApplication.php(141): CWebApplication->runController('site/login')
#15 /var/www/test.loc/yii-1.1.21/base/CApplication.php(185): CWebApplication->processRequest()
#16 /var/www/test.loc/index.php(13): CApplication->run()
#17 {main}
REQUEST_URI=/index.php?r=site/login
HTTP_REFERER=http://test.loc/index.php?r=site/login
---
2019/12/19 14:17:21 [error] [exception.CException] CException: Property "CDbCriteria.0" is not defined. in /var/www/test.loc/yii-1.1.21/base/CComponent.php:173
Stack trace:
#0 /var/www/test.loc/yii-1.1.21/db/schema/CDbCriteria.php(160): CComponent->__set('0', 'admin')
#1 /var/www/test.loc/yii-1.1.21/db/schema/CDbCommandBuilder.php(588): CDbCriteria->__construct(Array)
#2 /var/www/test.loc/yii-1.1.21/db/schema/CDbCommandBuilder.php(664): CDbCommandBuilder->createCriteria(Array, Array)
#3 /var/www/test.loc/yii-1.1.21/db/ar/CActiveRecord.php(1526): CDbCommandBuilder->createColumnCriteria(Object(CMysqlTableSchema), 'LOWER(username)...', Array, Array, '`t`.')
#4 /var/www/test.loc/protected/components/UserIdentity.php(15): CActiveRecord->findByAttributes('LOWER(username)...', Array)
#5 /var/www/test.loc/protected/models/LoginForm.php(54): UserIdentity->authenticate()
#6 /var/www/test.loc/yii-1.1.21/validators/CInlineValidator.php(42): LoginForm->authenticate('password', Array)
#7 /var/www/test.loc/yii-1.1.21/validators/CValidator.php(201): CInlineValidator->validateAttribute(Object(LoginForm), 'password')
#8 /var/www/test.loc/yii-1.1.21/base/CModel.php(159): CValidator->validate(Object(LoginForm), Array)
#9 /var/www/test.loc/protected/controllers/SiteController.php(97): CModel->validate()
#10 /var/www/test.loc/yii-1.1.21/web/actions/CInlineAction.php(49): SiteController->actionLogin()
#11 /var/www/test.loc/yii-1.1.21/web/CController.php(308): CInlineAction->runWithParams(Array)
#12 /var/www/test.loc/yii-1.1.21/web/CController.php(286): CController->runAction(Object(CInlineAction))
#13 /var/www/test.loc/yii-1.1.21/web/CController.php(265): CController->runActionWithFilters(Object(CInlineAction), Array)
#14 /var/www/test.loc/yii-1.1.21/web/CWebApplication.php(282): CController->run('login')
#15 /var/www/test.loc/yii-1.1.21/web/CWebApplication.php(141): CWebApplication->runController('site/login')
#16 /var/www/test.loc/yii-1.1.21/base/CApplication.php(185): CWebApplication->processRequest()
#17 /var/www/test.loc/index.php(13): CApplication->run()
#18 {main}
REQUEST_URI=/index.php?r=site/login
HTTP_REFERER=http://test.loc/index.php?r=site/login
---
2019/12/19 14:18:38 [error] [exception.CException] CException: Property "LoginForm.user" is not defined. in /var/www/test.loc/yii-1.1.21/base/CComponent.php:130
Stack trace:
#0 /var/www/test.loc/protected/models/LoginForm.php(56): CComponent->__get('user')
#1 /var/www/test.loc/yii-1.1.21/validators/CInlineValidator.php(42): LoginForm->authenticate('password', Array)
#2 /var/www/test.loc/yii-1.1.21/validators/CValidator.php(201): CInlineValidator->validateAttribute(Object(LoginForm), 'password')
#3 /var/www/test.loc/yii-1.1.21/base/CModel.php(159): CValidator->validate(Object(LoginForm), Array)
#4 /var/www/test.loc/protected/controllers/SiteController.php(97): CModel->validate()
#5 /var/www/test.loc/yii-1.1.21/web/actions/CInlineAction.php(49): SiteController->actionLogin()
#6 /var/www/test.loc/yii-1.1.21/web/CController.php(308): CInlineAction->runWithParams(Array)
#7 /var/www/test.loc/yii-1.1.21/web/CController.php(286): CController->runAction(Object(CInlineAction))
#8 /var/www/test.loc/yii-1.1.21/web/CController.php(265): CController->runActionWithFilters(Object(CInlineAction), Array)
#9 /var/www/test.loc/yii-1.1.21/web/CWebApplication.php(282): CController->run('login')
#10 /var/www/test.loc/yii-1.1.21/web/CWebApplication.php(141): CWebApplication->runController('site/login')
#11 /var/www/test.loc/yii-1.1.21/base/CApplication.php(185): CWebApplication->processRequest()
#12 /var/www/test.loc/index.php(13): CApplication->run()
#13 {main}
REQUEST_URI=/index.php?r=site/login
HTTP_REFERER=http://test.loc/index.php?r=site/login
---
2019/12/19 14:59:18 [error] [exception.CHttpException.404] CHttpException: Unable to resolve the request "post". in /var/www/test.loc/yii-1.1.21/web/CWebApplication.php:286
Stack trace:
#0 /var/www/test.loc/yii-1.1.21/web/CWebApplication.php(141): CWebApplication->runController('post')
#1 /var/www/test.loc/yii-1.1.21/base/CApplication.php(185): CWebApplication->processRequest()
#2 /var/www/test.loc/index.php(13): CApplication->run()
#3 {main}
REQUEST_URI=/index.php?r=post
---
2019/12/19 14:59:30 [error] [exception.ParseError] ParseError: syntax error, unexpected 'Ð¶' (T_STRING) in /var/www/test.loc/protected/controllers/PostsController.php:77
Stack trace:
#0 /var/www/test.loc/yii-1.1.21/web/CWebApplication.php(276): CWebApplication->createController('')
#1 /var/www/test.loc/yii-1.1.21/web/CWebApplication.php(141): CWebApplication->runController('posts')
#2 /var/www/test.loc/yii-1.1.21/base/CApplication.php(185): CWebApplication->processRequest()
#3 /var/www/test.loc/index.php(13): CApplication->run()
#4 {main}
REQUEST_URI=/index.php?r=posts
---
2019/12/19 15:00:21 [error] [exception.CDbException] CDbException: Relation "post" is not defined in active record class "Comment". in /var/www/test.loc/yii-1.1.21/db/ar/CActiveFinder.php:227
Stack trace:
#0 /var/www/test.loc/yii-1.1.21/db/ar/CActiveFinder.php(48): CActiveFinder->buildJoinTree(Object(CJoinElement), 'post')
#1 /var/www/test.loc/yii-1.1.21/db/ar/CActiveRecord.php(915): CActiveFinder->__construct(Object(Comment), 'post')
#2 /var/www/test.loc/yii-1.1.21/db/ar/CActiveRecord.php(1612): CActiveRecord->getActiveFinder('post')
#3 /var/www/test.loc/yii-1.1.21/web/CActiveDataProvider.php(228): CActiveRecord->count(Object(CDbCriteria))
#4 /var/www/test.loc/yii-1.1.21/web/CDataProvider.php(224): CActiveDataProvider->calculateTotalItemCount()
#5 /var/www/test.loc/yii-1.1.21/web/CActiveDataProvider.php(178): CDataProvider->getTotalItemCount()
#6 /var/www/test.loc/yii-1.1.21/web/CDataProvider.php(168): CActiveDataProvider->fetchData()
#7 /var/www/test.loc/yii-1.1.21/zii/widgets/CBaseListView.php(125): CDataProvider->getData()
#8 /var/www/test.loc/yii-1.1.21/zii/widgets/CListView.php(211): CBaseListView->init()
#9 /var/www/test.loc/yii-1.1.21/web/CBaseController.php(147): CListView->init()
#10 /var/www/test.loc/yii-1.1.21/web/CBaseController.php(181): CBaseController->createWidget('zii.widgets.CLi...', Array)
#11 /var/www/test.loc/protected/views/comment/index.php(19): CBaseController->widget('zii.widgets.CLi...', Array)
#12 /var/www/test.loc/yii-1.1.21/web/CBaseController.php(126): require('/var/www/test.l...')
#13 /var/www/test.loc/yii-1.1.21/web/CBaseController.php(95): CBaseController->renderInternal('/var/www/test.l...', Array, true)
#14 /var/www/test.loc/yii-1.1.21/web/CController.php(872): CBaseController->renderFile('/var/www/test.l...', Array, true)
#15 /var/www/test.loc/yii-1.1.21/web/CController.php(785): CController->renderPartial('index', Array, true)
#16 /var/www/test.loc/protected/controllers/CommentController.php(134): CController->render('index', Array)
#17 /var/www/test.loc/yii-1.1.21/web/actions/CInlineAction.php(49): CommentController->actionIndex()
#18 /var/www/test.loc/yii-1.1.21/web/CController.php(308): CInlineAction->runWithParams(Array)
#19 /var/www/test.loc/yii-1.1.21/web/filters/CFilterChain.php(134): CController->runAction(Object(CInlineAction))
#20 /var/www/test.loc/yii-1.1.21/web/filters/CFilter.php(40): CFilterChain->run()
#21 /var/www/test.loc/yii-1.1.21/web/CController.php(1148): CFilter->filter(Object(CFilterChain))
#22 /var/www/test.loc/yii-1.1.21/web/filters/CInlineFilter.php(58): CController->filterAccessControl(Object(CFilterChain))
#23 /var/www/test.loc/yii-1.1.21/web/filters/CFilterChain.php(131): CInlineFilter->filter(Object(CFilterChain))
#24 /var/www/test.loc/yii-1.1.21/web/CController.php(291): CFilterChain->run()
#25 /var/www/test.loc/yii-1.1.21/web/CController.php(265): CController->runActionWithFilters(Object(CInlineAction), Array)
#26 /var/www/test.loc/yii-1.1.21/web/CWebApplication.php(282): CController->run('')
#27 /var/www/test.loc/yii-1.1.21/web/CWebApplication.php(141): CWebApplication->runController('comment')
#28 /var/www/test.loc/yii-1.1.21/base/CApplication.php(185): CWebApplication->processRequest()
#29 /var/www/test.loc/index.php(13): CApplication->run()
#30 {main}
REQUEST_URI=/index.php?r=comment
---
2019/12/19 15:01:48 [error] [exception.CDbException] CDbException: Relation "posts" is not defined in active record class "Comment". in /var/www/test.loc/yii-1.1.21/db/ar/CActiveFinder.php:227
Stack trace:
#0 /var/www/test.loc/yii-1.1.21/db/ar/CActiveFinder.php(48): CActiveFinder->buildJoinTree(Object(CJoinElement), 'posts')
#1 /var/www/test.loc/yii-1.1.21/db/ar/CActiveRecord.php(915): CActiveFinder->__construct(Object(Comment), 'posts')
#2 /var/www/test.loc/yii-1.1.21/db/ar/CActiveRecord.php(1612): CActiveRecord->getActiveFinder('posts')
#3 /var/www/test.loc/yii-1.1.21/web/CActiveDataProvider.php(228): CActiveRecord->count(Object(CDbCriteria))
#4 /var/www/test.loc/yii-1.1.21/web/CDataProvider.php(224): CActiveDataProvider->calculateTotalItemCount()
#5 /var/www/test.loc/yii-1.1.21/web/CActiveDataProvider.php(178): CDataProvider->getTotalItemCount()
#6 /var/www/test.loc/yii-1.1.21/web/CDataProvider.php(168): CActiveDataProvider->fetchData()
#7 /var/www/test.loc/yii-1.1.21/zii/widgets/CBaseListView.php(125): CDataProvider->getData()
#8 /var/www/test.loc/yii-1.1.21/zii/widgets/CListView.php(211): CBaseListView->init()
#9 /var/www/test.loc/yii-1.1.21/web/CBaseController.php(147): CListView->init()
#10 /var/www/test.loc/yii-1.1.21/web/CBaseController.php(181): CBaseController->createWidget('zii.widgets.CLi...', Array)
#11 /var/www/test.loc/protected/views/comment/index.php(19): CBaseController->widget('zii.widgets.CLi...', Array)
#12 /var/www/test.loc/yii-1.1.21/web/CBaseController.php(126): require('/var/www/test.l...')
#13 /var/www/test.loc/yii-1.1.21/web/CBaseController.php(95): CBaseController->renderInternal('/var/www/test.l...', Array, true)
#14 /var/www/test.loc/yii-1.1.21/web/CController.php(872): CBaseController->renderFile('/var/www/test.l...', Array, true)
#15 /var/www/test.loc/yii-1.1.21/web/CController.php(785): CController->renderPartial('index', Array, true)
#16 /var/www/test.loc/protected/controllers/CommentController.php(134): CController->render('index', Array)
#17 /var/www/test.loc/yii-1.1.21/web/actions/CInlineAction.php(49): CommentController->actionIndex()
#18 /var/www/test.loc/yii-1.1.21/web/CController.php(308): CInlineAction->runWithParams(Array)
#19 /var/www/test.loc/yii-1.1.21/web/filters/CFilterChain.php(134): CController->runAction(Object(CInlineAction))
#20 /var/www/test.loc/yii-1.1.21/web/filters/CFilter.php(40): CFilterChain->run()
#21 /var/www/test.loc/yii-1.1.21/web/CController.php(1148): CFilter->filter(Object(CFilterChain))
#22 /var/www/test.loc/yii-1.1.21/web/filters/CInlineFilter.php(58): CController->filterAccessControl(Object(CFilterChain))
#23 /var/www/test.loc/yii-1.1.21/web/filters/CFilterChain.php(131): CInlineFilter->filter(Object(CFilterChain))
#24 /var/www/test.loc/yii-1.1.21/web/CController.php(291): CFilterChain->run()
#25 /var/www/test.loc/yii-1.1.21/web/CController.php(265): CController->runActionWithFilters(Object(CInlineAction), Array)
#26 /var/www/test.loc/yii-1.1.21/web/CWebApplication.php(282): CController->run('')
#27 /var/www/test.loc/yii-1.1.21/web/CWebApplication.php(141): CWebApplication->runController('comment')
#28 /var/www/test.loc/yii-1.1.21/base/CApplication.php(185): CWebApplication->processRequest()
#29 /var/www/test.loc/index.php(13): CApplication->run()
#30 {main}
REQUEST_URI=/index.php?r=comment
---
2019/12/19 15:03:52 [error] [exception.CDbException] CDbException: Relation "posts" is not defined in active record class "Comment". in /var/www/test.loc/yii-1.1.21/db/ar/CActiveFinder.php:227
Stack trace:
#0 /var/www/test.loc/yii-1.1.21/db/ar/CActiveFinder.php(48): CActiveFinder->buildJoinTree(Object(CJoinElement), 'posts')
#1 /var/www/test.loc/yii-1.1.21/db/ar/CActiveRecord.php(915): CActiveFinder->__construct(Object(Comment), 'posts')
#2 /var/www/test.loc/yii-1.1.21/db/ar/CActiveRecord.php(1612): CActiveRecord->getActiveFinder('posts')
#3 /var/www/test.loc/yii-1.1.21/web/CActiveDataProvider.php(228): CActiveRecord->count(Object(CDbCriteria))
#4 /var/www/test.loc/yii-1.1.21/web/CDataProvider.php(224): CActiveDataProvider->calculateTotalItemCount()
#5 /var/www/test.loc/yii-1.1.21/web/CActiveDataProvider.php(178): CDataProvider->getTotalItemCount()
#6 /var/www/test.loc/yii-1.1.21/web/CDataProvider.php(168): CActiveDataProvider->fetchData()
#7 /var/www/test.loc/yii-1.1.21/zii/widgets/CBaseListView.php(125): CDataProvider->getData()
#8 /var/www/test.loc/yii-1.1.21/zii/widgets/CListView.php(211): CBaseListView->init()
#9 /var/www/test.loc/yii-1.1.21/web/CBaseController.php(147): CListView->init()
#10 /var/www/test.loc/yii-1.1.21/web/CBaseController.php(181): CBaseController->createWidget('zii.widgets.CLi...', Array)
#11 /var/www/test.loc/protected/views/comment/index.php(19): CBaseController->widget('zii.widgets.CLi...', Array)
#12 /var/www/test.loc/yii-1.1.21/web/CBaseController.php(126): require('/var/www/test.l...')
#13 /var/www/test.loc/yii-1.1.21/web/CBaseController.php(95): CBaseController->renderInternal('/var/www/test.l...', Array, true)
#14 /var/www/test.loc/yii-1.1.21/web/CController.php(872): CBaseController->renderFile('/var/www/test.l...', Array, true)
#15 /var/www/test.loc/yii-1.1.21/web/CController.php(785): CController->renderPartial('index', Array, true)
#16 /var/www/test.loc/protected/controllers/CommentController.php(134): CController->render('index', Array)
#17 /var/www/test.loc/yii-1.1.21/web/actions/CInlineAction.php(49): CommentController->actionIndex()
#18 /var/www/test.loc/yii-1.1.21/web/CController.php(308): CInlineAction->runWithParams(Array)
#19 /var/www/test.loc/yii-1.1.21/web/filters/CFilterChain.php(134): CController->runAction(Object(CInlineAction))
#20 /var/www/test.loc/yii-1.1.21/web/filters/CFilter.php(40): CFilterChain->run()
#21 /var/www/test.loc/yii-1.1.21/web/CController.php(1148): CFilter->filter(Object(CFilterChain))
#22 /var/www/test.loc/yii-1.1.21/web/filters/CInlineFilter.php(58): CController->filterAccessControl(Object(CFilterChain))
#23 /var/www/test.loc/yii-1.1.21/web/filters/CFilterChain.php(131): CInlineFilter->filter(Object(CFilterChain))
#24 /var/www/test.loc/yii-1.1.21/web/CController.php(291): CFilterChain->run()
#25 /var/www/test.loc/yii-1.1.21/web/CController.php(265): CController->runActionWithFilters(Object(CInlineAction), Array)
#26 /var/www/test.loc/yii-1.1.21/web/CWebApplication.php(282): CController->run('')
#27 /var/www/test.loc/yii-1.1.21/web/CWebApplication.php(141): CWebApplication->runController('comment')
#28 /var/www/test.loc/yii-1.1.21/base/CApplication.php(185): CWebApplication->processRequest()
#29 /var/www/test.loc/index.php(13): CApplication->run()
#30 {main}
REQUEST_URI=/index.php?r=comment
---
2019/12/19 15:04:01 [error] [exception.CDbException] CDbException: Relation "posts" is not defined in active record class "Comment". in /var/www/test.loc/yii-1.1.21/db/ar/CActiveFinder.php:227
Stack trace:
#0 /var/www/test.loc/yii-1.1.21/db/ar/CActiveFinder.php(48): CActiveFinder->buildJoinTree(Object(CJoinElement), 'posts')
#1 /var/www/test.loc/yii-1.1.21/db/ar/CActiveRecord.php(915): CActiveFinder->__construct(Object(Comment), 'posts')
#2 /var/www/test.loc/yii-1.1.21/db/ar/CActiveRecord.php(1612): CActiveRecord->getActiveFinder('posts')
#3 /var/www/test.loc/yii-1.1.21/web/CActiveDataProvider.php(228): CActiveRecord->count(Object(CDbCriteria))
#4 /var/www/test.loc/yii-1.1.21/web/CDataProvider.php(224): CActiveDataProvider->calculateTotalItemCount()
#5 /var/www/test.loc/yii-1.1.21/web/CActiveDataProvider.php(178): CDataProvider->getTotalItemCount()
#6 /var/www/test.loc/yii-1.1.21/web/CDataProvider.php(168): CActiveDataProvider->fetchData()
#7 /var/www/test.loc/yii-1.1.21/zii/widgets/CBaseListView.php(125): CDataProvider->getData()
#8 /var/www/test.loc/yii-1.1.21/zii/widgets/CListView.php(211): CBaseListView->init()
#9 /var/www/test.loc/yii-1.1.21/web/CBaseController.php(147): CListView->init()
#10 /var/www/test.loc/yii-1.1.21/web/CBaseController.php(181): CBaseController->createWidget('zii.widgets.CLi...', Array)
#11 /var/www/test.loc/protected/views/comment/index.php(19): CBaseController->widget('zii.widgets.CLi...', Array)
#12 /var/www/test.loc/yii-1.1.21/web/CBaseController.php(126): require('/var/www/test.l...')
#13 /var/www/test.loc/yii-1.1.21/web/CBaseController.php(95): CBaseController->renderInternal('/var/www/test.l...', Array, true)
#14 /var/www/test.loc/yii-1.1.21/web/CController.php(872): CBaseController->renderFile('/var/www/test.l...', Array, true)
#15 /var/www/test.loc/yii-1.1.21/web/CController.php(785): CController->renderPartial('index', Array, true)
#16 /var/www/test.loc/protected/controllers/CommentController.php(134): CController->render('index', Array)
#17 /var/www/test.loc/yii-1.1.21/web/actions/CInlineAction.php(49): CommentController->actionIndex()
#18 /var/www/test.loc/yii-1.1.21/web/CController.php(308): CInlineAction->runWithParams(Array)
#19 /var/www/test.loc/yii-1.1.21/web/filters/CFilterChain.php(134): CController->runAction(Object(CInlineAction))
#20 /var/www/test.loc/yii-1.1.21/web/filters/CFilter.php(40): CFilterChain->run()
#21 /var/www/test.loc/yii-1.1.21/web/CController.php(1148): CFilter->filter(Object(CFilterChain))
#22 /var/www/test.loc/yii-1.1.21/web/filters/CInlineFilter.php(58): CController->filterAccessControl(Object(CFilterChain))
#23 /var/www/test.loc/yii-1.1.21/web/filters/CFilterChain.php(131): CInlineFilter->filter(Object(CFilterChain))
#24 /var/www/test.loc/yii-1.1.21/web/CController.php(291): CFilterChain->run()
#25 /var/www/test.loc/yii-1.1.21/web/CController.php(265): CController->runActionWithFilters(Object(CInlineAction), Array)
#26 /var/www/test.loc/yii-1.1.21/web/CWebApplication.php(282): CController->run('')
#27 /var/www/test.loc/yii-1.1.21/web/CWebApplication.php(141): CWebApplication->runController('comment')
#28 /var/www/test.loc/yii-1.1.21/base/CApplication.php(185): CWebApplication->processRequest()
#29 /var/www/test.loc/index.php(13): CApplication->run()
#30 {main}
REQUEST_URI=/index.php?r=comment
---
2019/12/19 15:05:04 [error] [exception.CDbException] CDbException: Relation "posts" is not defined in active record class "Comment". in /var/www/test.loc/yii-1.1.21/db/ar/CActiveFinder.php:227
Stack trace:
#0 /var/www/test.loc/yii-1.1.21/db/ar/CActiveFinder.php(48): CActiveFinder->buildJoinTree(Object(CJoinElement), 'posts')
#1 /var/www/test.loc/yii-1.1.21/db/ar/CActiveRecord.php(915): CActiveFinder->__construct(Object(Comment), 'posts')
#2 /var/www/test.loc/yii-1.1.21/db/ar/CActiveRecord.php(1612): CActiveRecord->getActiveFinder('posts')
#3 /var/www/test.loc/yii-1.1.21/web/CActiveDataProvider.php(228): CActiveRecord->count(Object(CDbCriteria))
#4 /var/www/test.loc/yii-1.1.21/web/CDataProvider.php(224): CActiveDataProvider->calculateTotalItemCount()
#5 /var/www/test.loc/yii-1.1.21/web/CActiveDataProvider.php(178): CDataProvider->getTotalItemCount()
#6 /var/www/test.loc/yii-1.1.21/web/CDataProvider.php(168): CActiveDataProvider->fetchData()
#7 /var/www/test.loc/yii-1.1.21/zii/widgets/CBaseListView.php(125): CDataProvider->getData()
#8 /var/www/test.loc/yii-1.1.21/zii/widgets/CListView.php(211): CBaseListView->init()
#9 /var/www/test.loc/yii-1.1.21/web/CBaseController.php(147): CListView->init()
#10 /var/www/test.loc/yii-1.1.21/web/CBaseController.php(181): CBaseController->createWidget('zii.widgets.CLi...', Array)
#11 /var/www/test.loc/protected/views/comment/index.php(19): CBaseController->widget('zii.widgets.CLi...', Array)
#12 /var/www/test.loc/yii-1.1.21/web/CBaseController.php(126): require('/var/www/test.l...')
#13 /var/www/test.loc/yii-1.1.21/web/CBaseController.php(95): CBaseController->renderInternal('/var/www/test.l...', Array, true)
#14 /var/www/test.loc/yii-1.1.21/web/CController.php(872): CBaseController->renderFile('/var/www/test.l...', Array, true)
#15 /var/www/test.loc/yii-1.1.21/web/CController.php(785): CController->renderPartial('index', Array, true)
#16 /var/www/test.loc/protected/controllers/CommentController.php(134): CController->render('index', Array)
#17 /var/www/test.loc/yii-1.1.21/web/actions/CInlineAction.php(49): CommentController->actionIndex()
#18 /var/www/test.loc/yii-1.1.21/web/CController.php(308): CInlineAction->runWithParams(Array)
#19 /var/www/test.loc/yii-1.1.21/web/filters/CFilterChain.php(134): CController->runAction(Object(CInlineAction))
#20 /var/www/test.loc/yii-1.1.21/web/filters/CFilter.php(40): CFilterChain->run()
#21 /var/www/test.loc/yii-1.1.21/web/CController.php(1148): CFilter->filter(Object(CFilterChain))
#22 /var/www/test.loc/yii-1.1.21/web/filters/CInlineFilter.php(58): CController->filterAccessControl(Object(CFilterChain))
#23 /var/www/test.loc/yii-1.1.21/web/filters/CFilterChain.php(131): CInlineFilter->filter(Object(CFilterChain))
#24 /var/www/test.loc/yii-1.1.21/web/CController.php(291): CFilterChain->run()
#25 /var/www/test.loc/yii-1.1.21/web/CController.php(265): CController->runActionWithFilters(Object(CInlineAction), Array)
#26 /var/www/test.loc/yii-1.1.21/web/CWebApplication.php(282): CController->run('')
#27 /var/www/test.loc/yii-1.1.21/web/CWebApplication.php(141): CWebApplication->runController('comment')
#28 /var/www/test.loc/yii-1.1.21/base/CApplication.php(185): CWebApplication->processRequest()
#29 /var/www/test.loc/index.php(13): CApplication->run()
#30 {main}
REQUEST_URI=/index.php?r=comment
---
2019/12/19 15:06:32 [error] [exception.CDbException] CDbException: Relation "posts" is not defined in active record class "Comment". in /var/www/test.loc/yii-1.1.21/db/ar/CActiveFinder.php:227
Stack trace:
#0 /var/www/test.loc/yii-1.1.21/db/ar/CActiveFinder.php(48): CActiveFinder->buildJoinTree(Object(CJoinElement), 'posts')
#1 /var/www/test.loc/yii-1.1.21/db/ar/CActiveRecord.php(915): CActiveFinder->__construct(Object(Comment), 'posts')
#2 /var/www/test.loc/yii-1.1.21/db/ar/CActiveRecord.php(1612): CActiveRecord->getActiveFinder('posts')
#3 /var/www/test.loc/yii-1.1.21/web/CActiveDataProvider.php(228): CActiveRecord->count(Object(CDbCriteria))
#4 /var/www/test.loc/yii-1.1.21/web/CDataProvider.php(224): CActiveDataProvider->calculateTotalItemCount()
#5 /var/www/test.loc/yii-1.1.21/web/CActiveDataProvider.php(178): CDataProvider->getTotalItemCount()
#6 /var/www/test.loc/yii-1.1.21/web/CDataProvider.php(168): CActiveDataProvider->fetchData()
#7 /var/www/test.loc/yii-1.1.21/zii/widgets/CBaseListView.php(125): CDataProvider->getData()
#8 /var/www/test.loc/yii-1.1.21/zii/widgets/CListView.php(211): CBaseListView->init()
#9 /var/www/test.loc/yii-1.1.21/web/CBaseController.php(147): CListView->init()
#10 /var/www/test.loc/yii-1.1.21/web/CBaseController.php(181): CBaseController->createWidget('zii.widgets.CLi...', Array)
#11 /var/www/test.loc/protected/views/comment/index.php(19): CBaseController->widget('zii.widgets.CLi...', Array)
#12 /var/www/test.loc/yii-1.1.21/web/CBaseController.php(126): require('/var/www/test.l...')
#13 /var/www/test.loc/yii-1.1.21/web/CBaseController.php(95): CBaseController->renderInternal('/var/www/test.l...', Array, true)
#14 /var/www/test.loc/yii-1.1.21/web/CController.php(872): CBaseController->renderFile('/var/www/test.l...', Array, true)
#15 /var/www/test.loc/yii-1.1.21/web/CController.php(785): CController->renderPartial('index', Array, true)
#16 /var/www/test.loc/protected/controllers/CommentController.php(134): CController->render('index', Array)
#17 /var/www/test.loc/yii-1.1.21/web/actions/CInlineAction.php(49): CommentController->actionIndex()
#18 /var/www/test.loc/yii-1.1.21/web/CController.php(308): CInlineAction->runWithParams(Array)
#19 /var/www/test.loc/yii-1.1.21/web/filters/CFilterChain.php(134): CController->runAction(Object(CInlineAction))
#20 /var/www/test.loc/yii-1.1.21/web/filters/CFilter.php(40): CFilterChain->run()
#21 /var/www/test.loc/yii-1.1.21/web/CController.php(1148): CFilter->filter(Object(CFilterChain))
#22 /var/www/test.loc/yii-1.1.21/web/filters/CInlineFilter.php(58): CController->filterAccessControl(Object(CFilterChain))
#23 /var/www/test.loc/yii-1.1.21/web/filters/CFilterChain.php(131): CInlineFilter->filter(Object(CFilterChain))
#24 /var/www/test.loc/yii-1.1.21/web/CController.php(291): CFilterChain->run()
#25 /var/www/test.loc/yii-1.1.21/web/CController.php(265): CController->runActionWithFilters(Object(CInlineAction), Array)
#26 /var/www/test.loc/yii-1.1.21/web/CWebApplication.php(282): CController->run('')
#27 /var/www/test.loc/yii-1.1.21/web/CWebApplication.php(141): CWebApplication->runController('comment')
#28 /var/www/test.loc/yii-1.1.21/base/CApplication.php(185): CWebApplication->processRequest()
#29 /var/www/test.loc/index.php(13): CApplication->run()
#30 {main}
REQUEST_URI=/index.php?r=comment
---
2019/12/19 15:14:07 [error] [exception.CHttpException.404] CHttpException: Unable to resolve the request "posts". in /var/www/test.loc/yii-1.1.21/web/CWebApplication.php:286
Stack trace:
#0 /var/www/test.loc/yii-1.1.21/web/CWebApplication.php(141): CWebApplication->runController('posts')
#1 /var/www/test.loc/yii-1.1.21/base/CApplication.php(185): CWebApplication->processRequest()
#2 /var/www/test.loc/index.php(13): CApplication->run()
#3 {main}
REQUEST_URI=/index.php?r=posts
---
2019/12/19 15:14:09 [error] [exception.CException] CException: Property "Comment.pendingCommentCount" is not defined. in /var/www/test.loc/yii-1.1.21/base/CComponent.php:130
Stack trace:
#0 /var/www/test.loc/yii-1.1.21/db/ar/CActiveRecord.php(145): CComponent->__get('pendingCommentC...')
#1 /var/www/test.loc/protected/components/views/userMenu.php(5): CActiveRecord->__get('pendingCommentC...')
#2 /var/www/test.loc/yii-1.1.21/web/CBaseController.php(130): require('/var/www/test.l...')
#3 /var/www/test.loc/yii-1.1.21/web/CBaseController.php(95): CBaseController->renderInternal('/var/www/test.l...', NULL, false)
#4 /var/www/test.loc/yii-1.1.21/web/widgets/CWidget.php(244): CBaseController->renderFile('/var/www/test.l...', NULL, false)
#5 /var/www/test.loc/protected/components/UserMenu.php(14): CWidget->render('userMenu')
#6 /var/www/test.loc/yii-1.1.21/zii/widgets/CPortlet.php(97): UserMenu->renderContent()
#7 /var/www/test.loc/yii-1.1.21/web/CBaseController.php(182): CPortlet->run()
#8 /var/www/test.loc/protected/views/layouts/column2.php(10): CBaseController->widget('UserMenu')
#9 /var/www/test.loc/yii-1.1.21/web/CBaseController.php(126): require('/var/www/test.l...')
#10 /var/www/test.loc/yii-1.1.21/web/CBaseController.php(95): CBaseController->renderInternal('/var/www/test.l...', Array, true)
#11 /var/www/test.loc/yii-1.1.21/web/CController.php(787): CBaseController->renderFile('/var/www/test.l...', Array, true)
#12 /var/www/test.loc/protected/controllers/PostController.php(127): CController->render('index', Array)
#13 /var/www/test.loc/yii-1.1.21/web/actions/CInlineAction.php(49): PostController->actionIndex()
#14 /var/www/test.loc/yii-1.1.21/web/CController.php(308): CInlineAction->runWithParams(Array)
#15 /var/www/test.loc/yii-1.1.21/web/filters/CFilterChain.php(134): CController->runAction(Object(CInlineAction))
#16 /var/www/test.loc/yii-1.1.21/web/filters/CFilter.php(40): CFilterChain->run()
#17 /var/www/test.loc/yii-1.1.21/web/CController.php(1148): CFilter->filter(Object(CFilterChain))
#18 /var/www/test.loc/yii-1.1.21/web/filters/CInlineFilter.php(58): CController->filterAccessControl(Object(CFilterChain))
#19 /var/www/test.loc/yii-1.1.21/web/filters/CFilterChain.php(131): CInlineFilter->filter(Object(CFilterChain))
#20 /var/www/test.loc/yii-1.1.21/web/CController.php(291): CFilterChain->run()
#21 /var/www/test.loc/yii-1.1.21/web/CController.php(265): CController->runActionWithFilters(Object(CInlineAction), Array)
#22 /var/www/test.loc/yii-1.1.21/web/CWebApplication.php(282): CController->run('')
#23 /var/www/test.loc/yii-1.1.21/web/CWebApplication.php(141): CWebApplication->runController('post')
#24 /var/www/test.loc/yii-1.1.21/base/CApplication.php(185): CWebApplication->processRequest()
#25 /var/www/test.loc/index.php(13): CApplication->run()
#26 {main}
REQUEST_URI=/index.php?r=post
---
2019/12/19 15:15:18 [error] [exception.CException] CException: Property "Comment.pendingCommentCount" is not defined. in /var/www/test.loc/yii-1.1.21/base/CComponent.php:130
Stack trace:
#0 /var/www/test.loc/yii-1.1.21/db/ar/CActiveRecord.php(145): CComponent->__get('pendingCommentC...')
#1 /var/www/test.loc/protected/components/views/userMenu.php(5): CActiveRecord->__get('pendingCommentC...')
#2 /var/www/test.loc/yii-1.1.21/web/CBaseController.php(130): require('/var/www/test.l...')
#3 /var/www/test.loc/yii-1.1.21/web/CBaseController.php(95): CBaseController->renderInternal('/var/www/test.l...', NULL, false)
#4 /var/www/test.loc/yii-1.1.21/web/widgets/CWidget.php(244): CBaseController->renderFile('/var/www/test.l...', NULL, false)
#5 /var/www/test.loc/protected/components/UserMenu.php(14): CWidget->render('userMenu')
#6 /var/www/test.loc/yii-1.1.21/zii/widgets/CPortlet.php(97): UserMenu->renderContent()
#7 /var/www/test.loc/yii-1.1.21/web/CBaseController.php(182): CPortlet->run()
#8 /var/www/test.loc/protected/views/layouts/column2.php(10): CBaseController->widget('UserMenu')
#9 /var/www/test.loc/yii-1.1.21/web/CBaseController.php(126): require('/var/www/test.l...')
#10 /var/www/test.loc/yii-1.1.21/web/CBaseController.php(95): CBaseController->renderInternal('/var/www/test.l...', Array, true)
#11 /var/www/test.loc/yii-1.1.21/web/CController.php(787): CBaseController->renderFile('/var/www/test.l...', Array, true)
#12 /var/www/test.loc/protected/controllers/PostController.php(127): CController->render('index', Array)
#13 /var/www/test.loc/yii-1.1.21/web/actions/CInlineAction.php(49): PostController->actionIndex()
#14 /var/www/test.loc/yii-1.1.21/web/CController.php(308): CInlineAction->runWithParams(Array)
#15 /var/www/test.loc/yii-1.1.21/web/filters/CFilterChain.php(134): CController->runAction(Object(CInlineAction))
#16 /var/www/test.loc/yii-1.1.21/web/filters/CFilter.php(40): CFilterChain->run()
#17 /var/www/test.loc/yii-1.1.21/web/CController.php(1148): CFilter->filter(Object(CFilterChain))
#18 /var/www/test.loc/yii-1.1.21/web/filters/CInlineFilter.php(58): CController->filterAccessControl(Object(CFilterChain))
#19 /var/www/test.loc/yii-1.1.21/web/filters/CFilterChain.php(131): CInlineFilter->filter(Object(CFilterChain))
#20 /var/www/test.loc/yii-1.1.21/web/CController.php(291): CFilterChain->run()
#21 /var/www/test.loc/yii-1.1.21/web/CController.php(265): CController->runActionWithFilters(Object(CInlineAction), Array)
#22 /var/www/test.loc/yii-1.1.21/web/CWebApplication.php(282): CController->run('')
#23 /var/www/test.loc/yii-1.1.21/web/CWebApplication.php(141): CWebApplication->runController('post')
#24 /var/www/test.loc/yii-1.1.21/base/CApplication.php(185): CWebApplication->processRequest()
#25 /var/www/test.loc/index.php(13): CApplication->run()
#26 {main}
REQUEST_URI=/index.php?r=post
---
2019/12/19 15:15:23 [error] [exception.CException] CException: Property "Comment.pendingCommentCount" is not defined. in /var/www/test.loc/yii-1.1.21/base/CComponent.php:130
Stack trace:
#0 /var/www/test.loc/yii-1.1.21/db/ar/CActiveRecord.php(145): CComponent->__get('pendingCommentC...')
#1 /var/www/test.loc/protected/components/views/userMenu.php(5): CActiveRecord->__get('pendingCommentC...')
#2 /var/www/test.loc/yii-1.1.21/web/CBaseController.php(130): require('/var/www/test.l...')
#3 /var/www/test.loc/yii-1.1.21/web/CBaseController.php(95): CBaseController->renderInternal('/var/www/test.l...', NULL, false)
#4 /var/www/test.loc/yii-1.1.21/web/widgets/CWidget.php(244): CBaseController->renderFile('/var/www/test.l...', NULL, false)
#5 /var/www/test.loc/protected/components/UserMenu.php(14): CWidget->render('userMenu')
#6 /var/www/test.loc/yii-1.1.21/zii/widgets/CPortlet.php(97): UserMenu->renderContent()
#7 /var/www/test.loc/yii-1.1.21/web/CBaseController.php(182): CPortlet->run()
#8 /var/www/test.loc/protected/views/layouts/column2.php(10): CBaseController->widget('UserMenu')
#9 /var/www/test.loc/yii-1.1.21/web/CBaseController.php(126): require('/var/www/test.l...')
#10 /var/www/test.loc/yii-1.1.21/web/CBaseController.php(95): CBaseController->renderInternal('/var/www/test.l...', Array, true)
#11 /var/www/test.loc/yii-1.1.21/web/CController.php(787): CBaseController->renderFile('/var/www/test.l...', Array, true)
#12 /var/www/test.loc/protected/controllers/PostController.php(127): CController->render('index', Array)
#13 /var/www/test.loc/yii-1.1.21/web/actions/CInlineAction.php(49): PostController->actionIndex()
#14 /var/www/test.loc/yii-1.1.21/web/CController.php(308): CInlineAction->runWithParams(Array)
#15 /var/www/test.loc/yii-1.1.21/web/filters/CFilterChain.php(134): CController->runAction(Object(CInlineAction))
#16 /var/www/test.loc/yii-1.1.21/web/filters/CFilter.php(40): CFilterChain->run()
#17 /var/www/test.loc/yii-1.1.21/web/CController.php(1148): CFilter->filter(Object(CFilterChain))
#18 /var/www/test.loc/yii-1.1.21/web/filters/CInlineFilter.php(58): CController->filterAccessControl(Object(CFilterChain))
#19 /var/www/test.loc/yii-1.1.21/web/filters/CFilterChain.php(131): CInlineFilter->filter(Object(CFilterChain))
#20 /var/www/test.loc/yii-1.1.21/web/CController.php(291): CFilterChain->run()
#21 /var/www/test.loc/yii-1.1.21/web/CController.php(265): CController->runActionWithFilters(Object(CInlineAction), Array)
#22 /var/www/test.loc/yii-1.1.21/web/CWebApplication.php(282): CController->run('')
#23 /var/www/test.loc/yii-1.1.21/web/CWebApplication.php(141): CWebApplication->runController('post')
#24 /var/www/test.loc/yii-1.1.21/base/CApplication.php(185): CWebApplication->processRequest()
#25 /var/www/test.loc/index.php(13): CApplication->run()
#26 {main}
REQUEST_URI=/index.php?r=post
---
2019/12/20 10:14:03 [error] [exception.CHttpException.404] CHttpException: Unable to resolve the request "posts". in /var/www/test.loc/yii-1.1.21/web/CWebApplication.php:286
Stack trace:
#0 /var/www/test.loc/yii-1.1.21/web/CWebApplication.php(141): CWebApplication->runController('posts')
#1 /var/www/test.loc/yii-1.1.21/base/CApplication.php(185): CWebApplication->processRequest()
#2 /var/www/test.loc/index.php(13): CApplication->run()
#3 {main}
REQUEST_URI=/index.php?r=posts
---
2019/12/20 10:19:16 [error] [exception.CHttpException.404] CHttpException: Unable to resolve the request "admin". in /var/www/test.loc/yii-1.1.21/web/CWebApplication.php:286
Stack trace:
#0 /var/www/test.loc/yii-1.1.21/web/CWebApplication.php(141): CWebApplication->runController('admin')
#1 /var/www/test.loc/yii-1.1.21/base/CApplication.php(185): CWebApplication->processRequest()
#2 /var/www/test.loc/index.php(13): CApplication->run()
#3 {main}
REQUEST_URI=/index.php?r=admin
---
2019/12/20 10:20:06 [error] [exception.CHttpException.404] CHttpException: Unable to resolve the request "posts". in /var/www/test.loc/yii-1.1.21/web/CWebApplication.php:286
Stack trace:
#0 /var/www/test.loc/yii-1.1.21/web/CWebApplication.php(141): CWebApplication->runController('posts')
#1 /var/www/test.loc/yii-1.1.21/base/CApplication.php(185): CWebApplication->processRequest()
#2 /var/www/test.loc/index.php(13): CApplication->run()
#3 {main}
REQUEST_URI=/index.php?r=posts
---
2019/12/20 10:20:21 [error] [exception.CException] CException: Property "Comment.pendingCommentCount" is not defined. in /var/www/test.loc/yii-1.1.21/base/CComponent.php:130
Stack trace:
#0 /var/www/test.loc/yii-1.1.21/db/ar/CActiveRecord.php(145): CComponent->__get('pendingCommentC...')
#1 /var/www/test.loc/protected/components/views/userMenu.php(5): CActiveRecord->__get('pendingCommentC...')
#2 /var/www/test.loc/yii-1.1.21/web/CBaseController.php(130): require('/var/www/test.l...')
#3 /var/www/test.loc/yii-1.1.21/web/CBaseController.php(95): CBaseController->renderInternal('/var/www/test.l...', NULL, false)
#4 /var/www/test.loc/yii-1.1.21/web/widgets/CWidget.php(244): CBaseController->renderFile('/var/www/test.l...', NULL, false)
#5 /var/www/test.loc/protected/components/UserMenu.php(14): CWidget->render('userMenu')
#6 /var/www/test.loc/yii-1.1.21/zii/widgets/CPortlet.php(97): UserMenu->renderContent()
#7 /var/www/test.loc/yii-1.1.21/web/CBaseController.php(182): CPortlet->run()
#8 /var/www/test.loc/protected/views/layouts/column2.php(10): CBaseController->widget('UserMenu')
#9 /var/www/test.loc/yii-1.1.21/web/CBaseController.php(126): require('/var/www/test.l...')
#10 /var/www/test.loc/yii-1.1.21/web/CBaseController.php(95): CBaseController->renderInternal('/var/www/test.l...', Array, true)
#11 /var/www/test.loc/yii-1.1.21/web/CController.php(787): CBaseController->renderFile('/var/www/test.l...', Array, true)
#12 /var/www/test.loc/protected/controllers/PostController.php(162): CController->render('admin', Array)
#13 /var/www/test.loc/yii-1.1.21/web/actions/CInlineAction.php(49): PostController->actionAdmin()
#14 /var/www/test.loc/yii-1.1.21/web/CController.php(308): CInlineAction->runWithParams(Array)
#15 /var/www/test.loc/yii-1.1.21/web/filters/CFilterChain.php(134): CController->runAction(Object(CInlineAction))
#16 /var/www/test.loc/yii-1.1.21/web/filters/CFilter.php(40): CFilterChain->run()
#17 /var/www/test.loc/yii-1.1.21/web/CController.php(1148): CFilter->filter(Object(CFilterChain))
#18 /var/www/test.loc/yii-1.1.21/web/filters/CInlineFilter.php(58): CController->filterAccessControl(Object(CFilterChain))
#19 /var/www/test.loc/yii-1.1.21/web/filters/CFilterChain.php(131): CInlineFilter->filter(Object(CFilterChain))
#20 /var/www/test.loc/yii-1.1.21/web/CController.php(291): CFilterChain->run()
#21 /var/www/test.loc/yii-1.1.21/web/CController.php(265): CController->runActionWithFilters(Object(CInlineAction), Array)
#22 /var/www/test.loc/yii-1.1.21/web/CWebApplication.php(282): CController->run('admin')
#23 /var/www/test.loc/yii-1.1.21/web/CWebApplication.php(141): CWebApplication->runController('post/admin')
#24 /var/www/test.loc/yii-1.1.21/base/CApplication.php(185): CWebApplication->processRequest()
#25 /var/www/test.loc/index.php(13): CApplication->run()
#26 {main}
REQUEST_URI=/index.php?r=post/admin
HTTP_REFERER=http://test.loc/index.php?r=site/login
---
2019/12/20 10:34:39 [error] [exception.CException] CException: Property "Comment.pendingCommentCount" is not defined. in /var/www/test.loc/yii-1.1.21/base/CComponent.php:130
Stack trace:
#0 /var/www/test.loc/yii-1.1.21/db/ar/CActiveRecord.php(145): CComponent->__get('pendingCommentC...')
#1 /var/www/test.loc/protected/components/views/userMenu.php(5): CActiveRecord->__get('pendingCommentC...')
#2 /var/www/test.loc/yii-1.1.21/web/CBaseController.php(130): require('/var/www/test.l...')
#3 /var/www/test.loc/yii-1.1.21/web/CBaseController.php(95): CBaseController->renderInternal('/var/www/test.l...', NULL, false)
#4 /var/www/test.loc/yii-1.1.21/web/widgets/CWidget.php(244): CBaseController->renderFile('/var/www/test.l...', NULL, false)
#5 /var/www/test.loc/protected/components/UserMenu.php(14): CWidget->render('userMenu')
#6 /var/www/test.loc/yii-1.1.21/zii/widgets/CPortlet.php(97): UserMenu->renderContent()
#7 /var/www/test.loc/yii-1.1.21/web/CBaseController.php(182): CPortlet->run()
#8 /var/www/test.loc/protected/views/layouts/column2.php(10): CBaseController->widget('UserMenu')
#9 /var/www/test.loc/yii-1.1.21/web/CBaseController.php(126): require('/var/www/test.l...')
#10 /var/www/test.loc/yii-1.1.21/web/CBaseController.php(95): CBaseController->renderInternal('/var/www/test.l...', Array, true)
#11 /var/www/test.loc/yii-1.1.21/web/CController.php(787): CBaseController->renderFile('/var/www/test.l...', Array, true)
#12 /var/www/test.loc/protected/controllers/PostController.php(187): CController->render('admin', Array)
#13 /var/www/test.loc/yii-1.1.21/web/actions/CInlineAction.php(49): PostController->actionAdmin()
#14 /var/www/test.loc/yii-1.1.21/web/CController.php(308): CInlineAction->runWithParams(Array)
#15 /var/www/test.loc/yii-1.1.21/web/filters/CFilterChain.php(134): CController->runAction(Object(CInlineAction))
#16 /var/www/test.loc/yii-1.1.21/web/filters/CFilter.php(40): CFilterChain->run()
#17 /var/www/test.loc/yii-1.1.21/web/CController.php(1148): CFilter->filter(Object(CFilterChain))
#18 /var/www/test.loc/yii-1.1.21/web/filters/CInlineFilter.php(58): CController->filterAccessControl(Object(CFilterChain))
#19 /var/www/test.loc/yii-1.1.21/web/filters/CFilterChain.php(131): CInlineFilter->filter(Object(CFilterChain))
#20 /var/www/test.loc/yii-1.1.21/web/CController.php(291): CFilterChain->run()
#21 /var/www/test.loc/yii-1.1.21/web/CController.php(265): CController->runActionWithFilters(Object(CInlineAction), Array)
#22 /var/www/test.loc/yii-1.1.21/web/CWebApplication.php(282): CController->run('admin')
#23 /var/www/test.loc/yii-1.1.21/web/CWebApplication.php(141): CWebApplication->runController('post/admin')
#24 /var/www/test.loc/yii-1.1.21/base/CApplication.php(185): CWebApplication->processRequest()
#25 /var/www/test.loc/index.php(13): CApplication->run()
#26 {main}
REQUEST_URI=/index.php?r=post/admin
HTTP_REFERER=http://test.loc/index.php?r=site/login
---
2019/12/20 10:34:40 [error] [exception.CException] CException: Property "Comment.pendingCommentCount" is not defined. in /var/www/test.loc/yii-1.1.21/base/CComponent.php:130
Stack trace:
#0 /var/www/test.loc/yii-1.1.21/db/ar/CActiveRecord.php(145): CComponent->__get('pendingCommentC...')
#1 /var/www/test.loc/protected/components/views/userMenu.php(5): CActiveRecord->__get('pendingCommentC...')
#2 /var/www/test.loc/yii-1.1.21/web/CBaseController.php(130): require('/var/www/test.l...')
#3 /var/www/test.loc/yii-1.1.21/web/CBaseController.php(95): CBaseController->renderInternal('/var/www/test.l...', NULL, false)
#4 /var/www/test.loc/yii-1.1.21/web/widgets/CWidget.php(244): CBaseController->renderFile('/var/www/test.l...', NULL, false)
#5 /var/www/test.loc/protected/components/UserMenu.php(14): CWidget->render('userMenu')
#6 /var/www/test.loc/yii-1.1.21/zii/widgets/CPortlet.php(97): UserMenu->renderContent()
#7 /var/www/test.loc/yii-1.1.21/web/CBaseController.php(182): CPortlet->run()
#8 /var/www/test.loc/protected/views/layouts/column2.php(10): CBaseController->widget('UserMenu')
#9 /var/www/test.loc/yii-1.1.21/web/CBaseController.php(126): require('/var/www/test.l...')
#10 /var/www/test.loc/yii-1.1.21/web/CBaseController.php(95): CBaseController->renderInternal('/var/www/test.l...', Array, true)
#11 /var/www/test.loc/yii-1.1.21/web/CController.php(787): CBaseController->renderFile('/var/www/test.l...', Array, true)
#12 /var/www/test.loc/protected/controllers/PostController.php(187): CController->render('admin', Array)
#13 /var/www/test.loc/yii-1.1.21/web/actions/CInlineAction.php(49): PostController->actionAdmin()
#14 /var/www/test.loc/yii-1.1.21/web/CController.php(308): CInlineAction->runWithParams(Array)
#15 /var/www/test.loc/yii-1.1.21/web/filters/CFilterChain.php(134): CController->runAction(Object(CInlineAction))
#16 /var/www/test.loc/yii-1.1.21/web/filters/CFilter.php(40): CFilterChain->run()
#17 /var/www/test.loc/yii-1.1.21/web/CController.php(1148): CFilter->filter(Object(CFilterChain))
#18 /var/www/test.loc/yii-1.1.21/web/filters/CInlineFilter.php(58): CController->filterAccessControl(Object(CFilterChain))
#19 /var/www/test.loc/yii-1.1.21/web/filters/CFilterChain.php(131): CInlineFilter->filter(Object(CFilterChain))
#20 /var/www/test.loc/yii-1.1.21/web/CController.php(291): CFilterChain->run()
#21 /var/www/test.loc/yii-1.1.21/web/CController.php(265): CController->runActionWithFilters(Object(CInlineAction), Array)
#22 /var/www/test.loc/yii-1.1.21/web/CWebApplication.php(282): CController->run('admin')
#23 /var/www/test.loc/yii-1.1.21/web/CWebApplication.php(141): CWebApplication->runController('post/admin')
#24 /var/www/test.loc/yii-1.1.21/base/CApplication.php(185): CWebApplication->processRequest()
#25 /var/www/test.loc/index.php(13): CApplication->run()
#26 {main}
REQUEST_URI=/index.php?r=post/admin
HTTP_REFERER=http://test.loc/index.php?r=site/login
---
2019/12/20 10:44:20 [warning] [application] Failed to set unsafe attribute "create_time" of "Post".
in /var/www/test.loc/protected/controllers/PostController.php (93)
in /var/www/test.loc/index.php (13)
2019/12/20 10:44:20 [warning] [application] Failed to set unsafe attribute "update_time" of "Post".
in /var/www/test.loc/protected/controllers/PostController.php (93)
in /var/www/test.loc/index.php (13)
2019/12/20 10:44:20 [warning] [application] Failed to set unsafe attribute "author_id" of "Post".
in /var/www/test.loc/protected/controllers/PostController.php (93)
in /var/www/test.loc/index.php (13)
2019/12/20 10:44:32 [warning] [application] Failed to set unsafe attribute "create_time" of "Post".
in /var/www/test.loc/protected/controllers/PostController.php (93)
in /var/www/test.loc/index.php (13)
2019/12/20 10:44:32 [warning] [application] Failed to set unsafe attribute "update_time" of "Post".
in /var/www/test.loc/protected/controllers/PostController.php (93)
in /var/www/test.loc/index.php (13)
2019/12/20 10:44:32 [warning] [application] Failed to set unsafe attribute "author_id" of "Post".
in /var/www/test.loc/protected/controllers/PostController.php (93)
in /var/www/test.loc/index.php (13)
2019/12/20 10:44:44 [warning] [application] Failed to set unsafe attribute "create_time" of "Post".
in /var/www/test.loc/protected/controllers/PostController.php (93)
in /var/www/test.loc/index.php (13)
2019/12/20 10:44:44 [warning] [application] Failed to set unsafe attribute "update_time" of "Post".
in /var/www/test.loc/protected/controllers/PostController.php (93)
in /var/www/test.loc/index.php (13)
2019/12/20 10:44:44 [warning] [application] Failed to set unsafe attribute "author_id" of "Post".
in /var/www/test.loc/protected/controllers/PostController.php (93)
in /var/www/test.loc/index.php (13)
2019/12/20 12:28:55 [error] [exception.CException] CException: PostController has an extra endWidget(CContentDecorator) call in its view. in /var/www/test.loc/yii-1.1.21/web/CBaseController.php:219
Stack trace:
#0 /var/www/test.loc/yii-1.1.21/web/CBaseController.php(309): CBaseController->endWidget('CContentDecorat...')
#1 /var/www/test.loc/protected/views/layouts/column2.php(26): CBaseController->endContent()
#2 /var/www/test.loc/yii-1.1.21/web/CBaseController.php(126): require('/var/www/test.l...')
#3 /var/www/test.loc/yii-1.1.21/web/CBaseController.php(95): CBaseController->renderInternal('/var/www/test.l...', Array, true)
#4 /var/www/test.loc/yii-1.1.21/web/CController.php(787): CBaseController->renderFile('/var/www/test.l...', Array, true)
#5 /var/www/test.loc/protected/controllers/PostController.php(174): CController->render('index', Array)
#6 /var/www/test.loc/yii-1.1.21/web/actions/CInlineAction.php(49): PostController->actionIndex()
#7 /var/www/test.loc/yii-1.1.21/web/CController.php(308): CInlineAction->runWithParams(Array)
#8 /var/www/test.loc/yii-1.1.21/web/filters/CFilterChain.php(134): CController->runAction(Object(CInlineAction))
#9 /var/www/test.loc/yii-1.1.21/web/filters/CFilter.php(40): CFilterChain->run()
#10 /var/www/test.loc/yii-1.1.21/web/CController.php(1148): CFilter->filter(Object(CFilterChain))
#11 /var/www/test.loc/yii-1.1.21/web/filters/CInlineFilter.php(58): CController->filterAccessControl(Object(CFilterChain))
#12 /var/www/test.loc/yii-1.1.21/web/filters/CFilterChain.php(131): CInlineFilter->filter(Object(CFilterChain))
#13 /var/www/test.loc/yii-1.1.21/web/CController.php(291): CFilterChain->run()
#14 /var/www/test.loc/yii-1.1.21/web/CController.php(265): CController->runActionWithFilters(Object(CInlineAction), Array)
#15 /var/www/test.loc/yii-1.1.21/web/CWebApplication.php(282): CController->run('index')
#16 /var/www/test.loc/yii-1.1.21/web/CWebApplication.php(141): CWebApplication->runController('post/index')
#17 /var/www/test.loc/yii-1.1.21/base/CApplication.php(185): CWebApplication->processRequest()
#18 /var/www/test.loc/index.php(13): CApplication->run()
#19 {main}
REQUEST_URI=/index.php?r=post/index
HTTP_REFERER=http://test.loc/index.php?r=post/create
---
2019/12/20 12:29:08 [error] [exception.CException] CException: PostController has an extra endWidget(CContentDecorator) call in its view. in /var/www/test.loc/yii-1.1.21/web/CBaseController.php:219
Stack trace:
#0 /var/www/test.loc/yii-1.1.21/web/CBaseController.php(309): CBaseController->endWidget('CContentDecorat...')
#1 /var/www/test.loc/protected/views/layouts/column2.php(26): CBaseController->endContent()
#2 /var/www/test.loc/yii-1.1.21/web/CBaseController.php(126): require('/var/www/test.l...')
#3 /var/www/test.loc/yii-1.1.21/web/CBaseController.php(95): CBaseController->renderInternal('/var/www/test.l...', Array, true)
#4 /var/www/test.loc/yii-1.1.21/web/CController.php(787): CBaseController->renderFile('/var/www/test.l...', Array, true)
#5 /var/www/test.loc/protected/controllers/PostController.php(174): CController->render('index', Array)
#6 /var/www/test.loc/yii-1.1.21/web/actions/CInlineAction.php(49): PostController->actionIndex()
#7 /var/www/test.loc/yii-1.1.21/web/CController.php(308): CInlineAction->runWithParams(Array)
#8 /var/www/test.loc/yii-1.1.21/web/filters/CFilterChain.php(134): CController->runAction(Object(CInlineAction))
#9 /var/www/test.loc/yii-1.1.21/web/filters/CFilter.php(40): CFilterChain->run()
#10 /var/www/test.loc/yii-1.1.21/web/CController.php(1148): CFilter->filter(Object(CFilterChain))
#11 /var/www/test.loc/yii-1.1.21/web/filters/CInlineFilter.php(58): CController->filterAccessControl(Object(CFilterChain))
#12 /var/www/test.loc/yii-1.1.21/web/filters/CFilterChain.php(131): CInlineFilter->filter(Object(CFilterChain))
#13 /var/www/test.loc/yii-1.1.21/web/CController.php(291): CFilterChain->run()
#14 /var/www/test.loc/yii-1.1.21/web/CController.php(265): CController->runActionWithFilters(Object(CInlineAction), Array)
#15 /var/www/test.loc/yii-1.1.21/web/CWebApplication.php(282): CController->run('index')
#16 /var/www/test.loc/yii-1.1.21/web/CWebApplication.php(141): CWebApplication->runController('post/index')
#17 /var/www/test.loc/yii-1.1.21/base/CApplication.php(185): CWebApplication->processRequest()
#18 /var/www/test.loc/index.php(13): CApplication->run()
#19 {main}
REQUEST_URI=/index.php?r=post/index
HTTP_REFERER=http://test.loc/index.php?r=post/create
---
2019/12/20 12:46:41 [error] [exception.CException] CException: Tag and its behaviors do not have a method or closure named "findTagWeights". in /var/www/test.loc/yii-1.1.21/base/CComponent.php:266
Stack trace:
#0 /var/www/test.loc/yii-1.1.21/db/ar/CActiveRecord.php(229): CComponent->__call('findTagWeights', Array)
#1 /var/www/test.loc/protected/components/TagCloud.php(12): CActiveRecord->__call('findTagWeights', Array)
#2 /var/www/test.loc/yii-1.1.21/zii/widgets/CPortlet.php(97): TagCloud->renderContent()
#3 /var/www/test.loc/yii-1.1.21/web/CBaseController.php(182): CPortlet->run()
#4 /var/www/test.loc/protected/views/layouts/column2.php(29): CBaseController->widget('TagCloud', Array)
#5 /var/www/test.loc/yii-1.1.21/web/CBaseController.php(126): require('/var/www/test.l...')
#6 /var/www/test.loc/yii-1.1.21/web/CBaseController.php(95): CBaseController->renderInternal('/var/www/test.l...', Array, true)
#7 /var/www/test.loc/yii-1.1.21/web/CController.php(787): CBaseController->renderFile('/var/www/test.l...', Array, true)
#8 /var/www/test.loc/protected/controllers/PostController.php(174): CController->render('index', Array)
#9 /var/www/test.loc/yii-1.1.21/web/actions/CInlineAction.php(49): PostController->actionIndex()
#10 /var/www/test.loc/yii-1.1.21/web/CController.php(308): CInlineAction->runWithParams(Array)
#11 /var/www/test.loc/yii-1.1.21/web/filters/CFilterChain.php(134): CController->runAction(Object(CInlineAction))
#12 /var/www/test.loc/yii-1.1.21/web/filters/CFilter.php(40): CFilterChain->run()
#13 /var/www/test.loc/yii-1.1.21/web/CController.php(1148): CFilter->filter(Object(CFilterChain))
#14 /var/www/test.loc/yii-1.1.21/web/filters/CInlineFilter.php(58): CController->filterAccessControl(Object(CFilterChain))
#15 /var/www/test.loc/yii-1.1.21/web/filters/CFilterChain.php(131): CInlineFilter->filter(Object(CFilterChain))
#16 /var/www/test.loc/yii-1.1.21/web/CController.php(291): CFilterChain->run()
#17 /var/www/test.loc/yii-1.1.21/web/CController.php(265): CController->runActionWithFilters(Object(CInlineAction), Array)
#18 /var/www/test.loc/yii-1.1.21/web/CWebApplication.php(282): CController->run('')
#19 /var/www/test.loc/yii-1.1.21/web/CWebApplication.php(141): CWebApplication->runController('post')
#20 /var/www/test.loc/yii-1.1.21/base/CApplication.php(185): CWebApplication->processRequest()
#21 /var/www/test.loc/index.php(13): CApplication->run()
#22 {main}
REQUEST_URI=/index.php?r=post
---
2019/12/20 12:47:00 [error] [exception.CException] CException: Tag and its behaviors do not have a method or closure named "findTagWeights". in /var/www/test.loc/yii-1.1.21/base/CComponent.php:266
Stack trace:
#0 /var/www/test.loc/yii-1.1.21/db/ar/CActiveRecord.php(229): CComponent->__call('findTagWeights', Array)
#1 /var/www/test.loc/protected/components/TagCloud.php(12): CActiveRecord->__call('findTagWeights', Array)
#2 /var/www/test.loc/yii-1.1.21/zii/widgets/CPortlet.php(97): TagCloud->renderContent()
#3 /var/www/test.loc/yii-1.1.21/web/CBaseController.php(182): CPortlet->run()
#4 /var/www/test.loc/protected/views/layouts/column2.php(29): CBaseController->widget('TagCloud', Array)
#5 /var/www/test.loc/yii-1.1.21/web/CBaseController.php(126): require('/var/www/test.l...')
#6 /var/www/test.loc/yii-1.1.21/web/CBaseController.php(95): CBaseController->renderInternal('/var/www/test.l...', Array, true)
#7 /var/www/test.loc/yii-1.1.21/web/CController.php(787): CBaseController->renderFile('/var/www/test.l...', Array, true)
#8 /var/www/test.loc/protected/controllers/PostController.php(174): CController->render('index', Array)
#9 /var/www/test.loc/yii-1.1.21/web/actions/CInlineAction.php(49): PostController->actionIndex()
#10 /var/www/test.loc/yii-1.1.21/web/CController.php(308): CInlineAction->runWithParams(Array)
#11 /var/www/test.loc/yii-1.1.21/web/filters/CFilterChain.php(134): CController->runAction(Object(CInlineAction))
#12 /var/www/test.loc/yii-1.1.21/web/filters/CFilter.php(40): CFilterChain->run()
#13 /var/www/test.loc/yii-1.1.21/web/CController.php(1148): CFilter->filter(Object(CFilterChain))
#14 /var/www/test.loc/yii-1.1.21/web/filters/CInlineFilter.php(58): CController->filterAccessControl(Object(CFilterChain))
#15 /var/www/test.loc/yii-1.1.21/web/filters/CFilterChain.php(131): CInlineFilter->filter(Object(CFilterChain))
#16 /var/www/test.loc/yii-1.1.21/web/CController.php(291): CFilterChain->run()
#17 /var/www/test.loc/yii-1.1.21/web/CController.php(265): CController->runActionWithFilters(Object(CInlineAction), Array)
#18 /var/www/test.loc/yii-1.1.21/web/CWebApplication.php(282): CController->run('')
#19 /var/www/test.loc/yii-1.1.21/web/CWebApplication.php(141): CWebApplication->runController('post')
#20 /var/www/test.loc/yii-1.1.21/base/CApplication.php(185): CWebApplication->processRequest()
#21 /var/www/test.loc/index.php(13): CApplication->run()
#22 {main}
REQUEST_URI=/index.php?r=post
---
2019/12/20 12:47:46 [error] [exception.CException] CException: Tag and its behaviors do not have a method or closure named "findTagWeights". in /var/www/test.loc/yii-1.1.21/base/CComponent.php:266
Stack trace:
#0 /var/www/test.loc/yii-1.1.21/db/ar/CActiveRecord.php(229): CComponent->__call('findTagWeights', Array)
#1 /var/www/test.loc/protected/components/TagCloud.php(12): CActiveRecord->__call('findTagWeights', Array)
#2 /var/www/test.loc/yii-1.1.21/zii/widgets/CPortlet.php(97): TagCloud->renderContent()
#3 /var/www/test.loc/yii-1.1.21/web/CBaseController.php(182): CPortlet->run()
#4 /var/www/test.loc/protected/views/layouts/column2.php(29): CBaseController->widget('TagCloud', Array)
#5 /var/www/test.loc/yii-1.1.21/web/CBaseController.php(126): require('/var/www/test.l...')
#6 /var/www/test.loc/yii-1.1.21/web/CBaseController.php(95): CBaseController->renderInternal('/var/www/test.l...', Array, true)
#7 /var/www/test.loc/yii-1.1.21/web/CController.php(787): CBaseController->renderFile('/var/www/test.l...', Array, true)
#8 /var/www/test.loc/protected/controllers/PostController.php(174): CController->render('index', Array)
#9 /var/www/test.loc/yii-1.1.21/web/actions/CInlineAction.php(49): PostController->actionIndex()
#10 /var/www/test.loc/yii-1.1.21/web/CController.php(308): CInlineAction->runWithParams(Array)
#11 /var/www/test.loc/yii-1.1.21/web/filters/CFilterChain.php(134): CController->runAction(Object(CInlineAction))
#12 /var/www/test.loc/yii-1.1.21/web/filters/CFilter.php(40): CFilterChain->run()
#13 /var/www/test.loc/yii-1.1.21/web/CController.php(1148): CFilter->filter(Object(CFilterChain))
#14 /var/www/test.loc/yii-1.1.21/web/filters/CInlineFilter.php(58): CController->filterAccessControl(Object(CFilterChain))
#15 /var/www/test.loc/yii-1.1.21/web/filters/CFilterChain.php(131): CInlineFilter->filter(Object(CFilterChain))
#16 /var/www/test.loc/yii-1.1.21/web/CController.php(291): CFilterChain->run()
#17 /var/www/test.loc/yii-1.1.21/web/CController.php(265): CController->runActionWithFilters(Object(CInlineAction), Array)
#18 /var/www/test.loc/yii-1.1.21/web/CWebApplication.php(282): CController->run('')
#19 /var/www/test.loc/yii-1.1.21/web/CWebApplication.php(141): CWebApplication->runController('post')
#20 /var/www/test.loc/yii-1.1.21/base/CApplication.php(185): CWebApplication->processRequest()
#21 /var/www/test.loc/index.php(13): CApplication->run()
#22 {main}
REQUEST_URI=/index.php?r=post
---
2019/12/20 12:47:52 [error] [exception.CException] CException: Tag and its behaviors do not have a method or closure named "findTagWeights". in /var/www/test.loc/yii-1.1.21/base/CComponent.php:266
Stack trace:
#0 /var/www/test.loc/yii-1.1.21/db/ar/CActiveRecord.php(229): CComponent->__call('findTagWeights', Array)
#1 /var/www/test.loc/protected/components/TagCloud.php(12): CActiveRecord->__call('findTagWeights', Array)
#2 /var/www/test.loc/yii-1.1.21/zii/widgets/CPortlet.php(97): TagCloud->renderContent()
#3 /var/www/test.loc/yii-1.1.21/web/CBaseController.php(182): CPortlet->run()
#4 /var/www/test.loc/protected/views/layouts/column2.php(29): CBaseController->widget('TagCloud', Array)
#5 /var/www/test.loc/yii-1.1.21/web/CBaseController.php(126): require('/var/www/test.l...')
#6 /var/www/test.loc/yii-1.1.21/web/CBaseController.php(95): CBaseController->renderInternal('/var/www/test.l...', Array, true)
#7 /var/www/test.loc/yii-1.1.21/web/CController.php(787): CBaseController->renderFile('/var/www/test.l...', Array, true)
#8 /var/www/test.loc/protected/controllers/PostController.php(174): CController->render('index', Array)
#9 /var/www/test.loc/yii-1.1.21/web/actions/CInlineAction.php(49): PostController->actionIndex()
#10 /var/www/test.loc/yii-1.1.21/web/CController.php(308): CInlineAction->runWithParams(Array)
#11 /var/www/test.loc/yii-1.1.21/web/filters/CFilterChain.php(134): CController->runAction(Object(CInlineAction))
#12 /var/www/test.loc/yii-1.1.21/web/filters/CFilter.php(40): CFilterChain->run()
#13 /var/www/test.loc/yii-1.1.21/web/CController.php(1148): CFilter->filter(Object(CFilterChain))
#14 /var/www/test.loc/yii-1.1.21/web/filters/CInlineFilter.php(58): CController->filterAccessControl(Object(CFilterChain))
#15 /var/www/test.loc/yii-1.1.21/web/filters/CFilterChain.php(131): CInlineFilter->filter(Object(CFilterChain))
#16 /var/www/test.loc/yii-1.1.21/web/CController.php(291): CFilterChain->run()
#17 /var/www/test.loc/yii-1.1.21/web/CController.php(265): CController->runActionWithFilters(Object(CInlineAction), Array)
#18 /var/www/test.loc/yii-1.1.21/web/CWebApplication.php(282): CController->run('')
#19 /var/www/test.loc/yii-1.1.21/web/CWebApplication.php(141): CWebApplication->runController('post')
#20 /var/www/test.loc/yii-1.1.21/base/CApplication.php(185): CWebApplication->processRequest()
#21 /var/www/test.loc/index.php(13): CApplication->run()
#22 {main}
REQUEST_URI=/index.php?r=post
---
2019/12/20 12:48:23 [error] [exception.CException] CException: Tag and its behaviors do not have a method or closure named "findTagWeights". in /var/www/test.loc/yii-1.1.21/base/CComponent.php:266
Stack trace:
#0 /var/www/test.loc/yii-1.1.21/db/ar/CActiveRecord.php(229): CComponent->__call('findTagWeights', Array)
#1 /var/www/test.loc/protected/components/TagCloud.php(12): CActiveRecord->__call('findTagWeights', Array)
#2 /var/www/test.loc/yii-1.1.21/zii/widgets/CPortlet.php(97): TagCloud->renderContent()
#3 /var/www/test.loc/yii-1.1.21/web/CBaseController.php(182): CPortlet->run()
#4 /var/www/test.loc/protected/views/layouts/column2.php(29): CBaseController->widget('TagCloud', Array)
#5 /var/www/test.loc/yii-1.1.21/web/CBaseController.php(126): require('/var/www/test.l...')
#6 /var/www/test.loc/yii-1.1.21/web/CBaseController.php(95): CBaseController->renderInternal('/var/www/test.l...', Array, true)
#7 /var/www/test.loc/yii-1.1.21/web/CController.php(787): CBaseController->renderFile('/var/www/test.l...', Array, true)
#8 /var/www/test.loc/protected/controllers/PostController.php(174): CController->render('index', Array)
#9 /var/www/test.loc/yii-1.1.21/web/actions/CInlineAction.php(49): PostController->actionIndex()
#10 /var/www/test.loc/yii-1.1.21/web/CController.php(308): CInlineAction->runWithParams(Array)
#11 /var/www/test.loc/yii-1.1.21/web/filters/CFilterChain.php(134): CController->runAction(Object(CInlineAction))
#12 /var/www/test.loc/yii-1.1.21/web/filters/CFilter.php(40): CFilterChain->run()
#13 /var/www/test.loc/yii-1.1.21/web/CController.php(1148): CFilter->filter(Object(CFilterChain))
#14 /var/www/test.loc/yii-1.1.21/web/filters/CInlineFilter.php(58): CController->filterAccessControl(Object(CFilterChain))
#15 /var/www/test.loc/yii-1.1.21/web/filters/CFilterChain.php(131): CInlineFilter->filter(Object(CFilterChain))
#16 /var/www/test.loc/yii-1.1.21/web/CController.php(291): CFilterChain->run()
#17 /var/www/test.loc/yii-1.1.21/web/CController.php(265): CController->runActionWithFilters(Object(CInlineAction), Array)
#18 /var/www/test.loc/yii-1.1.21/web/CWebApplication.php(282): CController->run('')
#19 /var/www/test.loc/yii-1.1.21/web/CWebApplication.php(141): CWebApplication->runController('post')
#20 /var/www/test.loc/yii-1.1.21/base/CApplication.php(185): CWebApplication->processRequest()
#21 /var/www/test.loc/index.php(13): CApplication->run()
#22 {main}
REQUEST_URI=/index.php?r=post
---
2019/12/20 12:49:30 [error] [exception.CException] CException: Tag and its behaviors do not have a method or closure named "findTagWeights". in /var/www/test.loc/yii-1.1.21/base/CComponent.php:266
Stack trace:
#0 /var/www/test.loc/yii-1.1.21/db/ar/CActiveRecord.php(229): CComponent->__call('findTagWeights', Array)
#1 /var/www/test.loc/protected/components/TagCloud.php(12): CActiveRecord->__call('findTagWeights', Array)
#2 /var/www/test.loc/yii-1.1.21/zii/widgets/CPortlet.php(97): TagCloud->renderContent()
#3 /var/www/test.loc/yii-1.1.21/web/CBaseController.php(182): CPortlet->run()
#4 /var/www/test.loc/protected/views/layouts/column2.php(29): CBaseController->widget('TagCloud', Array)
#5 /var/www/test.loc/yii-1.1.21/web/CBaseController.php(126): require('/var/www/test.l...')
#6 /var/www/test.loc/yii-1.1.21/web/CBaseController.php(95): CBaseController->renderInternal('/var/www/test.l...', Array, true)
#7 /var/www/test.loc/yii-1.1.21/web/CController.php(787): CBaseController->renderFile('/var/www/test.l...', Array, true)
#8 /var/www/test.loc/protected/controllers/PostController.php(174): CController->render('index', Array)
#9 /var/www/test.loc/yii-1.1.21/web/actions/CInlineAction.php(49): PostController->actionIndex()
#10 /var/www/test.loc/yii-1.1.21/web/CController.php(308): CInlineAction->runWithParams(Array)
#11 /var/www/test.loc/yii-1.1.21/web/filters/CFilterChain.php(134): CController->runAction(Object(CInlineAction))
#12 /var/www/test.loc/yii-1.1.21/web/filters/CFilter.php(40): CFilterChain->run()
#13 /var/www/test.loc/yii-1.1.21/web/CController.php(1148): CFilter->filter(Object(CFilterChain))
#14 /var/www/test.loc/yii-1.1.21/web/filters/CInlineFilter.php(58): CController->filterAccessControl(Object(CFilterChain))
#15 /var/www/test.loc/yii-1.1.21/web/filters/CFilterChain.php(131): CInlineFilter->filter(Object(CFilterChain))
#16 /var/www/test.loc/yii-1.1.21/web/CController.php(291): CFilterChain->run()
#17 /var/www/test.loc/yii-1.1.21/web/CController.php(265): CController->runActionWithFilters(Object(CInlineAction), Array)
#18 /var/www/test.loc/yii-1.1.21/web/CWebApplication.php(282): CController->run('')
#19 /var/www/test.loc/yii-1.1.21/web/CWebApplication.php(141): CWebApplication->runController('post')
#20 /var/www/test.loc/yii-1.1.21/base/CApplication.php(185): CWebApplication->processRequest()
#21 /var/www/test.loc/index.php(13): CApplication->run()
#22 {main}
REQUEST_URI=/index.php?r=post
---
2019/12/20 12:49:35 [error] [exception.CException] CException: Tag and its behaviors do not have a method or closure named "findTagWeights". in /var/www/test.loc/yii-1.1.21/base/CComponent.php:266
Stack trace:
#0 /var/www/test.loc/yii-1.1.21/db/ar/CActiveRecord.php(229): CComponent->__call('findTagWeights', Array)
#1 /var/www/test.loc/protected/components/TagCloud.php(12): CActiveRecord->__call('findTagWeights', Array)
#2 /var/www/test.loc/yii-1.1.21/zii/widgets/CPortlet.php(97): TagCloud->renderContent()
#3 /var/www/test.loc/yii-1.1.21/web/CBaseController.php(182): CPortlet->run()
#4 /var/www/test.loc/protected/views/layouts/column2.php(29): CBaseController->widget('TagCloud', Array)
#5 /var/www/test.loc/yii-1.1.21/web/CBaseController.php(126): require('/var/www/test.l...')
#6 /var/www/test.loc/yii-1.1.21/web/CBaseController.php(95): CBaseController->renderInternal('/var/www/test.l...', Array, true)
#7 /var/www/test.loc/yii-1.1.21/web/CController.php(787): CBaseController->renderFile('/var/www/test.l...', Array, true)
#8 /var/www/test.loc/protected/controllers/PostController.php(174): CController->render('index', Array)
#9 /var/www/test.loc/yii-1.1.21/web/actions/CInlineAction.php(49): PostController->actionIndex()
#10 /var/www/test.loc/yii-1.1.21/web/CController.php(308): CInlineAction->runWithParams(Array)
#11 /var/www/test.loc/yii-1.1.21/web/filters/CFilterChain.php(134): CController->runAction(Object(CInlineAction))
#12 /var/www/test.loc/yii-1.1.21/web/filters/CFilter.php(40): CFilterChain->run()
#13 /var/www/test.loc/yii-1.1.21/web/CController.php(1148): CFilter->filter(Object(CFilterChain))
#14 /var/www/test.loc/yii-1.1.21/web/filters/CInlineFilter.php(58): CController->filterAccessControl(Object(CFilterChain))
#15 /var/www/test.loc/yii-1.1.21/web/filters/CFilterChain.php(131): CInlineFilter->filter(Object(CFilterChain))
#16 /var/www/test.loc/yii-1.1.21/web/CController.php(291): CFilterChain->run()
#17 /var/www/test.loc/yii-1.1.21/web/CController.php(265): CController->runActionWithFilters(Object(CInlineAction), Array)
#18 /var/www/test.loc/yii-1.1.21/web/CWebApplication.php(282): CController->run('')
#19 /var/www/test.loc/yii-1.1.21/web/CWebApplication.php(141): CWebApplication->runController('post')
#20 /var/www/test.loc/yii-1.1.21/base/CApplication.php(185): CWebApplication->processRequest()
#21 /var/www/test.loc/index.php(13): CApplication->run()
#22 {main}
REQUEST_URI=/index.php?r=post
---
2019/12/20 13:44:50 [warning] [application] Failed to set unsafe attribute "create_time" of "Post".
in /var/www/test.loc/protected/controllers/PostController.php (93)
in /var/www/test.loc/index.php (13)
2019/12/20 13:44:50 [warning] [application] Failed to set unsafe attribute "update_time" of "Post".
in /var/www/test.loc/protected/controllers/PostController.php (93)
in /var/www/test.loc/index.php (13)
2019/12/20 13:44:50 [warning] [application] Failed to set unsafe attribute "author_id" of "Post".
in /var/www/test.loc/protected/controllers/PostController.php (93)
in /var/www/test.loc/index.php (13)
2019/12/20 13:45:46 [warning] [application] Failed to set unsafe attribute "create_time" of "Post".
in /var/www/test.loc/protected/controllers/PostController.php (93)
in /var/www/test.loc/index.php (13)
2019/12/20 13:45:46 [warning] [application] Failed to set unsafe attribute "update_time" of "Post".
in /var/www/test.loc/protected/controllers/PostController.php (93)
in /var/www/test.loc/index.php (13)
2019/12/20 13:45:46 [warning] [application] Failed to set unsafe attribute "author_id" of "Post".
in /var/www/test.loc/protected/controllers/PostController.php (93)
in /var/www/test.loc/index.php (13)
2019/12/20 13:46:21 [warning] [application] Failed to set unsafe attribute "create_time" of "Post".
in /var/www/test.loc/protected/controllers/PostController.php (93)
in /var/www/test.loc/index.php (13)
2019/12/20 13:46:21 [warning] [application] Failed to set unsafe attribute "update_time" of "Post".
in /var/www/test.loc/protected/controllers/PostController.php (93)
in /var/www/test.loc/index.php (13)
2019/12/20 13:46:21 [warning] [application] Failed to set unsafe attribute "author_id" of "Post".
in /var/www/test.loc/protected/controllers/PostController.php (93)
in /var/www/test.loc/index.php (13)
2019/12/20 13:46:26 [warning] [application] Failed to set unsafe attribute "create_time" of "Post".
in /var/www/test.loc/protected/controllers/PostController.php (93)
in /var/www/test.loc/index.php (13)
2019/12/20 13:46:26 [warning] [application] Failed to set unsafe attribute "update_time" of "Post".
in /var/www/test.loc/protected/controllers/PostController.php (93)
in /var/www/test.loc/index.php (13)
2019/12/20 13:46:26 [warning] [application] Failed to set unsafe attribute "author_id" of "Post".
in /var/www/test.loc/protected/controllers/PostController.php (93)
in /var/www/test.loc/index.php (13)
2019/12/20 13:50:05 [error] [exception.CException] CException: Property "User.name" is not defined. in /var/www/test.loc/yii-1.1.21/base/CComponent.php:130
Stack trace:
#0 /var/www/test.loc/yii-1.1.21/db/ar/CActiveRecord.php(145): CComponent->__get('name')
#1 /var/www/test.loc/protected/controllers/PostController.php(86): CActiveRecord->__get('name')
#2 /var/www/test.loc/yii-1.1.21/web/actions/CInlineAction.php(49): PostController->actionCreate()
#3 /var/www/test.loc/yii-1.1.21/web/CController.php(308): CInlineAction->runWithParams(Array)
#4 /var/www/test.loc/yii-1.1.21/web/filters/CFilterChain.php(134): CController->runAction(Object(CInlineAction))
#5 /var/www/test.loc/yii-1.1.21/web/filters/CFilter.php(40): CFilterChain->run()
#6 /var/www/test.loc/yii-1.1.21/web/CController.php(1148): CFilter->filter(Object(CFilterChain))
#7 /var/www/test.loc/yii-1.1.21/web/filters/CInlineFilter.php(58): CController->filterAccessControl(Object(CFilterChain))
#8 /var/www/test.loc/yii-1.1.21/web/filters/CFilterChain.php(131): CInlineFilter->filter(Object(CFilterChain))
#9 /var/www/test.loc/yii-1.1.21/web/CController.php(291): CFilterChain->run()
#10 /var/www/test.loc/yii-1.1.21/web/CController.php(265): CController->runActionWithFilters(Object(CInlineAction), Array)
#11 /var/www/test.loc/yii-1.1.21/web/CWebApplication.php(282): CController->run('create')
#12 /var/www/test.loc/yii-1.1.21/web/CWebApplication.php(141): CWebApplication->runController('post/create')
#13 /var/www/test.loc/yii-1.1.21/base/CApplication.php(185): CWebApplication->processRequest()
#14 /var/www/test.loc/index.php(13): CApplication->run()
#15 {main}
REQUEST_URI=/index.php/post/create
HTTP_REFERER=http://test.loc/index.php/post/create
---
2019/12/20 13:50:42 [warning] [application] Failed to set unsafe attribute "create_time" of "Post".
in /var/www/test.loc/protected/controllers/PostController.php (96)
in /var/www/test.loc/index.php (13)
2019/12/20 13:50:42 [warning] [application] Failed to set unsafe attribute "update_time" of "Post".
in /var/www/test.loc/protected/controllers/PostController.php (96)
in /var/www/test.loc/index.php (13)
2019/12/20 13:50:42 [warning] [application] Failed to set unsafe attribute "author_id" of "Post".
in /var/www/test.loc/protected/controllers/PostController.php (96)
in /var/www/test.loc/index.php (13)
2019/12/20 13:51:20 [error] [exception.CException] CException: Property "CWebUser.password" is not defined. in /var/www/test.loc/yii-1.1.21/base/CComponent.php:130
Stack trace:
#0 /var/www/test.loc/yii-1.1.21/web/auth/CWebUser.php(146): CComponent->__get('password')
#1 /var/www/test.loc/protected/controllers/PostController.php(86): CWebUser->__get('password')
#2 /var/www/test.loc/yii-1.1.21/web/actions/CInlineAction.php(49): PostController->actionCreate()
#3 /var/www/test.loc/yii-1.1.21/web/CController.php(308): CInlineAction->runWithParams(Array)
#4 /var/www/test.loc/yii-1.1.21/web/filters/CFilterChain.php(134): CController->runAction(Object(CInlineAction))
#5 /var/www/test.loc/yii-1.1.21/web/filters/CFilter.php(40): CFilterChain->run()
#6 /var/www/test.loc/yii-1.1.21/web/CController.php(1148): CFilter->filter(Object(CFilterChain))
#7 /var/www/test.loc/yii-1.1.21/web/filters/CInlineFilter.php(58): CController->filterAccessControl(Object(CFilterChain))
#8 /var/www/test.loc/yii-1.1.21/web/filters/CFilterChain.php(131): CInlineFilter->filter(Object(CFilterChain))
#9 /var/www/test.loc/yii-1.1.21/web/CController.php(291): CFilterChain->run()
#10 /var/www/test.loc/yii-1.1.21/web/CController.php(265): CController->runActionWithFilters(Object(CInlineAction), Array)
#11 /var/www/test.loc/yii-1.1.21/web/CWebApplication.php(282): CController->run('create')
#12 /var/www/test.loc/yii-1.1.21/web/CWebApplication.php(141): CWebApplication->runController('post/create')
#13 /var/www/test.loc/yii-1.1.21/base/CApplication.php(185): CWebApplication->processRequest()
#14 /var/www/test.loc/index.php(13): CApplication->run()
#15 {main}
REQUEST_URI=/index.php/post/create
HTTP_REFERER=http://test.loc/index.php/post/create
---
2019/12/20 13:57:10 [warning] [application] Failed to set unsafe attribute "create_time" of "Post".
in /var/www/test.loc/protected/controllers/PostController.php (92)
in /var/www/test.loc/index.php (13)
2019/12/20 13:57:10 [warning] [application] Failed to set unsafe attribute "update_time" of "Post".
in /var/www/test.loc/protected/controllers/PostController.php (92)
in /var/www/test.loc/index.php (13)
2019/12/20 13:57:10 [warning] [application] Failed to set unsafe attribute "author_id" of "Post".
in /var/www/test.loc/protected/controllers/PostController.php (92)
in /var/www/test.loc/index.php (13)
2019/12/20 13:59:17 [warning] [application] Failed to set unsafe attribute "create_time" of "Post".
in /var/www/test.loc/protected/controllers/PostController.php (92)
in /var/www/test.loc/index.php (13)
2019/12/20 13:59:17 [warning] [application] Failed to set unsafe attribute "update_time" of "Post".
in /var/www/test.loc/protected/controllers/PostController.php (92)
in /var/www/test.loc/index.php (13)
2019/12/20 13:59:17 [warning] [application] Failed to set unsafe attribute "author_id" of "Post".
in /var/www/test.loc/protected/controllers/PostController.php (92)
in /var/www/test.loc/index.php (13)
2019/12/20 14:10:51 [warning] [application] Failed to set unsafe attribute "create_time" of "Post".
in /var/www/test.loc/protected/controllers/PostController.php (92)
in /var/www/test.loc/index.php (13)
2019/12/20 14:10:51 [warning] [application] Failed to set unsafe attribute "update_time" of "Post".
in /var/www/test.loc/protected/controllers/PostController.php (92)
in /var/www/test.loc/index.php (13)
2019/12/20 14:10:51 [warning] [application] Failed to set unsafe attribute "author_id" of "Post".
in /var/www/test.loc/protected/controllers/PostController.php (92)
in /var/www/test.loc/index.php (13)
2019/12/20 14:14:38 [warning] [application] Failed to set unsafe attribute "tags" of "Post".
in /var/www/test.loc/protected/controllers/PostController.php (92)
in /var/www/test.loc/index.php (13)
2019/12/20 14:14:38 [warning] [application] Failed to set unsafe attribute "create_time" of "Post".
in /var/www/test.loc/protected/controllers/PostController.php (92)
in /var/www/test.loc/index.php (13)
2019/12/20 14:14:38 [warning] [application] Failed to set unsafe attribute "update_time" of "Post".
in /var/www/test.loc/protected/controllers/PostController.php (92)
in /var/www/test.loc/index.php (13)
2019/12/20 14:14:38 [warning] [application] Failed to set unsafe attribute "author_id" of "Post".
in /var/www/test.loc/protected/controllers/PostController.php (92)
in /var/www/test.loc/index.php (13)
2019/12/20 14:15:17 [warning] [application] Failed to set unsafe attribute "tags" of "Post".
in /var/www/test.loc/protected/controllers/PostController.php (92)
in /var/www/test.loc/index.php (13)
2019/12/20 14:15:17 [warning] [application] Failed to set unsafe attribute "create_time" of "Post".
in /var/www/test.loc/protected/controllers/PostController.php (92)
in /var/www/test.loc/index.php (13)
2019/12/20 14:15:17 [warning] [application] Failed to set unsafe attribute "update_time" of "Post".
in /var/www/test.loc/protected/controllers/PostController.php (92)
in /var/www/test.loc/index.php (13)
2019/12/20 14:15:17 [warning] [application] Failed to set unsafe attribute "author_id" of "Post".
in /var/www/test.loc/protected/controllers/PostController.php (92)
in /var/www/test.loc/index.php (13)
2019/12/20 14:16:22 [warning] [application] Failed to set unsafe attribute "tags" of "Post".
in /var/www/test.loc/protected/controllers/PostController.php (92)
in /var/www/test.loc/index.php (13)
2019/12/20 14:16:22 [warning] [application] Failed to set unsafe attribute "create_time" of "Post".
in /var/www/test.loc/protected/controllers/PostController.php (92)
in /var/www/test.loc/index.php (13)
2019/12/20 14:16:22 [warning] [application] Failed to set unsafe attribute "update_time" of "Post".
in /var/www/test.loc/protected/controllers/PostController.php (92)
in /var/www/test.loc/index.php (13)
2019/12/20 14:16:22 [warning] [application] Failed to set unsafe attribute "author_id" of "Post".
in /var/www/test.loc/protected/controllers/PostController.php (92)
in /var/www/test.loc/index.php (13)
2019/12/20 14:16:49 [warning] [application] Failed to set unsafe attribute "tags" of "Post".
in /var/www/test.loc/protected/controllers/PostController.php (92)
in /var/www/test.loc/index.php (13)
2019/12/20 14:16:49 [warning] [application] Failed to set unsafe attribute "create_time" of "Post".
in /var/www/test.loc/protected/controllers/PostController.php (92)
in /var/www/test.loc/index.php (13)
2019/12/20 14:16:49 [warning] [application] Failed to set unsafe attribute "update_time" of "Post".
in /var/www/test.loc/protected/controllers/PostController.php (92)
in /var/www/test.loc/index.php (13)
2019/12/20 14:16:49 [warning] [application] Failed to set unsafe attribute "author_id" of "Post".
in /var/www/test.loc/protected/controllers/PostController.php (92)
in /var/www/test.loc/index.php (13)
2019/12/20 14:16:49 [error] [system.db.CDbCommand] CDbCommand::execute() failed: SQLSTATE[HY000]: General error: 1366 Incorrect string value: '\xD0\x9F\xD0\xB5\xD1\x80...' for column 'title' at row 1. The SQL statement executed was: INSERT INTO `tbl_post` (`title`, `content`, `update_time`, `create_time`, `author_id`) VALUES (:yp0, :yp1, :yp2, :yp3, :yp4). Bound with :yp0='ÐÐµÑÐ²ÑÐ¹ Ð¿Ð¾ÑÑ', :yp1='ÐÐ¾ÑÑ 1', :yp2='1576837009', :yp3='1576837009', :yp4=1.
in /var/www/test.loc/protected/controllers/PostController.php (93)
in /var/www/test.loc/index.php (13)
2019/12/20 14:16:49 [error] [exception.CDbException] CDbException: CDbCommand failed to execute the SQL statement: SQLSTATE[HY000]: General error: 1366 Incorrect string value: '\xD0\x9F\xD0\xB5\xD1\x80...' for column 'title' at row 1. The SQL statement executed was: INSERT INTO `tbl_post` (`title`, `content`, `update_time`, `create_time`, `author_id`) VALUES (:yp0, :yp1, :yp2, :yp3, :yp4). Bound with :yp0='ÐÐµÑÐ²ÑÐ¹ Ð¿Ð¾ÑÑ', :yp1='ÐÐ¾ÑÑ 1', :yp2='1576837009', :yp3='1576837009', :yp4=1 in /var/www/test.loc/yii-1.1.21/db/CDbCommand.php:358
Stack trace:
#0 /var/www/test.loc/yii-1.1.21/db/ar/CActiveRecord.php(1083): CDbCommand->execute()
#1 /var/www/test.loc/yii-1.1.21/db/ar/CActiveRecord.php(811): CActiveRecord->insert(NULL)
#2 /var/www/test.loc/protected/controllers/PostController.php(93): CActiveRecord->save()
#3 /var/www/test.loc/yii-1.1.21/web/actions/CInlineAction.php(49): PostController->actionCreate()
#4 /var/www/test.loc/yii-1.1.21/web/CController.php(308): CInlineAction->runWithParams(Array)
#5 /var/www/test.loc/yii-1.1.21/web/filters/CFilterChain.php(134): CController->runAction(Object(CInlineAction))
#6 /var/www/test.loc/yii-1.1.21/web/filters/CFilter.php(40): CFilterChain->run()
#7 /var/www/test.loc/yii-1.1.21/web/CController.php(1148): CFilter->filter(Object(CFilterChain))
#8 /var/www/test.loc/yii-1.1.21/web/filters/CInlineFilter.php(58): CController->filterAccessControl(Object(CFilterChain))
#9 /var/www/test.loc/yii-1.1.21/web/filters/CFilterChain.php(131): CInlineFilter->filter(Object(CFilterChain))
#10 /var/www/test.loc/yii-1.1.21/web/CController.php(291): CFilterChain->run()
#11 /var/www/test.loc/yii-1.1.21/web/CController.php(265): CController->runActionWithFilters(Object(CInlineAction), Array)
#12 /var/www/test.loc/yii-1.1.21/web/CWebApplication.php(282): CController->run('create')
#13 /var/www/test.loc/yii-1.1.21/web/CWebApplication.php(141): CWebApplication->runController('post/create')
#14 /var/www/test.loc/yii-1.1.21/base/CApplication.php(185): CWebApplication->processRequest()
#15 /var/www/test.loc/index.php(13): CApplication->run()
#16 {main}
REQUEST_URI=/index.php/post/create
HTTP_REFERER=http://test.loc/index.php/post/create
---
2019/12/20 14:17:53 [warning] [application] Failed to set unsafe attribute "tags" of "Post".
in /var/www/test.loc/protected/controllers/PostController.php (92)
in /var/www/test.loc/index.php (13)
2019/12/20 14:17:53 [warning] [application] Failed to set unsafe attribute "create_time" of "Post".
in /var/www/test.loc/protected/controllers/PostController.php (92)
in /var/www/test.loc/index.php (13)
2019/12/20 14:17:53 [warning] [application] Failed to set unsafe attribute "update_time" of "Post".
in /var/www/test.loc/protected/controllers/PostController.php (92)
in /var/www/test.loc/index.php (13)
2019/12/20 14:17:53 [warning] [application] Failed to set unsafe attribute "author_id" of "Post".
in /var/www/test.loc/protected/controllers/PostController.php (92)
in /var/www/test.loc/index.php (13)
2019/12/20 14:17:53 [error] [system.db.CDbCommand] CDbCommand::execute() failed: SQLSTATE[22007]: Invalid datetime format: 1292 Incorrect date value: '1576837073' for column 'update_time' at row 1. The SQL statement executed was: INSERT INTO `tbl_post` (`title`, `content`, `update_time`, `create_time`, `author_id`) VALUES (:yp0, :yp1, :yp2, :yp3, :yp4). Bound with :yp0='skd', :yp1='sdf', :yp2='1576837073', :yp3='1576837073', :yp4=1.
in /var/www/test.loc/protected/controllers/PostController.php (93)
in /var/www/test.loc/index.php (13)
2019/12/20 14:17:53 [error] [exception.CDbException] CDbException: CDbCommand failed to execute the SQL statement: SQLSTATE[22007]: Invalid datetime format: 1292 Incorrect date value: '1576837073' for column 'update_time' at row 1. The SQL statement executed was: INSERT INTO `tbl_post` (`title`, `content`, `update_time`, `create_time`, `author_id`) VALUES (:yp0, :yp1, :yp2, :yp3, :yp4). Bound with :yp0='skd', :yp1='sdf', :yp2='1576837073', :yp3='1576837073', :yp4=1 in /var/www/test.loc/yii-1.1.21/db/CDbCommand.php:358
Stack trace:
#0 /var/www/test.loc/yii-1.1.21/db/ar/CActiveRecord.php(1083): CDbCommand->execute()
#1 /var/www/test.loc/yii-1.1.21/db/ar/CActiveRecord.php(811): CActiveRecord->insert(NULL)
#2 /var/www/test.loc/protected/controllers/PostController.php(93): CActiveRecord->save()
#3 /var/www/test.loc/yii-1.1.21/web/actions/CInlineAction.php(49): PostController->actionCreate()
#4 /var/www/test.loc/yii-1.1.21/web/CController.php(308): CInlineAction->runWithParams(Array)
#5 /var/www/test.loc/yii-1.1.21/web/filters/CFilterChain.php(134): CController->runAction(Object(CInlineAction))
#6 /var/www/test.loc/yii-1.1.21/web/filters/CFilter.php(40): CFilterChain->run()
#7 /var/www/test.loc/yii-1.1.21/web/CController.php(1148): CFilter->filter(Object(CFilterChain))
#8 /var/www/test.loc/yii-1.1.21/web/filters/CInlineFilter.php(58): CController->filterAccessControl(Object(CFilterChain))
#9 /var/www/test.loc/yii-1.1.21/web/filters/CFilterChain.php(131): CInlineFilter->filter(Object(CFilterChain))
#10 /var/www/test.loc/yii-1.1.21/web/CController.php(291): CFilterChain->run()
#11 /var/www/test.loc/yii-1.1.21/web/CController.php(265): CController->runActionWithFilters(Object(CInlineAction), Array)
#12 /var/www/test.loc/yii-1.1.21/web/CWebApplication.php(282): CController->run('create')
#13 /var/www/test.loc/yii-1.1.21/web/CWebApplication.php(141): CWebApplication->runController('post/create')
#14 /var/www/test.loc/yii-1.1.21/base/CApplication.php(185): CWebApplication->processRequest()
#15 /var/www/test.loc/index.php(13): CApplication->run()
#16 {main}
REQUEST_URI=/index.php/post/create
HTTP_REFERER=http://test.loc/index.php/post/create
---
2019/12/20 14:17:59 [warning] [application] Failed to set unsafe attribute "tags" of "Post".
in /var/www/test.loc/protected/controllers/PostController.php (92)
in /var/www/test.loc/index.php (13)
2019/12/20 14:17:59 [warning] [application] Failed to set unsafe attribute "create_time" of "Post".
in /var/www/test.loc/protected/controllers/PostController.php (92)
in /var/www/test.loc/index.php (13)
2019/12/20 14:17:59 [warning] [application] Failed to set unsafe attribute "update_time" of "Post".
in /var/www/test.loc/protected/controllers/PostController.php (92)
in /var/www/test.loc/index.php (13)
2019/12/20 14:17:59 [warning] [application] Failed to set unsafe attribute "author_id" of "Post".
in /var/www/test.loc/protected/controllers/PostController.php (92)
in /var/www/test.loc/index.php (13)
2019/12/20 14:17:59 [error] [system.db.CDbCommand] CDbCommand::execute() failed: SQLSTATE[22007]: Invalid datetime format: 1292 Incorrect date value: '1576837079' for column 'update_time' at row 1. The SQL statement executed was: INSERT INTO `tbl_post` (`title`, `content`, `update_time`, `create_time`, `author_id`) VALUES (:yp0, :yp1, :yp2, :yp3, :yp4). Bound with :yp0='skd', :yp1='sdf', :yp2='1576837079', :yp3='1576837079', :yp4=1.
in /var/www/test.loc/protected/controllers/PostController.php (93)
in /var/www/test.loc/index.php (13)
2019/12/20 14:17:59 [error] [exception.CDbException] CDbException: CDbCommand failed to execute the SQL statement: SQLSTATE[22007]: Invalid datetime format: 1292 Incorrect date value: '1576837079' for column 'update_time' at row 1. The SQL statement executed was: INSERT INTO `tbl_post` (`title`, `content`, `update_time`, `create_time`, `author_id`) VALUES (:yp0, :yp1, :yp2, :yp3, :yp4). Bound with :yp0='skd', :yp1='sdf', :yp2='1576837079', :yp3='1576837079', :yp4=1 in /var/www/test.loc/yii-1.1.21/db/CDbCommand.php:358
Stack trace:
#0 /var/www/test.loc/yii-1.1.21/db/ar/CActiveRecord.php(1083): CDbCommand->execute()
#1 /var/www/test.loc/yii-1.1.21/db/ar/CActiveRecord.php(811): CActiveRecord->insert(NULL)
#2 /var/www/test.loc/protected/controllers/PostController.php(93): CActiveRecord->save()
#3 /var/www/test.loc/yii-1.1.21/web/actions/CInlineAction.php(49): PostController->actionCreate()
#4 /var/www/test.loc/yii-1.1.21/web/CController.php(308): CInlineAction->runWithParams(Array)
#5 /var/www/test.loc/yii-1.1.21/web/filters/CFilterChain.php(134): CController->runAction(Object(CInlineAction))
#6 /var/www/test.loc/yii-1.1.21/web/filters/CFilter.php(40): CFilterChain->run()
#7 /var/www/test.loc/yii-1.1.21/web/CController.php(1148): CFilter->filter(Object(CFilterChain))
#8 /var/www/test.loc/yii-1.1.21/web/filters/CInlineFilter.php(58): CController->filterAccessControl(Object(CFilterChain))
#9 /var/www/test.loc/yii-1.1.21/web/filters/CFilterChain.php(131): CInlineFilter->filter(Object(CFilterChain))
#10 /var/www/test.loc/yii-1.1.21/web/CController.php(291): CFilterChain->run()
#11 /var/www/test.loc/yii-1.1.21/web/CController.php(265): CController->runActionWithFilters(Object(CInlineAction), Array)
#12 /var/www/test.loc/yii-1.1.21/web/CWebApplication.php(282): CController->run('create')
#13 /var/www/test.loc/yii-1.1.21/web/CWebApplication.php(141): CWebApplication->runController('post/create')
#14 /var/www/test.loc/yii-1.1.21/base/CApplication.php(185): CWebApplication->processRequest()
#15 /var/www/test.loc/index.php(13): CApplication->run()
#16 {main}
REQUEST_URI=/index.php/post/create
HTTP_REFERER=http://test.loc/index.php/post/create
---
2019/12/20 14:28:29 [warning] [application] Failed to set unsafe attribute "tags" of "Post".
in /var/www/test.loc/protected/controllers/PostController.php (92)
in /var/www/test.loc/index.php (13)
2019/12/20 14:28:29 [warning] [application] Failed to set unsafe attribute "create_time" of "Post".
in /var/www/test.loc/protected/controllers/PostController.php (92)
in /var/www/test.loc/index.php (13)
2019/12/20 14:28:29 [warning] [application] Failed to set unsafe attribute "update_time" of "Post".
in /var/www/test.loc/protected/controllers/PostController.php (92)
in /var/www/test.loc/index.php (13)
2019/12/20 14:28:29 [warning] [application] Failed to set unsafe attribute "author_id" of "Post".
in /var/www/test.loc/protected/controllers/PostController.php (92)
in /var/www/test.loc/index.php (13)
2019/12/20 14:28:29 [error] [system.db.CDbCommand] CDbCommand::execute() failed: SQLSTATE[22007]: Invalid datetime format: 1292 Incorrect date value: '1576837709' for column 'update_time' at row 1. The SQL statement executed was: INSERT INTO `tbl_post` (`title`, `content`, `update_time`, `create_time`, `author_id`) VALUES (:yp0, :yp1, :yp2, :yp3, :yp4). Bound with :yp0='skd', :yp1='sdf', :yp2='1576837709', :yp3='1576837709', :yp4=1.
in /var/www/test.loc/protected/controllers/PostController.php (93)
in /var/www/test.loc/index.php (13)
2019/12/20 14:28:29 [error] [exception.CDbException] CDbException: CDbCommand failed to execute the SQL statement: SQLSTATE[22007]: Invalid datetime format: 1292 Incorrect date value: '1576837709' for column 'update_time' at row 1. The SQL statement executed was: INSERT INTO `tbl_post` (`title`, `content`, `update_time`, `create_time`, `author_id`) VALUES (:yp0, :yp1, :yp2, :yp3, :yp4). Bound with :yp0='skd', :yp1='sdf', :yp2='1576837709', :yp3='1576837709', :yp4=1 in /var/www/test.loc/yii-1.1.21/db/CDbCommand.php:358
Stack trace:
#0 /var/www/test.loc/yii-1.1.21/db/ar/CActiveRecord.php(1083): CDbCommand->execute()
#1 /var/www/test.loc/yii-1.1.21/db/ar/CActiveRecord.php(811): CActiveRecord->insert(NULL)
#2 /var/www/test.loc/protected/controllers/PostController.php(93): CActiveRecord->save()
#3 /var/www/test.loc/yii-1.1.21/web/actions/CInlineAction.php(49): PostController->actionCreate()
#4 /var/www/test.loc/yii-1.1.21/web/CController.php(308): CInlineAction->runWithParams(Array)
#5 /var/www/test.loc/yii-1.1.21/web/filters/CFilterChain.php(134): CController->runAction(Object(CInlineAction))
#6 /var/www/test.loc/yii-1.1.21/web/filters/CFilter.php(40): CFilterChain->run()
#7 /var/www/test.loc/yii-1.1.21/web/CController.php(1148): CFilter->filter(Object(CFilterChain))
#8 /var/www/test.loc/yii-1.1.21/web/filters/CInlineFilter.php(58): CController->filterAccessControl(Object(CFilterChain))
#9 /var/www/test.loc/yii-1.1.21/web/filters/CFilterChain.php(131): CInlineFilter->filter(Object(CFilterChain))
#10 /var/www/test.loc/yii-1.1.21/web/CController.php(291): CFilterChain->run()
#11 /var/www/test.loc/yii-1.1.21/web/CController.php(265): CController->runActionWithFilters(Object(CInlineAction), Array)
#12 /var/www/test.loc/yii-1.1.21/web/CWebApplication.php(282): CController->run('create')
#13 /var/www/test.loc/yii-1.1.21/web/CWebApplication.php(141): CWebApplication->runController('post/create')
#14 /var/www/test.loc/yii-1.1.21/base/CApplication.php(185): CWebApplication->processRequest()
#15 /var/www/test.loc/index.php(13): CApplication->run()
#16 {main}
REQUEST_URI=/index.php/post/create
HTTP_REFERER=http://test.loc/index.php/post/create
---
2019/12/20 14:30:15 [warning] [application] Failed to set unsafe attribute "tags" of "Post".
in /var/www/test.loc/protected/controllers/PostController.php (92)
in /var/www/test.loc/index.php (13)
2019/12/20 14:30:15 [warning] [application] Failed to set unsafe attribute "create_time" of "Post".
in /var/www/test.loc/protected/controllers/PostController.php (92)
in /var/www/test.loc/index.php (13)
2019/12/20 14:30:15 [warning] [application] Failed to set unsafe attribute "update_time" of "Post".
in /var/www/test.loc/protected/controllers/PostController.php (92)
in /var/www/test.loc/index.php (13)
2019/12/20 14:30:15 [warning] [application] Failed to set unsafe attribute "author_id" of "Post".
in /var/www/test.loc/protected/controllers/PostController.php (92)
in /var/www/test.loc/index.php (13)
2019/12/20 14:30:15 [error] [system.db.CDbCommand] CDbCommand::execute() failed: SQLSTATE[HY000]: General error: 1364 Field 'tags' doesn't have a default value. The SQL statement executed was: INSERT INTO `tbl_post` (`title`, `content`, `update_time`, `create_time`, `author_id`) VALUES (:yp0, :yp1, :yp2, :yp3, :yp4). Bound with :yp0='skd', :yp1='sdf', :yp2=1576837815, :yp3=1576837815, :yp4=1.
in /var/www/test.loc/protected/controllers/PostController.php (93)
in /var/www/test.loc/index.php (13)
2019/12/20 14:30:15 [error] [exception.CDbException] CDbException: CDbCommand failed to execute the SQL statement: SQLSTATE[HY000]: General error: 1364 Field 'tags' doesn't have a default value. The SQL statement executed was: INSERT INTO `tbl_post` (`title`, `content`, `update_time`, `create_time`, `author_id`) VALUES (:yp0, :yp1, :yp2, :yp3, :yp4). Bound with :yp0='skd', :yp1='sdf', :yp2=1576837815, :yp3=1576837815, :yp4=1 in /var/www/test.loc/yii-1.1.21/db/CDbCommand.php:358
Stack trace:
#0 /var/www/test.loc/yii-1.1.21/db/ar/CActiveRecord.php(1083): CDbCommand->execute()
#1 /var/www/test.loc/yii-1.1.21/db/ar/CActiveRecord.php(811): CActiveRecord->insert(NULL)
#2 /var/www/test.loc/protected/controllers/PostController.php(93): CActiveRecord->save()
#3 /var/www/test.loc/yii-1.1.21/web/actions/CInlineAction.php(49): PostController->actionCreate()
#4 /var/www/test.loc/yii-1.1.21/web/CController.php(308): CInlineAction->runWithParams(Array)
#5 /var/www/test.loc/yii-1.1.21/web/filters/CFilterChain.php(134): CController->runAction(Object(CInlineAction))
#6 /var/www/test.loc/yii-1.1.21/web/filters/CFilter.php(40): CFilterChain->run()
#7 /var/www/test.loc/yii-1.1.21/web/CController.php(1148): CFilter->filter(Object(CFilterChain))
#8 /var/www/test.loc/yii-1.1.21/web/filters/CInlineFilter.php(58): CController->filterAccessControl(Object(CFilterChain))
#9 /var/www/test.loc/yii-1.1.21/web/filters/CFilterChain.php(131): CInlineFilter->filter(Object(CFilterChain))
#10 /var/www/test.loc/yii-1.1.21/web/CController.php(291): CFilterChain->run()
#11 /var/www/test.loc/yii-1.1.21/web/CController.php(265): CController->runActionWithFilters(Object(CInlineAction), Array)
#12 /var/www/test.loc/yii-1.1.21/web/CWebApplication.php(282): CController->run('create')
#13 /var/www/test.loc/yii-1.1.21/web/CWebApplication.php(141): CWebApplication->runController('post/create')
#14 /var/www/test.loc/yii-1.1.21/base/CApplication.php(185): CWebApplication->processRequest()
#15 /var/www/test.loc/index.php(13): CApplication->run()
#16 {main}
REQUEST_URI=/index.php/post/create
HTTP_REFERER=http://test.loc/index.php/post/create
---
2019/12/20 14:30:44 [error] [exception.CException] CException: Property "Post.tags" is not defined. in /var/www/test.loc/yii-1.1.21/base/CComponent.php:130
Stack trace:
#0 /var/www/test.loc/yii-1.1.21/db/ar/CActiveRecord.php(145): CComponent->__get('tags')
#1 /var/www/test.loc/yii-1.1.21/web/helpers/CHtml.php(2760): CActiveRecord->__get('tags')
#2 /var/www/test.loc/yii-1.1.21/web/helpers/CHtml.php(2483): CHtml::resolveValue(Object(Post), 'tags')
#3 /var/www/test.loc/yii-1.1.21/web/helpers/CHtml.php(1540): CHtml::activeInputField('text', Object(Post), 'tags', Array)
#4 /var/www/test.loc/yii-1.1.21/web/widgets/CActiveForm.php(792): CHtml::activeTextField(Object(Post), 'tags', Array)
#5 /var/www/test.loc/protected/views/post/_form.php(36): CActiveForm->textField(Object(Post), 'tags', Array)
#6 /var/www/test.loc/yii-1.1.21/web/CBaseController.php(126): require('/var/www/test.l...')
#7 /var/www/test.loc/yii-1.1.21/web/CBaseController.php(95): CBaseController->renderInternal('/var/www/test.l...', Array, true)
#8 /var/www/test.loc/yii-1.1.21/web/CController.php(872): CBaseController->renderFile('/var/www/test.l...', Array, true)
#9 /var/www/test.loc/protected/views/post/create.php(18): CController->renderPartial('_form', Array)
#10 /var/www/test.loc/yii-1.1.21/web/CBaseController.php(126): require('/var/www/test.l...')
#11 /var/www/test.loc/yii-1.1.21/web/CBaseController.php(95): CBaseController->renderInternal('/var/www/test.l...', Array, true)
#12 /var/www/test.loc/yii-1.1.21/web/CController.php(872): CBaseController->renderFile('/var/www/test.l...', Array, true)
#13 /var/www/test.loc/yii-1.1.21/web/CController.php(785): CController->renderPartial('create', Array, true)
#14 /var/www/test.loc/protected/controllers/PostController.php(98): CController->render('create', Array)
#15 /var/www/test.loc/yii-1.1.21/web/actions/CInlineAction.php(49): PostController->actionCreate()
#16 /var/www/test.loc/yii-1.1.21/web/CController.php(308): CInlineAction->runWithParams(Array)
#17 /var/www/test.loc/yii-1.1.21/web/filters/CFilterChain.php(134): CController->runAction(Object(CInlineAction))
#18 /var/www/test.loc/yii-1.1.21/web/filters/CFilter.php(40): CFilterChain->run()
#19 /var/www/test.loc/yii-1.1.21/web/CController.php(1148): CFilter->filter(Object(CFilterChain))
#20 /var/www/test.loc/yii-1.1.21/web/filters/CInlineFilter.php(58): CController->filterAccessControl(Object(CFilterChain))
#21 /var/www/test.loc/yii-1.1.21/web/filters/CFilterChain.php(131): CInlineFilter->filter(Object(CFilterChain))
#22 /var/www/test.loc/yii-1.1.21/web/CController.php(291): CFilterChain->run()
#23 /var/www/test.loc/yii-1.1.21/web/CController.php(265): CController->runActionWithFilters(Object(CInlineAction), Array)
#24 /var/www/test.loc/yii-1.1.21/web/CWebApplication.php(282): CController->run('create')
#25 /var/www/test.loc/yii-1.1.21/web/CWebApplication.php(141): CWebApplication->runController('post/create')
#26 /var/www/test.loc/yii-1.1.21/base/CApplication.php(185): CWebApplication->processRequest()
#27 /var/www/test.loc/index.php(13): CApplication->run()
#28 {main}
REQUEST_URI=/index.php/post/create
HTTP_REFERER=http://test.loc/index.php/post/index
---
2019/12/20 14:30:50 [error] [exception.CException] CException: Property "Post.tags" is not defined. in /var/www/test.loc/yii-1.1.21/base/CComponent.php:130
Stack trace:
#0 /var/www/test.loc/yii-1.1.21/db/ar/CActiveRecord.php(145): CComponent->__get('tags')
#1 /var/www/test.loc/yii-1.1.21/web/helpers/CHtml.php(2760): CActiveRecord->__get('tags')
#2 /var/www/test.loc/yii-1.1.21/web/helpers/CHtml.php(2483): CHtml::resolveValue(Object(Post), 'tags')
#3 /var/www/test.loc/yii-1.1.21/web/helpers/CHtml.php(1540): CHtml::activeInputField('text', Object(Post), 'tags', Array)
#4 /var/www/test.loc/yii-1.1.21/web/widgets/CActiveForm.php(792): CHtml::activeTextField(Object(Post), 'tags', Array)
#5 /var/www/test.loc/protected/views/post/_form.php(36): CActiveForm->textField(Object(Post), 'tags', Array)
#6 /var/www/test.loc/yii-1.1.21/web/CBaseController.php(126): require('/var/www/test.l...')
#7 /var/www/test.loc/yii-1.1.21/web/CBaseController.php(95): CBaseController->renderInternal('/var/www/test.l...', Array, true)
#8 /var/www/test.loc/yii-1.1.21/web/CController.php(872): CBaseController->renderFile('/var/www/test.l...', Array, true)
#9 /var/www/test.loc/protected/views/post/create.php(18): CController->renderPartial('_form', Array)
#10 /var/www/test.loc/yii-1.1.21/web/CBaseController.php(126): require('/var/www/test.l...')
#11 /var/www/test.loc/yii-1.1.21/web/CBaseController.php(95): CBaseController->renderInternal('/var/www/test.l...', Array, true)
#12 /var/www/test.loc/yii-1.1.21/web/CController.php(872): CBaseController->renderFile('/var/www/test.l...', Array, true)
#13 /var/www/test.loc/yii-1.1.21/web/CController.php(785): CController->renderPartial('create', Array, true)
#14 /var/www/test.loc/protected/controllers/PostController.php(98): CController->render('create', Array)
#15 /var/www/test.loc/yii-1.1.21/web/actions/CInlineAction.php(49): PostController->actionCreate()
#16 /var/www/test.loc/yii-1.1.21/web/CController.php(308): CInlineAction->runWithParams(Array)
#17 /var/www/test.loc/yii-1.1.21/web/filters/CFilterChain.php(134): CController->runAction(Object(CInlineAction))
#18 /var/www/test.loc/yii-1.1.21/web/filters/CFilter.php(40): CFilterChain->run()
#19 /var/www/test.loc/yii-1.1.21/web/CController.php(1148): CFilter->filter(Object(CFilterChain))
#20 /var/www/test.loc/yii-1.1.21/web/filters/CInlineFilter.php(58): CController->filterAccessControl(Object(CFilterChain))
#21 /var/www/test.loc/yii-1.1.21/web/filters/CFilterChain.php(131): CInlineFilter->filter(Object(CFilterChain))
#22 /var/www/test.loc/yii-1.1.21/web/CController.php(291): CFilterChain->run()
#23 /var/www/test.loc/yii-1.1.21/web/CController.php(265): CController->runActionWithFilters(Object(CInlineAction), Array)
#24 /var/www/test.loc/yii-1.1.21/web/CWebApplication.php(282): CController->run('create')
#25 /var/www/test.loc/yii-1.1.21/web/CWebApplication.php(141): CWebApplication->runController('post/create')
#26 /var/www/test.loc/yii-1.1.21/base/CApplication.php(185): CWebApplication->processRequest()
#27 /var/www/test.loc/index.php(13): CApplication->run()
#28 {main}
REQUEST_URI=/index.php/post/create
HTTP_REFERER=http://test.loc/index.php/post/index
---
2019/12/20 14:32:04 [warning] [application] Failed to set unsafe attribute "author_id" of "Post".
in /var/www/test.loc/protected/controllers/PostController.php (92)
in /var/www/test.loc/index.php (13)
2019/12/20 14:32:04 [error] [system.db.CDbCommand] CDbCommand::execute() failed: SQLSTATE[HY000]: General error: 1366 Incorrect string value: '\xD0\x9F\xD0\xB5\xD1\x80...' for column 'title' at row 1. The SQL statement executed was: INSERT INTO `tbl_post` (`title`, `content`, `update_time`, `create_time`, `author_id`) VALUES (:yp0, :yp1, :yp2, :yp3, :yp4). Bound with :yp0='ÐÐµÑÐ²ÑÐ¹ Ð¿Ð¾ÑÑ', :yp1='Ð¢ÐµÑÑÐ¸ÑÐ¾Ð²Ð°Ð½Ð¸Ðµ', :yp2=1576837924, :yp3=1576837924, :yp4=1.
in /var/www/test.loc/protected/controllers/PostController.php (93)
in /var/www/test.loc/index.php (13)
2019/12/20 14:32:04 [error] [exception.CDbException] CDbException: CDbCommand failed to execute the SQL statement: SQLSTATE[HY000]: General error: 1366 Incorrect string value: '\xD0\x9F\xD0\xB5\xD1\x80...' for column 'title' at row 1. The SQL statement executed was: INSERT INTO `tbl_post` (`title`, `content`, `update_time`, `create_time`, `author_id`) VALUES (:yp0, :yp1, :yp2, :yp3, :yp4). Bound with :yp0='ÐÐµÑÐ²ÑÐ¹ Ð¿Ð¾ÑÑ', :yp1='Ð¢ÐµÑÑÐ¸ÑÐ¾Ð²Ð°Ð½Ð¸Ðµ', :yp2=1576837924, :yp3=1576837924, :yp4=1 in /var/www/test.loc/yii-1.1.21/db/CDbCommand.php:358
Stack trace:
#0 /var/www/test.loc/yii-1.1.21/db/ar/CActiveRecord.php(1083): CDbCommand->execute()
#1 /var/www/test.loc/yii-1.1.21/db/ar/CActiveRecord.php(811): CActiveRecord->insert(NULL)
#2 /var/www/test.loc/protected/controllers/PostController.php(93): CActiveRecord->save()
#3 /var/www/test.loc/yii-1.1.21/web/actions/CInlineAction.php(49): PostController->actionCreate()
#4 /var/www/test.loc/yii-1.1.21/web/CController.php(308): CInlineAction->runWithParams(Array)
#5 /var/www/test.loc/yii-1.1.21/web/filters/CFilterChain.php(134): CController->runAction(Object(CInlineAction))
#6 /var/www/test.loc/yii-1.1.21/web/filters/CFilter.php(40): CFilterChain->run()
#7 /var/www/test.loc/yii-1.1.21/web/CController.php(1148): CFilter->filter(Object(CFilterChain))
#8 /var/www/test.loc/yii-1.1.21/web/filters/CInlineFilter.php(58): CController->filterAccessControl(Object(CFilterChain))
#9 /var/www/test.loc/yii-1.1.21/web/filters/CFilterChain.php(131): CInlineFilter->filter(Object(CFilterChain))
#10 /var/www/test.loc/yii-1.1.21/web/CController.php(291): CFilterChain->run()
#11 /var/www/test.loc/yii-1.1.21/web/CController.php(265): CController->runActionWithFilters(Object(CInlineAction), Array)
#12 /var/www/test.loc/yii-1.1.21/web/CWebApplication.php(282): CController->run('create')
#13 /var/www/test.loc/yii-1.1.21/web/CWebApplication.php(141): CWebApplication->runController('post/create')
#14 /var/www/test.loc/yii-1.1.21/base/CApplication.php(185): CWebApplication->processRequest()
#15 /var/www/test.loc/index.php(13): CApplication->run()
#16 {main}
REQUEST_URI=/index.php/post/create
HTTP_REFERER=http://test.loc/index.php/post/create
---
2019/12/20 14:33:19 [warning] [application] Failed to set unsafe attribute "author_id" of "Post".
in /var/www/test.loc/protected/controllers/PostController.php (92)
in /var/www/test.loc/index.php (13)
2019/12/20 14:33:19 [error] [system.db.CDbCommand] CDbCommand::execute() failed: SQLSTATE[HY000]: General error: 1364 Field 'status' doesn't have a default value. The SQL statement executed was: INSERT INTO `tbl_post` (`title`, `content`, `update_time`, `create_time`, `author_id`) VALUES (:yp0, :yp1, :yp2, :yp3, :yp4). Bound with :yp0='post', :yp1='test post 1', :yp2=1576837999, :yp3=1576837999, :yp4=1.
in /var/www/test.loc/protected/controllers/PostController.php (93)
in /var/www/test.loc/index.php (13)
2019/12/20 14:33:19 [error] [exception.CDbException] CDbException: CDbCommand failed to execute the SQL statement: SQLSTATE[HY000]: General error: 1364 Field 'status' doesn't have a default value. The SQL statement executed was: INSERT INTO `tbl_post` (`title`, `content`, `update_time`, `create_time`, `author_id`) VALUES (:yp0, :yp1, :yp2, :yp3, :yp4). Bound with :yp0='post', :yp1='test post 1', :yp2=1576837999, :yp3=1576837999, :yp4=1 in /var/www/test.loc/yii-1.1.21/db/CDbCommand.php:358
Stack trace:
#0 /var/www/test.loc/yii-1.1.21/db/ar/CActiveRecord.php(1083): CDbCommand->execute()
#1 /var/www/test.loc/yii-1.1.21/db/ar/CActiveRecord.php(811): CActiveRecord->insert(NULL)
#2 /var/www/test.loc/protected/controllers/PostController.php(93): CActiveRecord->save()
#3 /var/www/test.loc/yii-1.1.21/web/actions/CInlineAction.php(49): PostController->actionCreate()
#4 /var/www/test.loc/yii-1.1.21/web/CController.php(308): CInlineAction->runWithParams(Array)
#5 /var/www/test.loc/yii-1.1.21/web/filters/CFilterChain.php(134): CController->runAction(Object(CInlineAction))
#6 /var/www/test.loc/yii-1.1.21/web/filters/CFilter.php(40): CFilterChain->run()
#7 /var/www/test.loc/yii-1.1.21/web/CController.php(1148): CFilter->filter(Object(CFilterChain))
#8 /var/www/test.loc/yii-1.1.21/web/filters/CInlineFilter.php(58): CController->filterAccessControl(Object(CFilterChain))
#9 /var/www/test.loc/yii-1.1.21/web/filters/CFilterChain.php(131): CInlineFilter->filter(Object(CFilterChain))
#10 /var/www/test.loc/yii-1.1.21/web/CController.php(291): CFilterChain->run()
#11 /var/www/test.loc/yii-1.1.21/web/CController.php(265): CController->runActionWithFilters(Object(CInlineAction), Array)
#12 /var/www/test.loc/yii-1.1.21/web/CWebApplication.php(282): CController->run('create')
#13 /var/www/test.loc/yii-1.1.21/web/CWebApplication.php(141): CWebApplication->runController('post/create')
#14 /var/www/test.loc/yii-1.1.21/base/CApplication.php(185): CWebApplication->processRequest()
#15 /var/www/test.loc/index.php(13): CApplication->run()
#16 {main}
REQUEST_URI=/index.php/post/create
HTTP_REFERER=http://test.loc/index.php/post/create
---
2019/12/20 14:33:41 [warning] [application] Failed to set unsafe attribute "author_id" of "Post".
in /var/www/test.loc/protected/controllers/PostController.php (92)
in /var/www/test.loc/index.php (13)
2019/12/20 14:33:41 [error] [exception.CException] CException: Property "Post.tags" is not defined. in /var/www/test.loc/yii-1.1.21/base/CComponent.php:130
Stack trace:
#0 /var/www/test.loc/yii-1.1.21/db/ar/CActiveRecord.php(145): CComponent->__get('tags')
#1 /var/www/test.loc/protected/models/Post.php(156): CActiveRecord->__get('tags')
#2 /var/www/test.loc/yii-1.1.21/db/ar/CActiveRecord.php(1103): Post->afterSave()
#3 /var/www/test.loc/yii-1.1.21/db/ar/CActiveRecord.php(811): CActiveRecord->insert(NULL)
#4 /var/www/test.loc/protected/controllers/PostController.php(93): CActiveRecord->save()
#5 /var/www/test.loc/yii-1.1.21/web/actions/CInlineAction.php(49): PostController->actionCreate()
#6 /var/www/test.loc/yii-1.1.21/web/CController.php(308): CInlineAction->runWithParams(Array)
#7 /var/www/test.loc/yii-1.1.21/web/filters/CFilterChain.php(134): CController->runAction(Object(CInlineAction))
#8 /var/www/test.loc/yii-1.1.21/web/filters/CFilter.php(40): CFilterChain->run()
#9 /var/www/test.loc/yii-1.1.21/web/CController.php(1148): CFilter->filter(Object(CFilterChain))
#10 /var/www/test.loc/yii-1.1.21/web/filters/CInlineFilter.php(58): CController->filterAccessControl(Object(CFilterChain))
#11 /var/www/test.loc/yii-1.1.21/web/filters/CFilterChain.php(131): CInlineFilter->filter(Object(CFilterChain))
#12 /var/www/test.loc/yii-1.1.21/web/CController.php(291): CFilterChain->run()
#13 /var/www/test.loc/yii-1.1.21/web/CController.php(265): CController->runActionWithFilters(Object(CInlineAction), Array)
#14 /var/www/test.loc/yii-1.1.21/web/CWebApplication.php(282): CController->run('create')
#15 /var/www/test.loc/yii-1.1.21/web/CWebApplication.php(141): CWebApplication->runController('post/create')
#16 /var/www/test.loc/yii-1.1.21/base/CApplication.php(185): CWebApplication->processRequest()
#17 /var/www/test.loc/index.php(13): CApplication->run()
#18 {main}
REQUEST_URI=/index.php/post/create
HTTP_REFERER=http://test.loc/index.php/post/create
---
2019/12/20 14:34:26 [warning] [application] Failed to set unsafe attribute "author_id" of "Post".
in /var/www/test.loc/protected/controllers/PostController.php (92)
in /var/www/test.loc/index.php (13)
2019/12/20 14:34:26 [error] [exception.CException] CException: Property "Post.tags" is not defined. in /var/www/test.loc/yii-1.1.21/base/CComponent.php:130
Stack trace:
#0 /var/www/test.loc/yii-1.1.21/db/ar/CActiveRecord.php(145): CComponent->__get('tags')
#1 /var/www/test.loc/protected/models/Post.php(159): CActiveRecord->__get('tags')
#2 /var/www/test.loc/yii-1.1.21/db/ar/CActiveRecord.php(1874): Post->afterFind()
#3 /var/www/test.loc/yii-1.1.21/db/ar/CActiveRecord.php(1359): CActiveRecord->populateRecord(Array)
#4 /var/www/test.loc/yii-1.1.21/db/ar/CActiveRecord.php(1494): CActiveRecord->query(Object(CDbCriteria))
#5 /var/www/test.loc/protected/controllers/PostController.php(210): CActiveRecord->findByPk('3', '')
#6 /var/www/test.loc/protected/controllers/PostController.php(49): PostController->loadModel()
#7 /var/www/test.loc/yii-1.1.21/web/actions/CInlineAction.php(49): PostController->actionView()
#8 /var/www/test.loc/yii-1.1.21/web/CController.php(308): CInlineAction->runWithParams(Array)
#9 /var/www/test.loc/yii-1.1.21/web/filters/CFilterChain.php(134): CController->runAction(Object(CInlineAction))
#10 /var/www/test.loc/yii-1.1.21/web/filters/CFilter.php(40): CFilterChain->run()
#11 /var/www/test.loc/yii-1.1.21/web/CController.php(1148): CFilter->filter(Object(CFilterChain))
#12 /var/www/test.loc/yii-1.1.21/web/filters/CInlineFilter.php(58): CController->filterAccessControl(Object(CFilterChain))
#13 /var/www/test.loc/yii-1.1.21/web/filters/CFilterChain.php(131): CInlineFilter->filter(Object(CFilterChain))
#14 /var/www/test.loc/yii-1.1.21/web/CController.php(291): CFilterChain->run()
#15 /var/www/test.loc/yii-1.1.21/web/CController.php(265): CController->runActionWithFilters(Object(CInlineAction), Array)
#16 /var/www/test.loc/yii-1.1.21/web/CWebApplication.php(282): CController->run('view')
#17 /var/www/test.loc/yii-1.1.21/web/CWebApplication.php(141): CWebApplication->runController('post/view')
#18 /var/www/test.loc/yii-1.1.21/base/CApplication.php(185): CWebApplication->processRequest()
#19 /var/www/test.loc/index.php(13): CApplication->run()
#20 {main}
REQUEST_URI=/index.php/post/view?id=3
HTTP_REFERER=http://test.loc/index.php/post/create
---
2019/12/20 14:35:45 [warning] [application] Failed to set unsafe attribute "status" of "Comment".
in /var/www/test.loc/protected/controllers/PostController.php (64)
in /var/www/test.loc/protected/controllers/PostController.php (50)
in /var/www/test.loc/index.php (13)
2019/12/20 14:35:45 [warning] [application] Failed to set unsafe attribute "create_time" of "Comment".
in /var/www/test.loc/protected/controllers/PostController.php (64)
in /var/www/test.loc/protected/controllers/PostController.php (50)
in /var/www/test.loc/index.php (13)
2019/12/20 14:35:45 [warning] [application] Failed to set unsafe attribute "post_id" of "Comment".
in /var/www/test.loc/protected/controllers/PostController.php (64)
in /var/www/test.loc/protected/controllers/PostController.php (50)
in /var/www/test.loc/index.php (13)
2019/12/20 14:35:46 [warning] [application] Failed to set unsafe attribute "status" of "Comment".
in /var/www/test.loc/protected/controllers/PostController.php (64)
in /var/www/test.loc/protected/controllers/PostController.php (50)
in /var/www/test.loc/index.php (13)
2019/12/20 14:35:46 [warning] [application] Failed to set unsafe attribute "create_time" of "Comment".
in /var/www/test.loc/protected/controllers/PostController.php (64)
in /var/www/test.loc/protected/controllers/PostController.php (50)
in /var/www/test.loc/index.php (13)
2019/12/20 14:35:46 [warning] [application] Failed to set unsafe attribute "post_id" of "Comment".
in /var/www/test.loc/protected/controllers/PostController.php (64)
in /var/www/test.loc/protected/controllers/PostController.php (50)
in /var/www/test.loc/index.php (13)
2019/12/20 14:35:52 [warning] [application] Failed to set unsafe attribute "status" of "Comment".
in /var/www/test.loc/protected/controllers/PostController.php (64)
in /var/www/test.loc/protected/controllers/PostController.php (50)
in /var/www/test.loc/index.php (13)
2019/12/20 14:35:52 [warning] [application] Failed to set unsafe attribute "create_time" of "Comment".
in /var/www/test.loc/protected/controllers/PostController.php (64)
in /var/www/test.loc/protected/controllers/PostController.php (50)
in /var/www/test.loc/index.php (13)
2019/12/20 14:35:52 [warning] [application] Failed to set unsafe attribute "post_id" of "Comment".
in /var/www/test.loc/protected/controllers/PostController.php (64)
in /var/www/test.loc/protected/controllers/PostController.php (50)
in /var/www/test.loc/index.php (13)
2019/12/20 14:35:52 [warning] [application] Failed to set unsafe attribute "status" of "Comment".
in /var/www/test.loc/protected/controllers/PostController.php (70)
in /var/www/test.loc/protected/controllers/PostController.php (50)
in /var/www/test.loc/index.php (13)
2019/12/20 14:35:52 [warning] [application] Failed to set unsafe attribute "create_time" of "Comment".
in /var/www/test.loc/protected/controllers/PostController.php (70)
in /var/www/test.loc/protected/controllers/PostController.php (50)
in /var/www/test.loc/index.php (13)
2019/12/20 14:35:52 [warning] [application] Failed to set unsafe attribute "post_id" of "Comment".
in /var/www/test.loc/protected/controllers/PostController.php (70)
in /var/www/test.loc/protected/controllers/PostController.php (50)
in /var/www/test.loc/index.php (13)
2019/12/20 14:36:01 [warning] [application] Failed to set unsafe attribute "status" of "Comment".
in /var/www/test.loc/protected/controllers/PostController.php (70)
in /var/www/test.loc/protected/controllers/PostController.php (50)
in /var/www/test.loc/index.php (13)
2019/12/20 14:36:01 [warning] [application] Failed to set unsafe attribute "create_time" of "Comment".
in /var/www/test.loc/protected/controllers/PostController.php (70)
in /var/www/test.loc/protected/controllers/PostController.php (50)
in /var/www/test.loc/index.php (13)
2019/12/20 14:36:01 [warning] [application] Failed to set unsafe attribute "post_id" of "Comment".
in /var/www/test.loc/protected/controllers/PostController.php (70)
in /var/www/test.loc/protected/controllers/PostController.php (50)
in /var/www/test.loc/index.php (13)
2019/12/20 14:36:01 [error] [system.db.CDbCommand] CDbCommand::execute() failed: SQLSTATE[22007]: Invalid datetime format: 1292 Incorrect date value: '1576838161' for column 'create_time' at row 1. The SQL statement executed was: INSERT INTO `tbl_comment` (`content`, `author`, `email`, `url`, `status`, `post_id`, `create_time`) VALUES (:yp0, :yp1, :yp2, :yp3, :yp4, :yp5, :yp6). Bound with :yp0='asd', :yp1='asd', :yp2='asdasdd@test.ru', :yp3='', :yp4=2, :yp5=3, :yp6='1576838161'.
in /var/www/test.loc/protected/models/Post.php (164)
in /var/www/test.loc/protected/controllers/PostController.php (71)
in /var/www/test.loc/protected/controllers/PostController.php (50)
2019/12/20 14:36:01 [error] [exception.CDbException] CDbException: CDbCommand failed to execute the SQL statement: SQLSTATE[22007]: Invalid datetime format: 1292 Incorrect date value: '1576838161' for column 'create_time' at row 1. The SQL statement executed was: INSERT INTO `tbl_comment` (`content`, `author`, `email`, `url`, `status`, `post_id`, `create_time`) VALUES (:yp0, :yp1, :yp2, :yp3, :yp4, :yp5, :yp6). Bound with :yp0='asd', :yp1='asd', :yp2='asdasdd@test.ru', :yp3='', :yp4=2, :yp5=3, :yp6='1576838161' in /var/www/test.loc/yii-1.1.21/db/CDbCommand.php:358
Stack trace:
#0 /var/www/test.loc/yii-1.1.21/db/ar/CActiveRecord.php(1083): CDbCommand->execute()
#1 /var/www/test.loc/yii-1.1.21/db/ar/CActiveRecord.php(811): CActiveRecord->insert(NULL)
#2 /var/www/test.loc/protected/models/Post.php(164): CActiveRecord->save()
#3 /var/www/test.loc/protected/controllers/PostController.php(71): Post->addComment(Object(Comment))
#4 /var/www/test.loc/protected/controllers/PostController.php(50): PostController->newComment(Object(Post))
#5 /var/www/test.loc/yii-1.1.21/web/actions/CInlineAction.php(49): PostController->actionView()
#6 /var/www/test.loc/yii-1.1.21/web/CController.php(308): CInlineAction->runWithParams(Array)
#7 /var/www/test.loc/yii-1.1.21/web/filters/CFilterChain.php(134): CController->runAction(Object(CInlineAction))
#8 /var/www/test.loc/yii-1.1.21/web/filters/CFilter.php(40): CFilterChain->run()
#9 /var/www/test.loc/yii-1.1.21/web/CController.php(1148): CFilter->filter(Object(CFilterChain))
#10 /var/www/test.loc/yii-1.1.21/web/filters/CInlineFilter.php(58): CController->filterAccessControl(Object(CFilterChain))
#11 /var/www/test.loc/yii-1.1.21/web/filters/CFilterChain.php(131): CInlineFilter->filter(Object(CFilterChain))
#12 /var/www/test.loc/yii-1.1.21/web/CController.php(291): CFilterChain->run()
#13 /var/www/test.loc/yii-1.1.21/web/CController.php(265): CController->runActionWithFilters(Object(CInlineAction), Array)
#14 /var/www/test.loc/yii-1.1.21/web/CWebApplication.php(282): CController->run('view')
#15 /var/www/test.loc/yii-1.1.21/web/CWebApplication.php(141): CWebApplication->runController('post/view')
#16 /var/www/test.loc/yii-1.1.21/base/CApplication.php(185): CWebApplication->processRequest()
#17 /var/www/test.loc/index.php(13): CApplication->run()
#18 {main}
REQUEST_URI=/index.php/post/view?id=3
HTTP_REFERER=http://test.loc/index.php/post/view?id=3
---
2019/12/20 14:36:01 [warning] [application] Failed to set unsafe attribute "status" of "Comment".
in /var/www/test.loc/protected/controllers/PostController.php (64)
in /var/www/test.loc/protected/controllers/PostController.php (50)
in /var/www/test.loc/index.php (13)
2019/12/20 14:36:01 [warning] [application] Failed to set unsafe attribute "create_time" of "Comment".
in /var/www/test.loc/protected/controllers/PostController.php (64)
in /var/www/test.loc/protected/controllers/PostController.php (50)
in /var/www/test.loc/index.php (13)
2019/12/20 14:36:01 [warning] [application] Failed to set unsafe attribute "post_id" of "Comment".
in /var/www/test.loc/protected/controllers/PostController.php (64)
in /var/www/test.loc/protected/controllers/PostController.php (50)
in /var/www/test.loc/index.php (13)
2019/12/20 14:39:00 [error] [system.db.CDbCommand] CDbCommand::fetchColumn() failed: SQLSTATE[42S22]: Column not found: 1054 Unknown column 'status' in 'where clause'. The SQL statement executed was: SELECT COUNT(DISTINCT `t`.`id`) FROM `tbl_post` `t`  WHERE (status=2).
in /var/www/test.loc/protected/views/post/index.php (25)
in /var/www/test.loc/protected/controllers/PostController.php (173)
in /var/www/test.loc/index.php (13)
2019/12/20 14:39:00 [error] [exception.CDbException] CDbException: CDbCommand failed to execute the SQL statement: SQLSTATE[42S22]: Column not found: 1054 Unknown column 'status' in 'where clause'. The SQL statement executed was: SELECT COUNT(DISTINCT `t`.`id`) FROM `tbl_post` `t`  WHERE (status=2) in /var/www/test.loc/yii-1.1.21/db/CDbCommand.php:543
Stack trace:
#0 /var/www/test.loc/yii-1.1.21/db/CDbCommand.php(433): CDbCommand->queryInternal('fetchColumn', 0, Array)
#1 /var/www/test.loc/yii-1.1.21/db/ar/CActiveFinder.php(766): CDbCommand->queryScalar()
#2 /var/www/test.loc/yii-1.1.21/db/ar/CActiveFinder.php(151): CJoinElement->count(Object(CDbCriteria))
#3 /var/www/test.loc/yii-1.1.21/db/ar/CActiveRecord.php(1613): CActiveFinder->count(Object(CDbCriteria))
#4 /var/www/test.loc/yii-1.1.21/web/CActiveDataProvider.php(228): CActiveRecord->count(Object(CDbCriteria))
#5 /var/www/test.loc/yii-1.1.21/web/CDataProvider.php(224): CActiveDataProvider->calculateTotalItemCount()
#6 /var/www/test.loc/yii-1.1.21/web/CActiveDataProvider.php(178): CDataProvider->getTotalItemCount()
#7 /var/www/test.loc/yii-1.1.21/web/CDataProvider.php(168): CActiveDataProvider->fetchData()
#8 /var/www/test.loc/yii-1.1.21/zii/widgets/CBaseListView.php(125): CDataProvider->getData()
#9 /var/www/test.loc/yii-1.1.21/zii/widgets/CListView.php(211): CBaseListView->init()
#10 /var/www/test.loc/yii-1.1.21/web/CBaseController.php(147): CListView->init()
#11 /var/www/test.loc/yii-1.1.21/web/CBaseController.php(181): CBaseController->createWidget('zii.widgets.CLi...', Array)
#12 /var/www/test.loc/protected/views/post/index.php(25): CBaseController->widget('zii.widgets.CLi...', Array)
#13 /var/www/test.loc/yii-1.1.21/web/CBaseController.php(126): require('/var/www/test.l...')
#14 /var/www/test.loc/yii-1.1.21/web/CBaseController.php(95): CBaseController->renderInternal('/var/www/test.l...', Array, true)
#15 /var/www/test.loc/yii-1.1.21/web/CController.php(872): CBaseController->renderFile('/var/www/test.l...', Array, true)
#16 /var/www/test.loc/yii-1.1.21/web/CController.php(785): CController->renderPartial('index', Array, true)
#17 /var/www/test.loc/protected/controllers/PostController.php(173): CController->render('index', Array)
#18 /var/www/test.loc/yii-1.1.21/web/actions/CInlineAction.php(49): PostController->actionIndex()
#19 /var/www/test.loc/yii-1.1.21/web/CController.php(308): CInlineAction->runWithParams(Array)
#20 /var/www/test.loc/yii-1.1.21/web/filters/CFilterChain.php(134): CController->runAction(Object(CInlineAction))
#21 /var/www/test.loc/yii-1.1.21/web/filters/CFilter.php(40): CFilterChain->run()
#22 /var/www/test.loc/yii-1.1.21/web/CController.php(1148): CFilter->filter(Object(CFilterChain))
#23 /var/www/test.loc/yii-1.1.21/web/filters/CInlineFilter.php(58): CController->filterAccessControl(Object(CFilterChain))
#24 /var/www/test.loc/yii-1.1.21/web/filters/CFilterChain.php(131): CInlineFilter->filter(Object(CFilterChain))
#25 /var/www/test.loc/yii-1.1.21/web/CController.php(291): CFilterChain->run()
#26 /var/www/test.loc/yii-1.1.21/web/CController.php(265): CController->runActionWithFilters(Object(CInlineAction), Array)
#27 /var/www/test.loc/yii-1.1.21/web/CWebApplication.php(282): CController->run('index')
#28 /var/www/test.loc/yii-1.1.21/web/CWebApplication.php(141): CWebApplication->runController('post/index')
#29 /var/www/test.loc/yii-1.1.21/base/CApplication.php(185): CWebApplication->processRequest()
#30 /var/www/test.loc/index.php(13): CApplication->run()
#31 {main}
REQUEST_URI=/index.php/post/index
HTTP_REFERER=http://test.loc/index.php/post/view?id=3
---
2019/12/20 14:42:45 [error] [exception.CException] CException: Property "Post.tags" is not defined. in /var/www/test.loc/yii-1.1.21/base/CComponent.php:130
Stack trace:
#0 /var/www/test.loc/yii-1.1.21/db/ar/CActiveRecord.php(145): CComponent->__get('tags')
#1 /var/www/test.loc/protected/views/post/_view.php(21): CActiveRecord->__get('tags')
#2 /var/www/test.loc/yii-1.1.21/web/CBaseController.php(130): require('/var/www/test.l...')
#3 /var/www/test.loc/yii-1.1.21/web/CBaseController.php(95): CBaseController->renderInternal('/var/www/test.l...', Array, false)
#4 /var/www/test.loc/yii-1.1.21/zii/widgets/CListView.php(291): CBaseController->renderFile('/var/www/test.l...', Array)
#5 /var/www/test.loc/yii-1.1.21/zii/widgets/CBaseListView.php(181): CListView->renderItems()
#6 [internal function]: CBaseListView->renderSection(Array)
#7 /var/www/test.loc/yii-1.1.21/zii/widgets/CBaseListView.php(164): preg_replace_callback('/{(\\w+)}/', Array, '{items}\n{pager}')
#8 /var/www/test.loc/yii-1.1.21/zii/widgets/CBaseListView.php(149): CBaseListView->renderContent()
#9 /var/www/test.loc/yii-1.1.21/web/CBaseController.php(182): CBaseListView->run()
#10 /var/www/test.loc/protected/views/post/index.php(25): CBaseController->widget('zii.widgets.CLi...', Array)
#11 /var/www/test.loc/yii-1.1.21/web/CBaseController.php(126): require('/var/www/test.l...')
#12 /var/www/test.loc/yii-1.1.21/web/CBaseController.php(95): CBaseController->renderInternal('/var/www/test.l...', Array, true)
#13 /var/www/test.loc/yii-1.1.21/web/CController.php(872): CBaseController->renderFile('/var/www/test.l...', Array, true)
#14 /var/www/test.loc/yii-1.1.21/web/CController.php(785): CController->renderPartial('index', Array, true)
#15 /var/www/test.loc/protected/controllers/PostController.php(173): CController->render('index', Array)
#16 /var/www/test.loc/yii-1.1.21/web/actions/CInlineAction.php(49): PostController->actionIndex()
#17 /var/www/test.loc/yii-1.1.21/web/CController.php(308): CInlineAction->runWithParams(Array)
#18 /var/www/test.loc/yii-1.1.21/web/filters/CFilterChain.php(134): CController->runAction(Object(CInlineAction))
#19 /var/www/test.loc/yii-1.1.21/web/filters/CFilter.php(40): CFilterChain->run()
#20 /var/www/test.loc/yii-1.1.21/web/CController.php(1148): CFilter->filter(Object(CFilterChain))
#21 /var/www/test.loc/yii-1.1.21/web/filters/CInlineFilter.php(58): CController->filterAccessControl(Object(CFilterChain))
#22 /var/www/test.loc/yii-1.1.21/web/filters/CFilterChain.php(131): CInlineFilter->filter(Object(CFilterChain))
#23 /var/www/test.loc/yii-1.1.21/web/CController.php(291): CFilterChain->run()
#24 /var/www/test.loc/yii-1.1.21/web/CController.php(265): CController->runActionWithFilters(Object(CInlineAction), Array)
#25 /var/www/test.loc/yii-1.1.21/web/CWebApplication.php(282): CController->run('index')
#26 /var/www/test.loc/yii-1.1.21/web/CWebApplication.php(141): CWebApplication->runController('post/index')
#27 /var/www/test.loc/yii-1.1.21/base/CApplication.php(185): CWebApplication->processRequest()
#28 /var/www/test.loc/index.php(13): CApplication->run()
#29 {main}
REQUEST_URI=/index.php/post/index
HTTP_REFERER=http://test.loc/index.php/post/view?id=3
---
2019/12/20 14:43:52 [error] [exception.CException] CException: Property "Post.tags" is not defined. in /var/www/test.loc/yii-1.1.21/base/CComponent.php:130
Stack trace:
#0 /var/www/test.loc/yii-1.1.21/db/ar/CActiveRecord.php(145): CComponent->__get('tags')
#1 /var/www/test.loc/protected/views/post/_view.php(21): CActiveRecord->__get('tags')
#2 /var/www/test.loc/yii-1.1.21/web/CBaseController.php(130): require('/var/www/test.l...')
#3 /var/www/test.loc/yii-1.1.21/web/CBaseController.php(95): CBaseController->renderInternal('/var/www/test.l...', Array, false)
#4 /var/www/test.loc/yii-1.1.21/zii/widgets/CListView.php(291): CBaseController->renderFile('/var/www/test.l...', Array)
#5 /var/www/test.loc/yii-1.1.21/zii/widgets/CBaseListView.php(181): CListView->renderItems()
#6 [internal function]: CBaseListView->renderSection(Array)
#7 /var/www/test.loc/yii-1.1.21/zii/widgets/CBaseListView.php(164): preg_replace_callback('/{(\\w+)}/', Array, '{items}\n{pager}')
#8 /var/www/test.loc/yii-1.1.21/zii/widgets/CBaseListView.php(149): CBaseListView->renderContent()
#9 /var/www/test.loc/yii-1.1.21/web/CBaseController.php(182): CBaseListView->run()
#10 /var/www/test.loc/protected/views/post/index.php(25): CBaseController->widget('zii.widgets.CLi...', Array)
#11 /var/www/test.loc/yii-1.1.21/web/CBaseController.php(126): require('/var/www/test.l...')
#12 /var/www/test.loc/yii-1.1.21/web/CBaseController.php(95): CBaseController->renderInternal('/var/www/test.l...', Array, true)
#13 /var/www/test.loc/yii-1.1.21/web/CController.php(872): CBaseController->renderFile('/var/www/test.l...', Array, true)
#14 /var/www/test.loc/yii-1.1.21/web/CController.php(785): CController->renderPartial('index', Array, true)
#15 /var/www/test.loc/protected/controllers/PostController.php(170): CController->render('index', Array)
#16 /var/www/test.loc/yii-1.1.21/web/actions/CInlineAction.php(49): PostController->actionIndex()
#17 /var/www/test.loc/yii-1.1.21/web/CController.php(308): CInlineAction->runWithParams(Array)
#18 /var/www/test.loc/yii-1.1.21/web/filters/CFilterChain.php(134): CController->runAction(Object(CInlineAction))
#19 /var/www/test.loc/yii-1.1.21/web/filters/CFilter.php(40): CFilterChain->run()
#20 /var/www/test.loc/yii-1.1.21/web/CController.php(1148): CFilter->filter(Object(CFilterChain))
#21 /var/www/test.loc/yii-1.1.21/web/filters/CInlineFilter.php(58): CController->filterAccessControl(Object(CFilterChain))
#22 /var/www/test.loc/yii-1.1.21/web/filters/CFilterChain.php(131): CInlineFilter->filter(Object(CFilterChain))
#23 /var/www/test.loc/yii-1.1.21/web/CController.php(291): CFilterChain->run()
#24 /var/www/test.loc/yii-1.1.21/web/CController.php(265): CController->runActionWithFilters(Object(CInlineAction), Array)
#25 /var/www/test.loc/yii-1.1.21/web/CWebApplication.php(282): CController->run('index')
#26 /var/www/test.loc/yii-1.1.21/web/CWebApplication.php(141): CWebApplication->runController('post/index')
#27 /var/www/test.loc/yii-1.1.21/base/CApplication.php(185): CWebApplication->processRequest()
#28 /var/www/test.loc/index.php(13): CApplication->run()
#29 {main}
REQUEST_URI=/index.php/post/index
HTTP_REFERER=http://test.loc/index.php/post/view?id=3
---
2019/12/20 14:44:15 [error] [exception.CException] CException: Property "Post.tags" is not defined. in /var/www/test.loc/yii-1.1.21/base/CComponent.php:130
Stack trace:
#0 /var/www/test.loc/yii-1.1.21/db/ar/CActiveRecord.php(145): CComponent->__get('tags')
#1 /var/www/test.loc/protected/views/post/_view.php(21): CActiveRecord->__get('tags')
#2 /var/www/test.loc/yii-1.1.21/web/CBaseController.php(130): require('/var/www/test.l...')
#3 /var/www/test.loc/yii-1.1.21/web/CBaseController.php(95): CBaseController->renderInternal('/var/www/test.l...', Array, false)
#4 /var/www/test.loc/yii-1.1.21/zii/widgets/CListView.php(291): CBaseController->renderFile('/var/www/test.l...', Array)
#5 /var/www/test.loc/yii-1.1.21/zii/widgets/CBaseListView.php(181): CListView->renderItems()
#6 [internal function]: CBaseListView->renderSection(Array)
#7 /var/www/test.loc/yii-1.1.21/zii/widgets/CBaseListView.php(164): preg_replace_callback('/{(\\w+)}/', Array, '{items}\n{pager}')
#8 /var/www/test.loc/yii-1.1.21/zii/widgets/CBaseListView.php(149): CBaseListView->renderContent()
#9 /var/www/test.loc/yii-1.1.21/web/CBaseController.php(182): CBaseListView->run()
#10 /var/www/test.loc/protected/views/post/index.php(25): CBaseController->widget('zii.widgets.CLi...', Array)
#11 /var/www/test.loc/yii-1.1.21/web/CBaseController.php(126): require('/var/www/test.l...')
#12 /var/www/test.loc/yii-1.1.21/web/CBaseController.php(95): CBaseController->renderInternal('/var/www/test.l...', Array, true)
#13 /var/www/test.loc/yii-1.1.21/web/CController.php(872): CBaseController->renderFile('/var/www/test.l...', Array, true)
#14 /var/www/test.loc/yii-1.1.21/web/CController.php(785): CController->renderPartial('index', Array, true)
#15 /var/www/test.loc/protected/controllers/PostController.php(170): CController->render('index', Array)
#16 /var/www/test.loc/yii-1.1.21/web/actions/CInlineAction.php(49): PostController->actionIndex()
#17 /var/www/test.loc/yii-1.1.21/web/CController.php(308): CInlineAction->runWithParams(Array)
#18 /var/www/test.loc/yii-1.1.21/web/filters/CFilterChain.php(134): CController->runAction(Object(CInlineAction))
#19 /var/www/test.loc/yii-1.1.21/web/filters/CFilter.php(40): CFilterChain->run()
#20 /var/www/test.loc/yii-1.1.21/web/CController.php(1148): CFilter->filter(Object(CFilterChain))
#21 /var/www/test.loc/yii-1.1.21/web/filters/CInlineFilter.php(58): CController->filterAccessControl(Object(CFilterChain))
#22 /var/www/test.loc/yii-1.1.21/web/filters/CFilterChain.php(131): CInlineFilter->filter(Object(CFilterChain))
#23 /var/www/test.loc/yii-1.1.21/web/CController.php(291): CFilterChain->run()
#24 /var/www/test.loc/yii-1.1.21/web/CController.php(265): CController->runActionWithFilters(Object(CInlineAction), Array)
#25 /var/www/test.loc/yii-1.1.21/web/CWebApplication.php(282): CController->run('index')
#26 /var/www/test.loc/yii-1.1.21/web/CWebApplication.php(141): CWebApplication->runController('post/index')
#27 /var/www/test.loc/yii-1.1.21/base/CApplication.php(185): CWebApplication->processRequest()
#28 /var/www/test.loc/index.php(13): CApplication->run()
#29 {main}
REQUEST_URI=/index.php/post/index
HTTP_REFERER=http://test.loc/index.php/post/view?id=3
---
2019/12/20 14:45:37 [error] [exception.CException] CException: Property "Post.tags" is not defined. in /var/www/test.loc/yii-1.1.21/base/CComponent.php:130
Stack trace:
#0 /var/www/test.loc/yii-1.1.21/db/ar/CActiveRecord.php(145): CComponent->__get('tags')
#1 /var/www/test.loc/protected/views/post/_view.php(21): CActiveRecord->__get('tags')
#2 /var/www/test.loc/yii-1.1.21/web/CBaseController.php(130): require('/var/www/test.l...')
#3 /var/www/test.loc/yii-1.1.21/web/CBaseController.php(95): CBaseController->renderInternal('/var/www/test.l...', Array, false)
#4 /var/www/test.loc/yii-1.1.21/zii/widgets/CListView.php(291): CBaseController->renderFile('/var/www/test.l...', Array)
#5 /var/www/test.loc/yii-1.1.21/zii/widgets/CBaseListView.php(181): CListView->renderItems()
#6 [internal function]: CBaseListView->renderSection(Array)
#7 /var/www/test.loc/yii-1.1.21/zii/widgets/CBaseListView.php(164): preg_replace_callback('/{(\\w+)}/', Array, '{items}\n{pager}')
#8 /var/www/test.loc/yii-1.1.21/zii/widgets/CBaseListView.php(149): CBaseListView->renderContent()
#9 /var/www/test.loc/yii-1.1.21/web/CBaseController.php(182): CBaseListView->run()
#10 /var/www/test.loc/protected/views/post/index.php(25): CBaseController->widget('zii.widgets.CLi...', Array)
#11 /var/www/test.loc/yii-1.1.21/web/CBaseController.php(126): require('/var/www/test.l...')
#12 /var/www/test.loc/yii-1.1.21/web/CBaseController.php(95): CBaseController->renderInternal('/var/www/test.l...', Array, true)
#13 /var/www/test.loc/yii-1.1.21/web/CController.php(872): CBaseController->renderFile('/var/www/test.l...', Array, true)
#14 /var/www/test.loc/yii-1.1.21/web/CController.php(785): CController->renderPartial('index', Array, true)
#15 /var/www/test.loc/protected/controllers/PostController.php(168): CController->render('index', Array)
#16 /var/www/test.loc/yii-1.1.21/web/actions/CInlineAction.php(49): PostController->actionIndex()
#17 /var/www/test.loc/yii-1.1.21/web/CController.php(308): CInlineAction->runWithParams(Array)
#18 /var/www/test.loc/yii-1.1.21/web/filters/CFilterChain.php(134): CController->runAction(Object(CInlineAction))
#19 /var/www/test.loc/yii-1.1.21/web/filters/CFilter.php(40): CFilterChain->run()
#20 /var/www/test.loc/yii-1.1.21/web/CController.php(1148): CFilter->filter(Object(CFilterChain))
#21 /var/www/test.loc/yii-1.1.21/web/filters/CInlineFilter.php(58): CController->filterAccessControl(Object(CFilterChain))
#22 /var/www/test.loc/yii-1.1.21/web/filters/CFilterChain.php(131): CInlineFilter->filter(Object(CFilterChain))
#23 /var/www/test.loc/yii-1.1.21/web/CController.php(291): CFilterChain->run()
#24 /var/www/test.loc/yii-1.1.21/web/CController.php(265): CController->runActionWithFilters(Object(CInlineAction), Array)
#25 /var/www/test.loc/yii-1.1.21/web/CWebApplication.php(282): CController->run('index')
#26 /var/www/test.loc/yii-1.1.21/web/CWebApplication.php(141): CWebApplication->runController('post/index')
#27 /var/www/test.loc/yii-1.1.21/base/CApplication.php(185): CWebApplication->processRequest()
#28 /var/www/test.loc/index.php(13): CApplication->run()
#29 {main}
REQUEST_URI=/index.php/post/index
HTTP_REFERER=http://test.loc/index.php/post/view?id=3
---
2019/12/20 14:47:04 [error] [exception.CException] CException: Property "Post.tags" is not defined. in /var/www/test.loc/yii-1.1.21/base/CComponent.php:130
Stack trace:
#0 /var/www/test.loc/yii-1.1.21/db/ar/CActiveRecord.php(145): CComponent->__get('tags')
#1 /var/www/test.loc/protected/views/post/_view.php(21): CActiveRecord->__get('tags')
#2 /var/www/test.loc/yii-1.1.21/web/CBaseController.php(130): require('/var/www/test.l...')
#3 /var/www/test.loc/yii-1.1.21/web/CBaseController.php(95): CBaseController->renderInternal('/var/www/test.l...', Array, false)
#4 /var/www/test.loc/yii-1.1.21/zii/widgets/CListView.php(291): CBaseController->renderFile('/var/www/test.l...', Array)
#5 /var/www/test.loc/yii-1.1.21/zii/widgets/CBaseListView.php(181): CListView->renderItems()
#6 [internal function]: CBaseListView->renderSection(Array)
#7 /var/www/test.loc/yii-1.1.21/zii/widgets/CBaseListView.php(164): preg_replace_callback('/{(\\w+)}/', Array, '{items}\n{pager}')
#8 /var/www/test.loc/yii-1.1.21/zii/widgets/CBaseListView.php(149): CBaseListView->renderContent()
#9 /var/www/test.loc/yii-1.1.21/web/CBaseController.php(182): CBaseListView->run()
#10 /var/www/test.loc/protected/views/post/index.php(25): CBaseController->widget('zii.widgets.CLi...', Array)
#11 /var/www/test.loc/yii-1.1.21/web/CBaseController.php(126): require('/var/www/test.l...')
#12 /var/www/test.loc/yii-1.1.21/web/CBaseController.php(95): CBaseController->renderInternal('/var/www/test.l...', Array, true)
#13 /var/www/test.loc/yii-1.1.21/web/CController.php(872): CBaseController->renderFile('/var/www/test.l...', Array, true)
#14 /var/www/test.loc/yii-1.1.21/web/CController.php(785): CController->renderPartial('index', Array, true)
#15 /var/www/test.loc/protected/controllers/PostController.php(168): CController->render('index', Array)
#16 /var/www/test.loc/yii-1.1.21/web/actions/CInlineAction.php(49): PostController->actionIndex()
#17 /var/www/test.loc/yii-1.1.21/web/CController.php(308): CInlineAction->runWithParams(Array)
#18 /var/www/test.loc/yii-1.1.21/web/filters/CFilterChain.php(134): CController->runAction(Object(CInlineAction))
#19 /var/www/test.loc/yii-1.1.21/web/filters/CFilter.php(40): CFilterChain->run()
#20 /var/www/test.loc/yii-1.1.21/web/CController.php(1148): CFilter->filter(Object(CFilterChain))
#21 /var/www/test.loc/yii-1.1.21/web/filters/CInlineFilter.php(58): CController->filterAccessControl(Object(CFilterChain))
#22 /var/www/test.loc/yii-1.1.21/web/filters/CFilterChain.php(131): CInlineFilter->filter(Object(CFilterChain))
#23 /var/www/test.loc/yii-1.1.21/web/CController.php(291): CFilterChain->run()
#24 /var/www/test.loc/yii-1.1.21/web/CController.php(265): CController->runActionWithFilters(Object(CInlineAction), Array)
#25 /var/www/test.loc/yii-1.1.21/web/CWebApplication.php(282): CController->run('index')
#26 /var/www/test.loc/yii-1.1.21/web/CWebApplication.php(141): CWebApplication->runController('post/index')
#27 /var/www/test.loc/yii-1.1.21/base/CApplication.php(185): CWebApplication->processRequest()
#28 /var/www/test.loc/index.php(13): CApplication->run()
#29 {main}
REQUEST_URI=/index.php/post/index
HTTP_REFERER=http://test.loc/index.php/post/view?id=3
---
2019/12/20 14:49:04 [error] [exception.CException] CException: Property "Post.status" is not defined. in /var/www/test.loc/yii-1.1.21/base/CComponent.php:130
Stack trace:
#0 /var/www/test.loc/yii-1.1.21/db/ar/CActiveRecord.php(145): CComponent->__get('status')
#1 /var/www/test.loc/protected/views/post/_view.php(23): CActiveRecord->__get('status')
#2 /var/www/test.loc/yii-1.1.21/web/CBaseController.php(130): require('/var/www/test.l...')
#3 /var/www/test.loc/yii-1.1.21/web/CBaseController.php(95): CBaseController->renderInternal('/var/www/test.l...', Array, false)
#4 /var/www/test.loc/yii-1.1.21/zii/widgets/CListView.php(291): CBaseController->renderFile('/var/www/test.l...', Array)
#5 /var/www/test.loc/yii-1.1.21/zii/widgets/CBaseListView.php(181): CListView->renderItems()
#6 [internal function]: CBaseListView->renderSection(Array)
#7 /var/www/test.loc/yii-1.1.21/zii/widgets/CBaseListView.php(164): preg_replace_callback('/{(\\w+)}/', Array, '{items}\n{pager}')
#8 /var/www/test.loc/yii-1.1.21/zii/widgets/CBaseListView.php(149): CBaseListView->renderContent()
#9 /var/www/test.loc/yii-1.1.21/web/CBaseController.php(182): CBaseListView->run()
#10 /var/www/test.loc/protected/views/post/index.php(25): CBaseController->widget('zii.widgets.CLi...', Array)
#11 /var/www/test.loc/yii-1.1.21/web/CBaseController.php(126): require('/var/www/test.l...')
#12 /var/www/test.loc/yii-1.1.21/web/CBaseController.php(95): CBaseController->renderInternal('/var/www/test.l...', Array, true)
#13 /var/www/test.loc/yii-1.1.21/web/CController.php(872): CBaseController->renderFile('/var/www/test.l...', Array, true)
#14 /var/www/test.loc/yii-1.1.21/web/CController.php(785): CController->renderPartial('index', Array, true)
#15 /var/www/test.loc/protected/controllers/PostController.php(168): CController->render('index', Array)
#16 /var/www/test.loc/yii-1.1.21/web/actions/CInlineAction.php(49): PostController->actionIndex()
#17 /var/www/test.loc/yii-1.1.21/web/CController.php(308): CInlineAction->runWithParams(Array)
#18 /var/www/test.loc/yii-1.1.21/web/filters/CFilterChain.php(134): CController->runAction(Object(CInlineAction))
#19 /var/www/test.loc/yii-1.1.21/web/filters/CFilter.php(40): CFilterChain->run()
#20 /var/www/test.loc/yii-1.1.21/web/CController.php(1148): CFilter->filter(Object(CFilterChain))
#21 /var/www/test.loc/yii-1.1.21/web/filters/CInlineFilter.php(58): CController->filterAccessControl(Object(CFilterChain))
#22 /var/www/test.loc/yii-1.1.21/web/filters/CFilterChain.php(131): CInlineFilter->filter(Object(CFilterChain))
#23 /var/www/test.loc/yii-1.1.21/web/CController.php(291): CFilterChain->run()
#24 /var/www/test.loc/yii-1.1.21/web/CController.php(265): CController->runActionWithFilters(Object(CInlineAction), Array)
#25 /var/www/test.loc/yii-1.1.21/web/CWebApplication.php(282): CController->run('index')
#26 /var/www/test.loc/yii-1.1.21/web/CWebApplication.php(141): CWebApplication->runController('post/index')
#27 /var/www/test.loc/yii-1.1.21/base/CApplication.php(185): CWebApplication->processRequest()
#28 /var/www/test.loc/index.php(13): CApplication->run()
#29 {main}
REQUEST_URI=/index.php/post/index
HTTP_REFERER=http://test.loc/index.php/post/view?id=3
---
2019/12/20 14:49:43 [error] [exception.CException] CException: Property "Post.status" is not defined. in /var/www/test.loc/yii-1.1.21/base/CComponent.php:130
Stack trace:
#0 /var/www/test.loc/yii-1.1.21/db/ar/CActiveRecord.php(145): CComponent->__get('status')
#1 /var/www/test.loc/protected/views/post/_view.php(23): CActiveRecord->__get('status')
#2 /var/www/test.loc/yii-1.1.21/web/CBaseController.php(130): require('/var/www/test.l...')
#3 /var/www/test.loc/yii-1.1.21/web/CBaseController.php(95): CBaseController->renderInternal('/var/www/test.l...', Array, false)
#4 /var/www/test.loc/yii-1.1.21/zii/widgets/CListView.php(291): CBaseController->renderFile('/var/www/test.l...', Array)
#5 /var/www/test.loc/yii-1.1.21/zii/widgets/CBaseListView.php(181): CListView->renderItems()
#6 [internal function]: CBaseListView->renderSection(Array)
#7 /var/www/test.loc/yii-1.1.21/zii/widgets/CBaseListView.php(164): preg_replace_callback('/{(\\w+)}/', Array, '{items}\n{pager}')
#8 /var/www/test.loc/yii-1.1.21/zii/widgets/CBaseListView.php(149): CBaseListView->renderContent()
#9 /var/www/test.loc/yii-1.1.21/web/CBaseController.php(182): CBaseListView->run()
#10 /var/www/test.loc/protected/views/post/index.php(25): CBaseController->widget('zii.widgets.CLi...', Array)
#11 /var/www/test.loc/yii-1.1.21/web/CBaseController.php(126): require('/var/www/test.l...')
#12 /var/www/test.loc/yii-1.1.21/web/CBaseController.php(95): CBaseController->renderInternal('/var/www/test.l...', Array, true)
#13 /var/www/test.loc/yii-1.1.21/web/CController.php(872): CBaseController->renderFile('/var/www/test.l...', Array, true)
#14 /var/www/test.loc/yii-1.1.21/web/CController.php(785): CController->renderPartial('index', Array, true)
#15 /var/www/test.loc/protected/controllers/PostController.php(168): CController->render('index', Array)
#16 /var/www/test.loc/yii-1.1.21/web/actions/CInlineAction.php(49): PostController->actionIndex()
#17 /var/www/test.loc/yii-1.1.21/web/CController.php(308): CInlineAction->runWithParams(Array)
#18 /var/www/test.loc/yii-1.1.21/web/filters/CFilterChain.php(134): CController->runAction(Object(CInlineAction))
#19 /var/www/test.loc/yii-1.1.21/web/filters/CFilter.php(40): CFilterChain->run()
#20 /var/www/test.loc/yii-1.1.21/web/CController.php(1148): CFilter->filter(Object(CFilterChain))
#21 /var/www/test.loc/yii-1.1.21/web/filters/CInlineFilter.php(58): CController->filterAccessControl(Object(CFilterChain))
#22 /var/www/test.loc/yii-1.1.21/web/filters/CFilterChain.php(131): CInlineFilter->filter(Object(CFilterChain))
#23 /var/www/test.loc/yii-1.1.21/web/CController.php(291): CFilterChain->run()
#24 /var/www/test.loc/yii-1.1.21/web/CController.php(265): CController->runActionWithFilters(Object(CInlineAction), Array)
#25 /var/www/test.loc/yii-1.1.21/web/CWebApplication.php(282): CController->run('index')
#26 /var/www/test.loc/yii-1.1.21/web/CWebApplication.php(141): CWebApplication->runController('post/index')
#27 /var/www/test.loc/yii-1.1.21/base/CApplication.php(185): CWebApplication->processRequest()
#28 /var/www/test.loc/index.php(13): CApplication->run()
#29 {main}
REQUEST_URI=/index.php/post/index
HTTP_REFERER=http://test.loc/index.php/post/view?id=3
---
2019/12/20 14:50:07 [error] [exception.CException] CException: Property "Post.status" is not defined. in /var/www/test.loc/yii-1.1.21/base/CComponent.php:130
Stack trace:
#0 /var/www/test.loc/yii-1.1.21/db/ar/CActiveRecord.php(145): CComponent->__get('status')
#1 /var/www/test.loc/yii-1.1.21/web/helpers/CHtml.php(2760): CActiveRecord->__get('status')
#2 /var/www/test.loc/yii-1.1.21/web/helpers/CHtml.php(1994): CHtml::resolveValue(Object(Post), 'status')
#3 /var/www/test.loc/yii-1.1.21/zii/widgets/grid/CDataColumn.php(102): CHtml::activeDropDownList(Object(Post), 'status', Array, Array)
#4 /var/www/test.loc/yii-1.1.21/zii/widgets/grid/CGridColumn.php(253): CDataColumn->getFilterCellContent()
#5 /var/www/test.loc/yii-1.1.21/zii/widgets/grid/CGridColumn.php(119): CGridColumn->renderFilterCellContent()
#6 /var/www/test.loc/yii-1.1.21/zii/widgets/grid/CGridView.php(539): CGridColumn->renderFilterCell()
#7 /var/www/test.loc/yii-1.1.21/zii/widgets/grid/CGridView.php(517): CGridView->renderFilter()
#8 /var/www/test.loc/yii-1.1.21/zii/widgets/grid/CGridView.php(487): CGridView->renderTableHeader()
#9 /var/www/test.loc/yii-1.1.21/zii/widgets/CBaseListView.php(181): CGridView->renderItems()
#10 [internal function]: CBaseListView->renderSection(Array)
#11 /var/www/test.loc/yii-1.1.21/zii/widgets/CBaseListView.php(164): preg_replace_callback('/{(\\w+)}/', Array, '{summary}\n{item...')
#12 /var/www/test.loc/yii-1.1.21/zii/widgets/CBaseListView.php(149): CBaseListView->renderContent()
#13 /var/www/test.loc/yii-1.1.21/web/CBaseController.php(182): CBaseListView->run()
#14 /var/www/test.loc/protected/views/post/admin.php(37): CBaseController->widget('zii.widgets.gri...', Array)
#15 /var/www/test.loc/yii-1.1.21/web/CBaseController.php(126): require('/var/www/test.l...')
#16 /var/www/test.loc/yii-1.1.21/web/CBaseController.php(95): CBaseController->renderInternal('/var/www/test.l...', Array, true)
#17 /var/www/test.loc/yii-1.1.21/web/CController.php(872): CBaseController->renderFile('/var/www/test.l...', Array, true)
#18 /var/www/test.loc/yii-1.1.21/web/CController.php(785): CController->renderPartial('admin', Array, true)
#19 /var/www/test.loc/protected/controllers/PostController.php(181): CController->render('admin', Array)
#20 /var/www/test.loc/yii-1.1.21/web/actions/CInlineAction.php(49): PostController->actionAdmin()
#21 /var/www/test.loc/yii-1.1.21/web/CController.php(308): CInlineAction->runWithParams(Array)
#22 /var/www/test.loc/yii-1.1.21/web/filters/CFilterChain.php(134): CController->runAction(Object(CInlineAction))
#23 /var/www/test.loc/yii-1.1.21/web/filters/CFilter.php(40): CFilterChain->run()
#24 /var/www/test.loc/yii-1.1.21/web/CController.php(1148): CFilter->filter(Object(CFilterChain))
#25 /var/www/test.loc/yii-1.1.21/web/filters/CInlineFilter.php(58): CController->filterAccessControl(Object(CFilterChain))
#26 /var/www/test.loc/yii-1.1.21/web/filters/CFilterChain.php(131): CInlineFilter->filter(Object(CFilterChain))
#27 /var/www/test.loc/yii-1.1.21/web/CController.php(291): CFilterChain->run()
#28 /var/www/test.loc/yii-1.1.21/web/CController.php(265): CController->runActionWithFilters(Object(CInlineAction), Array)
#29 /var/www/test.loc/yii-1.1.21/web/CWebApplication.php(282): CController->run('admin')
#30 /var/www/test.loc/yii-1.1.21/web/CWebApplication.php(141): CWebApplication->runController('post/admin')
#31 /var/www/test.loc/yii-1.1.21/base/CApplication.php(185): CWebApplication->processRequest()
#32 /var/www/test.loc/index.php(13): CApplication->run()
#33 {main}
REQUEST_URI=/index.php/post/admin
HTTP_REFERER=http://test.loc/index.php/post/create
---
2019/12/20 15:32:05 [error] [exception.CException] CException: Property "Post.status" is not defined. in /var/www/test.loc/yii-1.1.21/base/CComponent.php:130
Stack trace:
#0 /var/www/test.loc/yii-1.1.21/db/ar/CActiveRecord.php(145): CComponent->__get('status')
#1 /var/www/test.loc/yii-1.1.21/web/helpers/CHtml.php(2760): CActiveRecord->__get('status')
#2 /var/www/test.loc/yii-1.1.21/web/helpers/CHtml.php(1994): CHtml::resolveValue(Object(Post), 'status')
#3 /var/www/test.loc/yii-1.1.21/zii/widgets/grid/CDataColumn.php(102): CHtml::activeDropDownList(Object(Post), 'status', Array, Array)
#4 /var/www/test.loc/yii-1.1.21/zii/widgets/grid/CGridColumn.php(253): CDataColumn->getFilterCellContent()
#5 /var/www/test.loc/yii-1.1.21/zii/widgets/grid/CGridColumn.php(119): CGridColumn->renderFilterCellContent()
#6 /var/www/test.loc/yii-1.1.21/zii/widgets/grid/CGridView.php(539): CGridColumn->renderFilterCell()
#7 /var/www/test.loc/yii-1.1.21/zii/widgets/grid/CGridView.php(517): CGridView->renderFilter()
#8 /var/www/test.loc/yii-1.1.21/zii/widgets/grid/CGridView.php(487): CGridView->renderTableHeader()
#9 /var/www/test.loc/yii-1.1.21/zii/widgets/CBaseListView.php(181): CGridView->renderItems()
#10 [internal function]: CBaseListView->renderSection(Array)
#11 /var/www/test.loc/yii-1.1.21/zii/widgets/CBaseListView.php(164): preg_replace_callback('/{(\\w+)}/', Array, '{summary}\n{item...')
#12 /var/www/test.loc/yii-1.1.21/zii/widgets/CBaseListView.php(149): CBaseListView->renderContent()
#13 /var/www/test.loc/yii-1.1.21/web/CBaseController.php(182): CBaseListView->run()
#14 /var/www/test.loc/protected/views/post/admin.php(37): CBaseController->widget('zii.widgets.gri...', Array)
#15 /var/www/test.loc/yii-1.1.21/web/CBaseController.php(126): require('/var/www/test.l...')
#16 /var/www/test.loc/yii-1.1.21/web/CBaseController.php(95): CBaseController->renderInternal('/var/www/test.l...', Array, true)
#17 /var/www/test.loc/yii-1.1.21/web/CController.php(872): CBaseController->renderFile('/var/www/test.l...', Array, true)
#18 /var/www/test.loc/yii-1.1.21/web/CController.php(785): CController->renderPartial('admin', Array, true)
#19 /var/www/test.loc/protected/controllers/PostController.php(181): CController->render('admin', Array)
#20 /var/www/test.loc/yii-1.1.21/web/actions/CInlineAction.php(49): PostController->actionAdmin()
#21 /var/www/test.loc/yii-1.1.21/web/CController.php(308): CInlineAction->runWithParams(Array)
#22 /var/www/test.loc/yii-1.1.21/web/filters/CFilterChain.php(134): CController->runAction(Object(CInlineAction))
#23 /var/www/test.loc/yii-1.1.21/web/filters/CFilter.php(40): CFilterChain->run()
#24 /var/www/test.loc/yii-1.1.21/web/CController.php(1148): CFilter->filter(Object(CFilterChain))
#25 /var/www/test.loc/yii-1.1.21/web/filters/CInlineFilter.php(58): CController->filterAccessControl(Object(CFilterChain))
#26 /var/www/test.loc/yii-1.1.21/web/filters/CFilterChain.php(131): CInlineFilter->filter(Object(CFilterChain))
#27 /var/www/test.loc/yii-1.1.21/web/CController.php(291): CFilterChain->run()
#28 /var/www/test.loc/yii-1.1.21/web/CController.php(265): CController->runActionWithFilters(Object(CInlineAction), Array)
#29 /var/www/test.loc/yii-1.1.21/web/CWebApplication.php(282): CController->run('admin')
#30 /var/www/test.loc/yii-1.1.21/web/CWebApplication.php(141): CWebApplication->runController('post/admin')
#31 /var/www/test.loc/yii-1.1.21/base/CApplication.php(185): CWebApplication->processRequest()
#32 /var/www/test.loc/index.php(13): CApplication->run()
#33 {main}
REQUEST_URI=/index.php/post/admin
HTTP_REFERER=http://test.loc/index.php/post/index
---
2019/12/20 15:45:02 [error] [system.db.CDbCommand] CDbCommand::execute() failed: SQLSTATE[22003]: Numeric value out of range: 1264 Out of range value for column 'create_time' at row 1. The SQL statement executed was: INSERT INTO `tbl_post` (`title`, `content`, `create_time`, `update_time`, `author_id`) VALUES (:yp0, :yp1, :yp2, :yp3, :yp4). Bound with :yp0='dsf', :yp1='dsf', :yp2=11111111111, :yp3=11111111111, :yp4=1.
in /var/www/test.loc/protected/controllers/PostController.php (73)
in /var/www/test.loc/index.php (13)
2019/12/20 15:45:02 [error] [exception.CDbException] CDbException: CDbCommand failed to execute the SQL statement: SQLSTATE[22003]: Numeric value out of range: 1264 Out of range value for column 'create_time' at row 1. The SQL statement executed was: INSERT INTO `tbl_post` (`title`, `content`, `create_time`, `update_time`, `author_id`) VALUES (:yp0, :yp1, :yp2, :yp3, :yp4). Bound with :yp0='dsf', :yp1='dsf', :yp2=11111111111, :yp3=11111111111, :yp4=1 in /var/www/test.loc/yii-1.1.21/db/CDbCommand.php:358
Stack trace:
#0 /var/www/test.loc/yii-1.1.21/db/ar/CActiveRecord.php(1083): CDbCommand->execute()
#1 /var/www/test.loc/yii-1.1.21/db/ar/CActiveRecord.php(811): CActiveRecord->insert(NULL)
#2 /var/www/test.loc/protected/controllers/PostController.php(73): CActiveRecord->save()
#3 /var/www/test.loc/yii-1.1.21/web/actions/CInlineAction.php(49): PostController->actionCreate()
#4 /var/www/test.loc/yii-1.1.21/web/CController.php(308): CInlineAction->runWithParams(Array)
#5 /var/www/test.loc/yii-1.1.21/web/filters/CFilterChain.php(134): CController->runAction(Object(CInlineAction))
#6 /var/www/test.loc/yii-1.1.21/web/filters/CFilter.php(40): CFilterChain->run()
#7 /var/www/test.loc/yii-1.1.21/web/CController.php(1148): CFilter->filter(Object(CFilterChain))
#8 /var/www/test.loc/yii-1.1.21/web/filters/CInlineFilter.php(58): CController->filterAccessControl(Object(CFilterChain))
#9 /var/www/test.loc/yii-1.1.21/web/filters/CFilterChain.php(131): CInlineFilter->filter(Object(CFilterChain))
#10 /var/www/test.loc/yii-1.1.21/web/CController.php(291): CFilterChain->run()
#11 /var/www/test.loc/yii-1.1.21/web/CController.php(265): CController->runActionWithFilters(Object(CInlineAction), Array)
#12 /var/www/test.loc/yii-1.1.21/web/CWebApplication.php(282): CController->run('create')
#13 /var/www/test.loc/yii-1.1.21/web/CWebApplication.php(141): CWebApplication->runController('post/create')
#14 /var/www/test.loc/yii-1.1.21/base/CApplication.php(185): CWebApplication->processRequest()
#15 /var/www/test.loc/index.php(13): CApplication->run()
#16 {main}
REQUEST_URI=/index.php/post/create
HTTP_REFERER=http://test.loc/index.php/post/create
---
2019/12/20 16:36:12 [error] [exception.CHttpException.404] CHttpException: Unable to resolve the request "create user". in /var/www/test.loc/yii-1.1.21/web/CWebApplication.php:286
Stack trace:
#0 /var/www/test.loc/yii-1.1.21/web/CWebApplication.php(141): CWebApplication->runController('create user')
#1 /var/www/test.loc/yii-1.1.21/base/CApplication.php(185): CWebApplication->processRequest()
#2 /var/www/test.loc/index.php(13): CApplication->run()
#3 {main}
REQUEST_URI=/index.php/create%20user
---
2019/12/20 16:36:21 [error] [exception.CHttpException.404] CHttpException: Unable to resolve the request "create/user". in /var/www/test.loc/yii-1.1.21/web/CWebApplication.php:286
Stack trace:
#0 /var/www/test.loc/yii-1.1.21/web/CWebApplication.php(141): CWebApplication->runController('create/user')
#1 /var/www/test.loc/yii-1.1.21/base/CApplication.php(185): CWebApplication->processRequest()
#2 /var/www/test.loc/index.php(13): CApplication->run()
#3 {main}
REQUEST_URI=/index.php/create/user
---
2019/12/23 11:55:39 [error] [exception.ParseError] ParseError: syntax error, unexpected '=>' (T_DOUBLE_ARROW), expecting ',' or ')' in /var/www/test.loc/protected/views/site/login.php:47
Stack trace:
#0 /var/www/test.loc/yii-1.1.21/web/CBaseController.php(95): CBaseController->renderInternal('/var/www/test.l...', Array, true)
#1 /var/www/test.loc/yii-1.1.21/web/CController.php(872): CBaseController->renderFile('/var/www/test.l...', Array, true)
#2 /var/www/test.loc/yii-1.1.21/web/CController.php(785): CController->renderPartial('login', Array, true)
#3 /var/www/test.loc/protected/controllers/SiteController.php(101): CController->render('login', Array)
#4 /var/www/test.loc/yii-1.1.21/web/actions/CInlineAction.php(49): SiteController->actionLogin()
#5 /var/www/test.loc/yii-1.1.21/web/CController.php(308): CInlineAction->runWithParams(Array)
#6 /var/www/test.loc/yii-1.1.21/web/CController.php(286): CController->runAction(Object(CInlineAction))
#7 /var/www/test.loc/yii-1.1.21/web/CController.php(265): CController->runActionWithFilters(Object(CInlineAction), Array)
#8 /var/www/test.loc/yii-1.1.21/web/CWebApplication.php(282): CController->run('login')
#9 /var/www/test.loc/yii-1.1.21/web/CWebApplication.php(141): CWebApplication->runController('site/login')
#10 /var/www/test.loc/yii-1.1.21/base/CApplication.php(185): CWebApplication->processRequest()
#11 /var/www/test.loc/index.php(13): CApplication->run()
#12 {main}
REQUEST_URI=/index.php/site/login
HTTP_REFERER=http://test.loc/index.php/post/index
---
2019/12/23 12:35:32 [error] [exception.Error] Error: Class 'registerForm' not found in /var/www/test.loc/protected/controllers/SiteController.php:116
Stack trace:
#0 /var/www/test.loc/yii-1.1.21/web/actions/CInlineAction.php(49): SiteController->actionRegister()
#1 /var/www/test.loc/yii-1.1.21/web/CController.php(308): CInlineAction->runWithParams(Array)
#2 /var/www/test.loc/yii-1.1.21/web/CController.php(286): CController->runAction(Object(CInlineAction))
#3 /var/www/test.loc/yii-1.1.21/web/CController.php(265): CController->runActionWithFilters(Object(CInlineAction), Array)
#4 /var/www/test.loc/yii-1.1.21/web/CWebApplication.php(282): CController->run('register')
#5 /var/www/test.loc/yii-1.1.21/web/CWebApplication.php(141): CWebApplication->runController('site/register')
#6 /var/www/test.loc/yii-1.1.21/base/CApplication.php(185): CWebApplication->processRequest()
#7 /var/www/test.loc/index.php(13): CApplication->run()
#8 {main}
REQUEST_URI=/index.php/site/register
HTTP_REFERER=http://test.loc/index.php/site/index
---
2019/12/23 12:38:52 [error] [exception.ArgumentCountError] ArgumentCountError: Too few arguments to function RegisterForm::register(), 0 passed in /var/www/test.loc/protected/controllers/SiteController.php on line 121 and exactly 1 expected in /var/www/test.loc/protected/models/RegisterForm.php:15
Stack trace:
#0 /var/www/test.loc/protected/controllers/SiteController.php(121): RegisterForm->register()
#1 /var/www/test.loc/yii-1.1.21/web/actions/CInlineAction.php(49): SiteController->actionRegister()
#2 /var/www/test.loc/yii-1.1.21/web/CController.php(308): CInlineAction->runWithParams(Array)
#3 /var/www/test.loc/yii-1.1.21/web/CController.php(286): CController->runAction(Object(CInlineAction))
#4 /var/www/test.loc/yii-1.1.21/web/CController.php(265): CController->runActionWithFilters(Object(CInlineAction), Array)
#5 /var/www/test.loc/yii-1.1.21/web/CWebApplication.php(282): CController->run('register')
#6 /var/www/test.loc/yii-1.1.21/web/CWebApplication.php(141): CWebApplication->runController('site/register')
#7 /var/www/test.loc/yii-1.1.21/base/CApplication.php(185): CWebApplication->processRequest()
#8 /var/www/test.loc/index.php(13): CApplication->run()
#9 {main}
REQUEST_URI=/index.php/site/register
HTTP_REFERER=http://test.loc/index.php/site/register
---
2019/12/23 12:41:37 [error] [exception.ArgumentCountError] ArgumentCountError: Too few arguments to function RegisterForm::register(), 0 passed in /var/www/test.loc/protected/controllers/SiteController.php on line 121 and exactly 1 expected in /var/www/test.loc/protected/models/RegisterForm.php:15
Stack trace:
#0 /var/www/test.loc/protected/controllers/SiteController.php(121): RegisterForm->register()
#1 /var/www/test.loc/yii-1.1.21/web/actions/CInlineAction.php(49): SiteController->actionRegister()
#2 /var/www/test.loc/yii-1.1.21/web/CController.php(308): CInlineAction->runWithParams(Array)
#3 /var/www/test.loc/yii-1.1.21/web/CController.php(286): CController->runAction(Object(CInlineAction))
#4 /var/www/test.loc/yii-1.1.21/web/CController.php(265): CController->runActionWithFilters(Object(CInlineAction), Array)
#5 /var/www/test.loc/yii-1.1.21/web/CWebApplication.php(282): CController->run('register')
#6 /var/www/test.loc/yii-1.1.21/web/CWebApplication.php(141): CWebApplication->runController('site/register')
#7 /var/www/test.loc/yii-1.1.21/base/CApplication.php(185): CWebApplication->processRequest()
#8 /var/www/test.loc/index.php(13): CApplication->run()
#9 {main}
REQUEST_URI=/index.php/site/register
HTTP_REFERER=http://test.loc/index.php/site/register
---
2019/12/23 12:41:45 [error] [exception.ArgumentCountError] ArgumentCountError: Too few arguments to function RegisterForm::register(), 0 passed in /var/www/test.loc/protected/controllers/SiteController.php on line 121 and exactly 1 expected in /var/www/test.loc/protected/models/RegisterForm.php:15
Stack trace:
#0 /var/www/test.loc/protected/controllers/SiteController.php(121): RegisterForm->register()
#1 /var/www/test.loc/yii-1.1.21/web/actions/CInlineAction.php(49): SiteController->actionRegister()
#2 /var/www/test.loc/yii-1.1.21/web/CController.php(308): CInlineAction->runWithParams(Array)
#3 /var/www/test.loc/yii-1.1.21/web/CController.php(286): CController->runAction(Object(CInlineAction))
#4 /var/www/test.loc/yii-1.1.21/web/CController.php(265): CController->runActionWithFilters(Object(CInlineAction), Array)
#5 /var/www/test.loc/yii-1.1.21/web/CWebApplication.php(282): CController->run('register')
#6 /var/www/test.loc/yii-1.1.21/web/CWebApplication.php(141): CWebApplication->runController('site/register')
#7 /var/www/test.loc/yii-1.1.21/base/CApplication.php(185): CWebApplication->processRequest()
#8 /var/www/test.loc/index.php(13): CApplication->run()
#9 {main}
REQUEST_URI=/index.php/site/register
HTTP_REFERER=http://test.loc/index.php/site/register
---
2019/12/23 12:52:38 [error] [exception.ArgumentCountError] ArgumentCountError: Too few arguments to function RegisterForm::register(), 0 passed in /var/www/test.loc/protected/controllers/SiteController.php on line 121 and exactly 1 expected in /var/www/test.loc/protected/models/RegisterForm.php:15
Stack trace:
#0 /var/www/test.loc/protected/controllers/SiteController.php(121): RegisterForm->register()
#1 /var/www/test.loc/yii-1.1.21/web/actions/CInlineAction.php(49): SiteController->actionRegister()
#2 /var/www/test.loc/yii-1.1.21/web/CController.php(308): CInlineAction->runWithParams(Array)
#3 /var/www/test.loc/yii-1.1.21/web/CController.php(286): CController->runAction(Object(CInlineAction))
#4 /var/www/test.loc/yii-1.1.21/web/CController.php(265): CController->runActionWithFilters(Object(CInlineAction), Array)
#5 /var/www/test.loc/yii-1.1.21/web/CWebApplication.php(282): CController->run('register')
#6 /var/www/test.loc/yii-1.1.21/web/CWebApplication.php(141): CWebApplication->runController('site/register')
#7 /var/www/test.loc/yii-1.1.21/base/CApplication.php(185): CWebApplication->processRequest()
#8 /var/www/test.loc/index.php(13): CApplication->run()
#9 {main}
REQUEST_URI=/index.php/site/register
HTTP_REFERER=http://test.loc/index.php/site/register
---
2019/12/23 16:29:08 [error] [exception.CException] CException: User and its behaviors do not have a method or closure named "validatePassword". in /var/www/test.loc/yii-1.1.21/base/CComponent.php:266
Stack trace:
#0 /var/www/test.loc/yii-1.1.21/db/ar/CActiveRecord.php(229): CComponent->__call('validatePasswor...', Array)
#1 /var/www/test.loc/protected/components/UserIdentity.php(18): CActiveRecord->__call('validatePasswor...', Array)
#2 /var/www/test.loc/protected/models/LoginForm.php(54): UserIdentity->authenticate()
#3 /var/www/test.loc/yii-1.1.21/validators/CInlineValidator.php(42): LoginForm->authenticate('password', Array)
#4 /var/www/test.loc/yii-1.1.21/validators/CValidator.php(201): CInlineValidator->validateAttribute(Object(LoginForm), 'password')
#5 /var/www/test.loc/yii-1.1.21/base/CModel.php(159): CValidator->validate(Object(LoginForm), Array)
#6 /var/www/test.loc/protected/controllers/SiteController.php(96): CModel->validate()
#7 /var/www/test.loc/yii-1.1.21/web/actions/CInlineAction.php(49): SiteController->actionLogin()
#8 /var/www/test.loc/yii-1.1.21/web/CController.php(308): CInlineAction->runWithParams(Array)
#9 /var/www/test.loc/yii-1.1.21/web/CController.php(286): CController->runAction(Object(CInlineAction))
#10 /var/www/test.loc/yii-1.1.21/web/CController.php(265): CController->runActionWithFilters(Object(CInlineAction), Array)
#11 /var/www/test.loc/yii-1.1.21/web/CWebApplication.php(282): CController->run('login')
#12 /var/www/test.loc/yii-1.1.21/web/CWebApplication.php(141): CWebApplication->runController('site/login')
#13 /var/www/test.loc/yii-1.1.21/base/CApplication.php(185): CWebApplication->processRequest()
#14 /var/www/test.loc/index.php(13): CApplication->run()
#15 {main}
REQUEST_URI=/index.php/site/login
HTTP_REFERER=http://test.loc/index.php/site/login
---
2019/12/23 16:29:27 [error] [exception.CException] CException: User and its behaviors do not have a method or closure named "validatePassword". in /var/www/test.loc/yii-1.1.21/base/CComponent.php:266
Stack trace:
#0 /var/www/test.loc/yii-1.1.21/db/ar/CActiveRecord.php(229): CComponent->__call('validatePasswor...', Array)
#1 /var/www/test.loc/protected/components/UserIdentity.php(18): CActiveRecord->__call('validatePasswor...', Array)
#2 /var/www/test.loc/protected/models/LoginForm.php(54): UserIdentity->authenticate()
#3 /var/www/test.loc/yii-1.1.21/validators/CInlineValidator.php(42): LoginForm->authenticate('password', Array)
#4 /var/www/test.loc/yii-1.1.21/validators/CValidator.php(201): CInlineValidator->validateAttribute(Object(LoginForm), 'password')
#5 /var/www/test.loc/yii-1.1.21/base/CModel.php(159): CValidator->validate(Object(LoginForm), Array)
#6 /var/www/test.loc/protected/controllers/SiteController.php(96): CModel->validate()
#7 /var/www/test.loc/yii-1.1.21/web/actions/CInlineAction.php(49): SiteController->actionLogin()
#8 /var/www/test.loc/yii-1.1.21/web/CController.php(308): CInlineAction->runWithParams(Array)
#9 /var/www/test.loc/yii-1.1.21/web/CController.php(286): CController->runAction(Object(CInlineAction))
#10 /var/www/test.loc/yii-1.1.21/web/CController.php(265): CController->runActionWithFilters(Object(CInlineAction), Array)
#11 /var/www/test.loc/yii-1.1.21/web/CWebApplication.php(282): CController->run('login')
#12 /var/www/test.loc/yii-1.1.21/web/CWebApplication.php(141): CWebApplication->runController('site/login')
#13 /var/www/test.loc/yii-1.1.21/base/CApplication.php(185): CWebApplication->processRequest()
#14 /var/www/test.loc/index.php(13): CApplication->run()
#15 {main}
REQUEST_URI=/index.php/site/login
HTTP_REFERER=http://test.loc/index.php/site/login
---
2019/12/23 16:30:40 [error] [exception.ParseError] ParseError: syntax error, unexpected '->' (T_OBJECT_OPERATOR) in /var/www/test.loc/protected/controllers/SiteController.php:31
Stack trace:
#0 /var/www/test.loc/yii-1.1.21/web/CWebApplication.php(276): CWebApplication->createController('index/')
#1 /var/www/test.loc/yii-1.1.21/web/CWebApplication.php(141): CWebApplication->runController('site/index')
#2 /var/www/test.loc/yii-1.1.21/base/CApplication.php(185): CWebApplication->processRequest()
#3 /var/www/test.loc/index.php(13): CApplication->run()
#4 {main}
REQUEST_URI=/index.php/site/index
HTTP_REFERER=http://test.loc/index.php/site/login
---
2019/12/23 16:31:03 [error] [exception.ParseError] ParseError: syntax error, unexpected '->' (T_OBJECT_OPERATOR) in /var/www/test.loc/protected/controllers/SiteController.php:31
Stack trace:
#0 /var/www/test.loc/yii-1.1.21/web/CWebApplication.php(276): CWebApplication->createController('index/')
#1 /var/www/test.loc/yii-1.1.21/web/CWebApplication.php(141): CWebApplication->runController('site/index')
#2 /var/www/test.loc/yii-1.1.21/base/CApplication.php(185): CWebApplication->processRequest()
#3 /var/www/test.loc/index.php(13): CApplication->run()
#4 {main}
REQUEST_URI=/index.php/site/index
HTTP_REFERER=http://test.loc/index.php/site/login
---
